Added Component: Designator=Cbst(1005)
Added Component: Designator=Ccomp2(01005)
Added Component: Designator=Ccomp(0201)
Added Component: Designator=Cin2(0402)
Added Component: Designator=Cin_2(0603)
Added Component: Designator=Cin(0603)
Added Component: Designator=Cout(1206)
Added Component: Designator=Css(0402)
Added Component: Designator=Cvcc(1608)
Added Component: Designator=D1(SMC)
Added Component: Designator=D2(SMC)
Added Component: Designator=D3(SMC)
Added Component: Designator=D4(SMC)
Added Component: Designator=D5(SMC)
Added Component: Designator=D6(SMC)
Added Component: Designator=D7(SMC)
Added Component: Designator=D8(SMC)
Added Component: Designator=L1(XAL4020)
Added Component: Designator=Q1(TO-226-AA)
Added Component: Designator=Q2(TO-226-AA)
Added Component: Designator=Q3(TO-226-AA)
Added Component: Designator=Q4(TO-226-AA)
Added Component: Designator=R1(0402)
Added Component: Designator=R2(0402)
Added Component: Designator=R3(0402)
Added Component: Designator=R4(0402)
Added Component: Designator=Rcomp(0402)
Added Component: Designator=Rfbb(0603)
Added Component: Designator=Rfbt(0402)
Added Component: Designator=Rlim(1206)
Added Component: Designator=Rt(1206)
Added Component: Designator=SolenoidConnector(Solenoid)
Added Component: Designator=U1(RHL0020A)
Added Pin To Net: NetName=+12V Pin=D1-2
Added Pin To Net: NetName=+12V Pin=D2-2
Added Pin To Net: NetName=+12V Pin=D3-2
Added Pin To Net: NetName=+12V Pin=D4-2
Added Net: Name=+12V
Added Pin To Net: NetName=BAT_GOM Pin=Cin2-1
Added Pin To Net: NetName=BAT_GOM Pin=Cin-1
Added Pin To Net: NetName=BAT_GOM Pin=Cin_2-1
Added Pin To Net: NetName=BAT_GOM Pin=L1-1
Added Pin To Net: NetName=BAT_GOM Pin=U1-9
Added Net: Name=BAT_GOM
Added Pin To Net: NetName=C0 Pin=D5-1
Added Net: Name=C0
Added Pin To Net: NetName=C1 Pin=D6-1
Added Net: Name=C1
Added Pin To Net: NetName=C2 Pin=D7-1
Added Net: Name=C2
Added Pin To Net: NetName=C3 Pin=D8-1
Added Net: Name=C3
Added Pin To Net: NetName=DGND Pin=Q1-3
Added Pin To Net: NetName=DGND Pin=Q2-3
Added Pin To Net: NetName=DGND Pin=Q3-3
Added Pin To Net: NetName=DGND Pin=Q4-3
Added Net: Name=DGND
Added Pin To Net: NetName=NetCbst_1 Pin=Cbst-1
Added Pin To Net: NetName=NetCbst_1 Pin=L1-2
Added Pin To Net: NetName=NetCbst_1 Pin=Rt-1
Added Pin To Net: NetName=NetCbst_1 Pin=U1-4
Added Pin To Net: NetName=NetCbst_1 Pin=U1-5
Added Pin To Net: NetName=NetCbst_1 Pin=U1-6
Added Pin To Net: NetName=NetCbst_1 Pin=U1-7
Added Net: Name=NetCbst_1
Added Pin To Net: NetName=NetCbst_2 Pin=Cbst-2
Added Pin To Net: NetName=NetCbst_2 Pin=U1-8
Added Net: Name=NetCbst_2
Added Pin To Net: NetName=NetCcomp2_2 Pin=Ccomp2-2
Added Pin To Net: NetName=NetCcomp2_2 Pin=Rcomp-1
Added Pin To Net: NetName=NetCcomp2_2 Pin=U1-18
Added Net: Name=NetCcomp2_2
Added Pin To Net: NetName=NetCcomp_1 Pin=Ccomp-1
Added Pin To Net: NetName=NetCcomp_1 Pin=Rcomp-2
Added Net: Name=NetCcomp_1
Added Pin To Net: NetName=NetCss_2 Pin=Css-2
Added Pin To Net: NetName=NetCss_2 Pin=U1-10
Added Net: Name=NetCss_2
Added Pin To Net: NetName=NetCvcc_2 Pin=Cvcc-2
Added Pin To Net: NetName=NetCvcc_2 Pin=U1-1
Added Pin To Net: NetName=NetCvcc_2 Pin=U1-2
Added Net: Name=NetCvcc_2
Added Pin To Net: NetName=NetD1_1 Pin=D1-1
Added Pin To Net: NetName=NetD1_1 Pin=Q1-1
Added Net: Name=NetD1_1
Added Pin To Net: NetName=NetD2_1 Pin=D2-1
Added Pin To Net: NetName=NetD2_1 Pin=Q2-1
Added Net: Name=NetD2_1
Added Pin To Net: NetName=NetD3_1 Pin=D3-1
Added Pin To Net: NetName=NetD3_1 Pin=Q3-1
Added Net: Name=NetD3_1
Added Pin To Net: NetName=NetD4_1 Pin=D4-1
Added Pin To Net: NetName=NetD4_1 Pin=Q4-1
Added Net: Name=NetD4_1
Added Pin To Net: NetName=NetD5_2 Pin=D5-2
Added Pin To Net: NetName=NetD5_2 Pin=R1-1
Added Net: Name=NetD5_2
Added Pin To Net: NetName=NetD6_2 Pin=D6-2
Added Pin To Net: NetName=NetD6_2 Pin=R2-1
Added Net: Name=NetD6_2
Added Pin To Net: NetName=NetD7_2 Pin=D7-2
Added Pin To Net: NetName=NetD7_2 Pin=R3-1
Added Net: Name=NetD7_2
Added Pin To Net: NetName=NetD8_2 Pin=D8-2
Added Pin To Net: NetName=NetD8_2 Pin=R4-1
Added Net: Name=NetD8_2
Added Pin To Net: NetName=NetQ1_2 Pin=Q1-2
Added Pin To Net: NetName=NetQ1_2 Pin=R1-2
Added Net: Name=NetQ1_2
Added Pin To Net: NetName=NetQ2_2 Pin=Q2-2
Added Pin To Net: NetName=NetQ2_2 Pin=R2-2
Added Net: Name=NetQ2_2
Added Pin To Net: NetName=NetQ3_2 Pin=Q3-2
Added Pin To Net: NetName=NetQ3_2 Pin=R3-2
Added Net: Name=NetQ3_2
Added Pin To Net: NetName=NetQ4_2 Pin=Q4-2
Added Pin To Net: NetName=NetQ4_2 Pin=R4-2
Added Net: Name=NetQ4_2
Added Pin To Net: NetName=NetRfbb_1 Pin=Rfbb-1
Added Pin To Net: NetName=NetRfbb_1 Pin=Rfbt-2
Added Pin To Net: NetName=NetRfbb_1 Pin=U1-17
Added Net: Name=NetRfbb_1
Added Pin To Net: NetName=NetRlim_1 Pin=Rlim-1
Added Pin To Net: NetName=NetRlim_1 Pin=U1-19
Added Net: Name=NetRlim_1
Added Pin To Net: NetName=NetRt_2 Pin=Rt-2
Added Pin To Net: NetName=NetRt_2 Pin=U1-3
Added Net: Name=NetRt_2
Added Pin To Net: NetName=POWER_GND Pin=Ccomp2-1
Added Pin To Net: NetName=POWER_GND Pin=Ccomp-2
Added Pin To Net: NetName=POWER_GND Pin=Cin2-2
Added Pin To Net: NetName=POWER_GND Pin=Cin-2
Added Pin To Net: NetName=POWER_GND Pin=Cin_2-2
Added Pin To Net: NetName=POWER_GND Pin=Cout-2
Added Pin To Net: NetName=POWER_GND Pin=Css-1
Added Pin To Net: NetName=POWER_GND Pin=Cvcc-1
Added Pin To Net: NetName=POWER_GND Pin=Rfbb-2
Added Pin To Net: NetName=POWER_GND Pin=Rlim-2
Added Pin To Net: NetName=POWER_GND Pin=U1-11
Added Pin To Net: NetName=POWER_GND Pin=U1-12
Added Pin To Net: NetName=POWER_GND Pin=U1-13
Added Pin To Net: NetName=POWER_GND Pin=U1-20
Added Pin To Net: NetName=POWER_GND Pin=U1-21
Added Net: Name=POWER_GND
Added Class: Name=SolSwitch
Added Class: Name=SolSwitch_StructureClass
Added Member To Class: ClassName=BoostConverter Member=Component Cbst C1005X5R1A104K
Added Member To Class: ClassName=BoostConverter Member=Component Ccomp2 CL02C100JO2ANNC
Added Member To Class: ClassName=BoostConverter Member=Component Ccomp 02013A220GAT2A
Added Member To Class: ClassName=BoostConverter Member=Component Cin2 GRM155R61C104KA8
Added Member To Class: ClassName=BoostConverter Member=Component Cin_2 GRM188R61C106MA7
Added Member To Class: ClassName=BoostConverter Member=Component Cin GRM188R61C106MA7
Added Member To Class: ClassName=BoostConverter Member=Component Cout C3216X5R1E226M
Added Member To Class: ClassName=BoostConverter Member=Component Css GRM155R71C822KA0
Added Member To Class: ClassName=BoostConverter Member=Component Cvcc C1608X5R1A105K
Added Member To Class: ClassName=BoostConverter Member=Component L1 XAL4020-601MEB
Added Member To Class: ClassName=BoostConverter Member=Component Rcomp CRCW040249K9FKED
Added Member To Class: ClassName=BoostConverter Member=Component Rfbb RC0603FR-0782KL
Added Member To Class: ClassName=BoostConverter Member=Component Rfbt CRCW0402732KFKED
Added Member To Class: ClassName=BoostConverter Member=Component Rlim ERJ-8ENF1133V
Added Member To Class: ClassName=BoostConverter Member=Component Rt RC1206FR-0782KL
Added Member To Class: ClassName=BoostConverter Member=Component U1 TPS61088RHLR
Added Member To Structure Class: ClassName=TopV4_StructureClass Member=SolSwitch_StructureClass
Added Room: Name=BoostConverter
Added Room: Name=SolSwitch
