Added Component: Designator=Cbst_2(0402)
Added Component: Designator=Cbst(0402)
Added Component: Designator=Ccomp2_2(0805)
Added Component: Designator=Ccomp2(0805)
Added Component: Designator=Ccomp_2(0805)
Added Component: Designator=Ccomp(0805)
Added Component: Designator=Cin2_2(0402)
Added Component: Designator=Cin2(0402)
Added Component: Designator=Cin_2(1210_280)
Added Component: Designator=Cin(1210_280)
Added Component: Designator=Cout_2(1206_190)
Added Component: Designator=Cout(1206_190)
Added Component: Designator=Css_2(0201)
Added Component: Designator=Css(0201)
Added Component: Designator=Cvcc_2(0603)
Added Component: Designator=Cvcc(0603)
Added Component: Designator=L1_2(SRP6540)
Added Component: Designator=L1(SRP6540)
Added Component: Designator=Rcomp_2(0402)
Added Component: Designator=Rcomp(0402)
Added Component: Designator=Rfbb_2(0603)
Added Component: Designator=Rfbb(0603)
Added Component: Designator=Rfbt_2(0402)
Added Component: Designator=Rfbt(0402)
Added Component: Designator=Rlim_2(1206)
Added Component: Designator=Rlim(1206)
Added Component: Designator=Rt_2(1206)
Added Component: Designator=Rt(1206)
Added Component: Designator=U1(RHL0020A)
Added Component: Designator=U2(RHL0020A)
Added Pin To Net: NetName=+5V_1 Pin=PC-104-H2_25
Added Pin To Net: NetName=+5V_1 Pin=XACT-A9
Added Pin To Net: NetName=+5V_1 Pin=XACT-A25
Added Net: Name=+5V_1
Added Pin To Net: NetName=+5V_2 Pin=Docking-A8
Added Pin To Net: NetName=+5V_2 Pin=Docking-A9
Added Pin To Net: NetName=+5V_2 Pin=PC-104-H2_26
Added Net: Name=+5V_2
Added Pin To Net: NetName=+5V_3 Pin=PC-104-H1_47
Added Pin To Net: NetName=+5V_3 Pin=PIKSI_UARTA-4
Added Net: Name=+5V_3
Added Pin To Net: NetName=+5V_4 Pin=PC-104-H1_48
Added Net: Name=+5V_4
Added Pin To Net: NetName=+12V_1 Pin=Cout-1
Added Pin To Net: NetName=+12V_1 Pin=Docking-A4
Added Pin To Net: NetName=+12V_1 Pin=Docking-A5
Added Pin To Net: NetName=+12V_1 Pin=Rfbt-1
Added Pin To Net: NetName=+12V_1 Pin=U1-14
Added Pin To Net: NetName=+12V_1 Pin=U1-15
Added Pin To Net: NetName=+12V_1 Pin=U1-16
Added Pin To Net: NetName=+12V_1 Pin=XACT-A15
Added Pin To Net: NetName=+12V_1 Pin=XACT-A31
Added Net: Name=+12V_1
Added Pin To Net: NetName=+12V_2 Pin=Cout_2-1
Added Pin To Net: NetName=+12V_2 Pin=D1-2
Added Pin To Net: NetName=+12V_2 Pin=D2-2
Added Pin To Net: NetName=+12V_2 Pin=D3-2
Added Pin To Net: NetName=+12V_2 Pin=D4-2
Added Pin To Net: NetName=+12V_2 Pin=Rfbt_2-1
Added Pin To Net: NetName=+12V_2 Pin=SolenoidConnector-A1
Added Pin To Net: NetName=+12V_2 Pin=SolenoidConnector-A3
Added Pin To Net: NetName=+12V_2 Pin=SolenoidConnector-A5
Added Pin To Net: NetName=+12V_2 Pin=SolenoidConnector-A7
Added Pin To Net: NetName=+12V_2 Pin=U2-14
Added Pin To Net: NetName=+12V_2 Pin=U2-15
Added Pin To Net: NetName=+12V_2 Pin=U2-16
Added Net: Name=+12V_2
Added Pin To Net: NetName=3V3_2 Pin=PC-104-H2_28
Added Pin To Net: NetName=3V3_2 Pin=PressureCon-2
Added Net: Name=3V3_2
Added Pin To Net: NetName=ANALOGGND Pin=PAmp-6
Added Pin To Net: NetName=ANALOGGND Pin=PC-104-H2_31
Added Net: Name=ANALOGGND
Added Pin To Net: NetName=BAT_CHARGE Pin=Barrel Jack-1
Added Pin To Net: NetName=BAT_CHARGE Pin=Barrel Jack-1A
Added Pin To Net: NetName=BAT_CHARGE Pin=Barrel Jack-1B
Added Pin To Net: NetName=BAT_CHARGE Pin=PC-104-H1_32
Added Net: Name=BAT_CHARGE
Added Pin To Net: NetName=C0 Pin=PC-104-H2_13
Added Pin To Net: NetName=C0 Pin=R1-1
Added Pin To Net: NetName=C0 Pin=R7-1
Added Net: Name=C0
Added Pin To Net: NetName=C1 Pin=PC-104-H2_14
Added Pin To Net: NetName=C1 Pin=R2-1
Added Pin To Net: NetName=C1 Pin=R8-1
Added Net: Name=C1
Added Pin To Net: NetName=C2 Pin=PC-104-H2_15
Added Pin To Net: NetName=C2 Pin=R3-1
Added Pin To Net: NetName=C2 Pin=R9-1
Added Net: Name=C2
Added Pin To Net: NetName=C3 Pin=PC-104-H2_16
Added Net: Name=C3
Added Pin To Net: NetName=GOM_GND_1 Pin=Ccomp2-2
Added Pin To Net: NetName=GOM_GND_1 Pin=Ccomp-2
Added Pin To Net: NetName=GOM_GND_1 Pin=Cin2-2
Added Pin To Net: NetName=GOM_GND_1 Pin=Cin-2
Added Pin To Net: NetName=GOM_GND_1 Pin=Cout-2
Added Pin To Net: NetName=GOM_GND_1 Pin=Css-2
Added Pin To Net: NetName=GOM_GND_1 Pin=Cvcc-2
Added Pin To Net: NetName=GOM_GND_1 Pin=Docking-A6
Added Pin To Net: NetName=GOM_GND_1 Pin=Docking-A7
Added Pin To Net: NetName=GOM_GND_1 Pin=PC-104-H2_29
Added Pin To Net: NetName=GOM_GND_1 Pin=Rfbb-2
Added Pin To Net: NetName=GOM_GND_1 Pin=Rlim-2
Added Pin To Net: NetName=GOM_GND_1 Pin=U1-11
Added Pin To Net: NetName=GOM_GND_1 Pin=U1-12
Added Pin To Net: NetName=GOM_GND_1 Pin=U1-13
Added Pin To Net: NetName=GOM_GND_1 Pin=U1-20
Added Pin To Net: NetName=GOM_GND_1 Pin=U1-21
Added Pin To Net: NetName=GOM_GND_1 Pin=XACT-A4
Added Pin To Net: NetName=GOM_GND_1 Pin=XACT-A10
Added Pin To Net: NetName=GOM_GND_1 Pin=XACT-A14
Added Pin To Net: NetName=GOM_GND_1 Pin=XACT-A20
Added Pin To Net: NetName=GOM_GND_1 Pin=XACT-A26
Added Pin To Net: NetName=GOM_GND_1 Pin=XACT-A30
Added Net: Name=GOM_GND_1
Added Pin To Net: NetName=GOM_GND_2 Pin=Barrel Jack-2
Added Pin To Net: NetName=GOM_GND_2 Pin=Barrel Jack-2A
Added Pin To Net: NetName=GOM_GND_2 Pin=Barrel Jack-2B
Added Pin To Net: NetName=GOM_GND_2 Pin=Barrel Jack-3
Added Pin To Net: NetName=GOM_GND_2 Pin=Barrel Jack-3A
Added Pin To Net: NetName=GOM_GND_2 Pin=Barrel Jack-3B
Added Pin To Net: NetName=GOM_GND_2 Pin=Ccomp2_2-2
Added Pin To Net: NetName=GOM_GND_2 Pin=Ccomp_2-2
Added Pin To Net: NetName=GOM_GND_2 Pin=Cin2_2-2
Added Pin To Net: NetName=GOM_GND_2 Pin=Cin_2-2
Added Pin To Net: NetName=GOM_GND_2 Pin=Cout_2-2
Added Pin To Net: NetName=GOM_GND_2 Pin=Css_2-2
Added Pin To Net: NetName=GOM_GND_2 Pin=Cvcc_2-2
Added Pin To Net: NetName=GOM_GND_2 Pin=PC-104-H2_30
Added Pin To Net: NetName=GOM_GND_2 Pin=Q1-3
Added Pin To Net: NetName=GOM_GND_2 Pin=Q2-3
Added Pin To Net: NetName=GOM_GND_2 Pin=Q3-3
Added Pin To Net: NetName=GOM_GND_2 Pin=Q4-3
Added Pin To Net: NetName=GOM_GND_2 Pin=R7-2
Added Pin To Net: NetName=GOM_GND_2 Pin=R8-2
Added Pin To Net: NetName=GOM_GND_2 Pin=R9-2
Added Pin To Net: NetName=GOM_GND_2 Pin=R10-2
Added Pin To Net: NetName=GOM_GND_2 Pin=Rfbb_2-2
Added Pin To Net: NetName=GOM_GND_2 Pin=Rlim_2-2
Added Pin To Net: NetName=GOM_GND_2 Pin=U2-11
Added Pin To Net: NetName=GOM_GND_2 Pin=U2-12
Added Pin To Net: NetName=GOM_GND_2 Pin=U2-13
Added Pin To Net: NetName=GOM_GND_2 Pin=U2-20
Added Pin To Net: NetName=GOM_GND_2 Pin=U2-21
Added Net: Name=GOM_GND_2
Added Pin To Net: NetName=GOM_GND_3 Pin=Docking-A10
Added Pin To Net: NetName=GOM_GND_3 Pin=Docking-A11
Added Pin To Net: NetName=GOM_GND_3 Pin=Docking-A12
Added Pin To Net: NetName=GOM_GND_3 Pin=Docking-A13
Added Pin To Net: NetName=GOM_GND_3 Pin=Docking-A18
Added Pin To Net: NetName=GOM_GND_3 Pin=FlightSwitch-1
Added Pin To Net: NetName=GOM_GND_3 Pin=Microswitch-3
Added Pin To Net: NetName=GOM_GND_3 Pin=PC-104-H2_32
Added Pin To Net: NetName=GOM_GND_3 Pin=PIKSI_UARTA-0
Added Net: Name=GOM_GND_3
Added Pin To Net: NetName=GPIO_ANALOG Pin=PAmp-7
Added Pin To Net: NetName=GPIO_ANALOG Pin=PC-104-H1_39
Added Net: Name=GPIO_ANALOG
Added Pin To Net: NetName=GPS-3V3_2 Pin=CurrentSource-0
Added Net: Name=GPS-3V3_2
Added Pin To Net: NetName=NetCbst_1 Pin=Cbst-1
Added Pin To Net: NetName=NetCbst_1 Pin=L1-2
Added Pin To Net: NetName=NetCbst_1 Pin=Rt-1
Added Pin To Net: NetName=NetCbst_1 Pin=U1-4
Added Pin To Net: NetName=NetCbst_1 Pin=U1-5
Added Pin To Net: NetName=NetCbst_1 Pin=U1-6
Added Pin To Net: NetName=NetCbst_1 Pin=U1-7
Added Net: Name=NetCbst_1
Added Pin To Net: NetName=NetCbst_2_1 Pin=Cbst_2-1
Added Pin To Net: NetName=NetCbst_2_1 Pin=L1_2-2
Added Pin To Net: NetName=NetCbst_2_1 Pin=Rt_2-1
Added Pin To Net: NetName=NetCbst_2_1 Pin=U2-4
Added Pin To Net: NetName=NetCbst_2_1 Pin=U2-5
Added Pin To Net: NetName=NetCbst_2_1 Pin=U2-6
Added Pin To Net: NetName=NetCbst_2_1 Pin=U2-7
Added Net: Name=NetCbst_2_1
Added Pin To Net: NetName=NetCbst_2_2 Pin=Cbst_2-2
Added Pin To Net: NetName=NetCbst_2_2 Pin=U2-8
Added Net: Name=NetCbst_2_2
Added Pin To Net: NetName=NetCbst_2 Pin=Cbst-2
Added Pin To Net: NetName=NetCbst_2 Pin=U1-8
Added Net: Name=NetCbst_2
Added Pin To Net: NetName=NetCcomp2_1 Pin=Ccomp2-1
Added Pin To Net: NetName=NetCcomp2_1 Pin=U1-18
Added Net: Name=NetCcomp2_1
Added Pin To Net: NetName=NetCcomp2_2_1 Pin=Ccomp2_2-1
Added Pin To Net: NetName=NetCcomp2_2_1 Pin=U2-18
Added Net: Name=NetCcomp2_2_1
Added Pin To Net: NetName=NetCcomp_1 Pin=Ccomp-1
Added Pin To Net: NetName=NetCcomp_1 Pin=Rcomp-2
Added Net: Name=NetCcomp_1
Added Pin To Net: NetName=NetCcomp_2_1 Pin=Ccomp_2-1
Added Pin To Net: NetName=NetCcomp_2_1 Pin=Rcomp_2-2
Added Net: Name=NetCcomp_2_1
Added Pin To Net: NetName=NetCss_1 Pin=Css-1
Added Pin To Net: NetName=NetCss_1 Pin=U1-10
Added Net: Name=NetCss_1
Added Pin To Net: NetName=NetCss_2_1 Pin=Css_2-1
Added Pin To Net: NetName=NetCss_2_1 Pin=U2-10
Added Net: Name=NetCss_2_1
Added Pin To Net: NetName=NetCurrentSource_1 Pin=CurrentSource-1
Added Pin To Net: NetName=NetCurrentSource_1 Pin=R5-2
Added Pin To Net: NetName=NetCurrentSource_1 Pin=R6-2
Added Net: Name=NetCurrentSource_1
Added Pin To Net: NetName=NetCurrentSource_2 Pin=CurrentSource-2
Added Pin To Net: NetName=NetCurrentSource_2 Pin=D9-1
Added Pin To Net: NetName=NetCurrentSource_2 Pin=R5-1
Added Net: Name=NetCurrentSource_2
Added Pin To Net: NetName=NetCvcc_1 Pin=Cvcc-1
Added Pin To Net: NetName=NetCvcc_1 Pin=U1-1
Added Pin To Net: NetName=NetCvcc_1 Pin=U1-2
Added Net: Name=NetCvcc_1
Added Pin To Net: NetName=NetCvcc_2_1 Pin=Cvcc_2-1
Added Pin To Net: NetName=NetCvcc_2_1 Pin=U2-1
Added Pin To Net: NetName=NetCvcc_2_1 Pin=U2-2
Added Net: Name=NetCvcc_2_1
Added Pin To Net: NetName=NetD1_1 Pin=D1-1
Added Pin To Net: NetName=NetD1_1 Pin=Q1-1
Added Pin To Net: NetName=NetD1_1 Pin=SolenoidConnector-A2
Added Net: Name=NetD1_1
Added Pin To Net: NetName=NetD2_1 Pin=D2-1
Added Pin To Net: NetName=NetD2_1 Pin=Q2-1
Added Pin To Net: NetName=NetD2_1 Pin=SolenoidConnector-A4
Added Net: Name=NetD2_1
Added Pin To Net: NetName=NetD3_1 Pin=D3-1
Added Pin To Net: NetName=NetD3_1 Pin=Q3-1
Added Pin To Net: NetName=NetD3_1 Pin=SolenoidConnector-A6
Added Net: Name=NetD3_1
Added Pin To Net: NetName=NetD4_1 Pin=D4-1
Added Pin To Net: NetName=NetD4_1 Pin=Q4-1
Added Pin To Net: NetName=NetD4_1 Pin=SolenoidConnector-A8
Added Net: Name=NetD4_1
Added Pin To Net: NetName=NetD9_2 Pin=D9-2
Added Pin To Net: NetName=NetD9_2 Pin=PressureCon-3
Added Pin To Net: NetName=NetD9_2 Pin=R6-1
Added Net: Name=NetD9_2
Added Pin To Net: NetName=NetDocking_0 Pin=Docking-A1
Added Pin To Net: NetName=NetDocking_0 Pin=PC-104-H1_20
Added Net: Name=NetDocking_0
Added Pin To Net: NetName=NetDocking_1 Pin=Docking-A2
Added Pin To Net: NetName=NetDocking_1 Pin=PC-104-H1_24
Added Net: Name=NetDocking_1
Added Pin To Net: NetName=NetDocking_2 Pin=Docking-A3
Added Pin To Net: NetName=NetDocking_2 Pin=PC-104-H1_26
Added Net: Name=NetDocking_2
Added Pin To Net: NetName=NetDocking_15 Pin=Docking-A16
Added Pin To Net: NetName=NetDocking_15 Pin=PC-104-H1_25
Added Net: Name=NetDocking_15
Added Pin To Net: NetName=NetDocking_16 Pin=Docking-A17
Added Pin To Net: NetName=NetDocking_16 Pin=PC-104-H1_27
Added Net: Name=NetDocking_16
Added Pin To Net: NetName=NetDocking_18 Pin=Docking-A19
Added Pin To Net: NetName=NetDocking_18 Pin=PC-104-H1_9
Added Net: Name=NetDocking_18
Added Pin To Net: NetName=NetDocking_19 Pin=Docking-A20
Added Pin To Net: NetName=NetDocking_19 Pin=PC-104-H1_11
Added Net: Name=NetDocking_19
Added Pin To Net: NetName=NetDocking_20 Pin=Docking-A21
Added Pin To Net: NetName=NetDocking_20 Pin=PC-104-H1_7
Added Net: Name=NetDocking_20
Added Pin To Net: NetName=NetDocking_21 Pin=Docking-A22
Added Pin To Net: NetName=NetDocking_21 Pin=PC-104-H1_5
Added Net: Name=NetDocking_21
Added Pin To Net: NetName=NetDocking_22 Pin=Docking-A23
Added Pin To Net: NetName=NetDocking_22 Pin=PC-104-H1_41
Added Net: Name=NetDocking_22
Added Pin To Net: NetName=NetDocking_23 Pin=Docking-A24
Added Pin To Net: NetName=NetDocking_23 Pin=PC-104-H1_43
Added Net: Name=NetDocking_23
Added Pin To Net: NetName=NetDsub_1 Pin=Dsub-1
Added Pin To Net: NetName=NetDsub_1 Pin=Dsub-1
Added Pin To Net: NetName=NetDsub_1 Pin=PC-104-H1_15
Added Net: Name=NetDsub_1
Added Pin To Net: NetName=NetDsub_2 Pin=Dsub-2
Added Pin To Net: NetName=NetDsub_2 Pin=Dsub-2
Added Pin To Net: NetName=NetDsub_2 Pin=PC-104-H1_13
Added Net: Name=NetDsub_2
Added Pin To Net: NetName=NetFlightSwitch_2 Pin=FlightSwitch-2
Added Pin To Net: NetName=NetFlightSwitch_2 Pin=Microswitch-2
Added Net: Name=NetFlightSwitch_2
Added Pin To Net: NetName=NetPAmp_1 Pin=PAmp-1
Added Pin To Net: NetName=NetPAmp_1 Pin=PressureCon-1
Added Net: Name=NetPAmp_1
Added Pin To Net: NetName=NetPAmp_2 Pin=PAmp-2
Added Pin To Net: NetName=NetPAmp_2 Pin=PressureCon-6
Added Net: Name=NetPAmp_2
Added Pin To Net: NetName=NetPAmp_3 Pin=PAmp-3
Added Pin To Net: NetName=NetPAmp_3 Pin=PressureCon-5
Added Net: Name=NetPAmp_3
Added Pin To Net: NetName=NetPAmp_4 Pin=PAmp-4
Added Pin To Net: NetName=NetPAmp_4 Pin=PressureCon-4
Added Net: Name=NetPAmp_4
Added Pin To Net: NetName=NetPC-104_H1_17 Pin=PC-104-H1_17
Added Pin To Net: NetName=NetPC-104_H1_17 Pin=PIKSI_UARTA-1
Added Net: Name=NetPC-104_H1_17
Added Pin To Net: NetName=NetPC-104_H1_19 Pin=PC-104-H1_19
Added Pin To Net: NetName=NetPC-104_H1_19 Pin=PIKSI_UARTA-2
Added Net: Name=NetPC-104_H1_19
Added Pin To Net: NetName=NetPC-104_H1_49 Pin=PC-104-H1_49
Added Net: Name=NetPC-104_H1_49
Added Pin To Net: NetName=NetPC-104_H1_50 Pin=PC-104-H1_50
Added Net: Name=NetPC-104_H1_50
Added Pin To Net: NetName=NetPC-104_H1_51 Pin=PC-104-H1_51
Added Net: Name=NetPC-104_H1_51
Added Pin To Net: NetName=NetPC-104_H1_52 Pin=PC-104-H1_52
Added Net: Name=NetPC-104_H1_52
Added Pin To Net: NetName=NetPC-104_H2_27 Pin=PC-104-H2_27
Added Net: Name=NetPC-104_H2_27
Added Pin To Net: NetName=NetQ1_2 Pin=Q1-2
Added Pin To Net: NetName=NetQ1_2 Pin=R1-2
Added Net: Name=NetQ1_2
Added Pin To Net: NetName=NetQ2_2 Pin=Q2-2
Added Pin To Net: NetName=NetQ2_2 Pin=R2-2
Added Net: Name=NetQ2_2
Added Pin To Net: NetName=NetQ3_2 Pin=Q3-2
Added Pin To Net: NetName=NetQ3_2 Pin=R3-2
Added Net: Name=NetQ3_2
Added Pin To Net: NetName=NetQ4_2 Pin=Q4-2
Added Pin To Net: NetName=NetQ4_2 Pin=R4-2
Added Net: Name=NetQ4_2
Added Pin To Net: NetName=NetR4_1 Pin=R4-1
Added Pin To Net: NetName=NetR4_1 Pin=R10-1
Added Net: Name=NetR4_1
Added Pin To Net: NetName=NetRfbb_1 Pin=Rfbb-1
Added Pin To Net: NetName=NetRfbb_1 Pin=Rfbt-2
Added Pin To Net: NetName=NetRfbb_1 Pin=U1-17
Added Net: Name=NetRfbb_1
Added Pin To Net: NetName=NetRfbb_2_1 Pin=Rfbb_2-1
Added Pin To Net: NetName=NetRfbb_2_1 Pin=Rfbt_2-2
Added Pin To Net: NetName=NetRfbb_2_1 Pin=U2-17
Added Net: Name=NetRfbb_2_1
Added Pin To Net: NetName=NetRlim_1 Pin=Rlim-1
Added Pin To Net: NetName=NetRlim_1 Pin=U1-19
Added Net: Name=NetRlim_1
Added Pin To Net: NetName=NetRlim_2_1 Pin=Rlim_2-1
Added Pin To Net: NetName=NetRlim_2_1 Pin=U2-19
Added Net: Name=NetRlim_2_1
Added Pin To Net: NetName=NetRt_2_2 Pin=Rt_2-2
Added Pin To Net: NetName=NetRt_2_2 Pin=U2-3
Added Net: Name=NetRt_2_2
Added Pin To Net: NetName=NetRt_2 Pin=Rt-2
Added Pin To Net: NetName=NetRt_2 Pin=U1-3
Added Net: Name=NetRt_2
Added Pin To Net: NetName=PWR_EN Pin=PC-104-H1_30
Added Pin To Net: NetName=PWR_EN Pin=XACT-A16
Added Net: Name=PWR_EN
Added Pin To Net: NetName=SPI_MISO Pin=XACT-A21
Added Net: Name=SPI_MISO
Added Pin To Net: NetName=SPI_MOSI Pin=XACT-A6
Added Net: Name=SPI_MOSI
Added Pin To Net: NetName=SPI_SCK Pin=XACT-A5
Added Net: Name=SPI_SCK
Added Pin To Net: NetName=SPI_SS Pin=XACT-A22
Added Net: Name=SPI_SS
Added Pin To Net: NetName=V_BAT_1 Pin=Cin2-1
Added Pin To Net: NetName=V_BAT_1 Pin=Cin-1
Added Pin To Net: NetName=V_BAT_1 Pin=Docking-A14
Added Pin To Net: NetName=V_BAT_1 Pin=Docking-A15
Added Pin To Net: NetName=V_BAT_1 Pin=L1-1
Added Pin To Net: NetName=V_BAT_1 Pin=PC-104-H2_46
Added Pin To Net: NetName=V_BAT_1 Pin=U1-9
Added Net: Name=V_BAT_1
Added Pin To Net: NetName=V_BAT_2 Pin=Cin2_2-1
Added Pin To Net: NetName=V_BAT_2 Pin=Cin_2-1
Added Pin To Net: NetName=V_BAT_2 Pin=L1_2-1
Added Pin To Net: NetName=V_BAT_2 Pin=PC-104-H2_45
Added Pin To Net: NetName=V_BAT_2 Pin=U2-9
Added Net: Name=V_BAT_2
Added Member To Class: ClassName=U_DCDC_2_Rev3 Member=Component Cbst_2 GRM155R61A104KA0
Added Member To Class: ClassName=U_DCDC_1_Rev3 Member=Component Cbst GRM155R61A104KA0
Added Member To Class: ClassName=U_DCDC_2_Rev3 Member=Component Ccomp2_2 CL21C240JBANNNC
Added Member To Class: ClassName=U_DCDC_1_Rev3 Member=Component Ccomp2 CL21C240JBANNNC
Added Member To Class: ClassName=U_DCDC_2_Rev3 Member=Component Ccomp_2 CC0805KRX7R9BB47
Added Member To Class: ClassName=U_DCDC_1_Rev3 Member=Component Ccomp CC0805KRX7R9BB47
Added Member To Class: ClassName=U_DCDC_2_Rev3 Member=Component Cin2_2 GRM155R61C104KA8
Added Member To Class: ClassName=U_DCDC_1_Rev3 Member=Component Cin2 GRM155R61C104KA8
Added Member To Class: ClassName=U_DCDC_2_Rev3 Member=Component Cin_2 GRM32ER61C476ME1
Added Member To Class: ClassName=U_DCDC_1_Rev3 Member=Component Cin GRM32ER61C476ME1
Added Member To Class: ClassName=U_DCDC_2_Rev3 Member=Component Cout_2 C3216X5R1E476M16
Added Member To Class: ClassName=U_DCDC_1_Rev3 Member=Component Cout C3216X5R1E476M16
Added Member To Class: ClassName=U_DCDC_2_Rev3 Member=Component Css_2 GRM033R61A822KA0
Added Member To Class: ClassName=U_DCDC_1_Rev3 Member=Component Css GRM033R61A822KA0
Added Member To Class: ClassName=U_DCDC_2_Rev3 Member=Component Cvcc_2 GRM188R61A105KA6
Added Member To Class: ClassName=U_DCDC_1_Rev3 Member=Component Cvcc GRM188R61A105KA6
Added Member To Class: ClassName=U_DCDC_2_Rev3 Member=Component L1_2 SRP6540-1R5M
Added Member To Class: ClassName=U_DCDC_1_Rev3 Member=Component L1 SRP6540-1R5M
Added Member To Class: ClassName=U_DCDC_2_Rev3 Member=Component Rcomp_2 CRCW040245K3FKED
Added Member To Class: ClassName=U_DCDC_1_Rev3 Member=Component Rcomp CRCW040245K3FKED
Added Member To Class: ClassName=U_DCDC_2_Rev3 Member=Component Rfbb_2 RC0603FR-0782KL
Added Member To Class: ClassName=U_DCDC_1_Rev3 Member=Component Rfbb RC0603FR-0782KL
Added Member To Class: ClassName=U_DCDC_2_Rev3 Member=Component Rfbt_2 CRCW0402732KFKED
Added Member To Class: ClassName=U_DCDC_1_Rev3 Member=Component Rfbt CRCW0402732KFKED
Added Member To Class: ClassName=U_DCDC_2_Rev3 Member=Component Rlim_2 ERJ-8ENF1053V
Added Member To Class: ClassName=U_DCDC_1_Rev3 Member=Component Rlim ERJ-8ENF1053V
Added Member To Class: ClassName=U_DCDC_2_Rev3 Member=Component Rt_2 ERJ-8ENF2613V
Added Member To Class: ClassName=U_DCDC_1_Rev3 Member=Component Rt ERJ-8ENF2613V
Added Member To Class: ClassName=U_DCDC_1_Rev3 Member=Component U1 TPS61088RHLR
Added Member To Class: ClassName=U_DCDC_2_Rev3 Member=Component U2 TPS61088RHLR
Added Room: Name=U_DCDC_1_Rev3
Added Room: Name=U_DCDC_2_Rev3
