Added Component: Designator=D3(SMC)
Added Component: Designator=D4(SMC)
Added Pin To Net: NetName=NetD3_1 Pin=D3-1
Added Pin To Net: NetName=+12V Pin=D3-2
Added Pin To Net: NetName=NetD4_1 Pin=D4-1
Added Pin To Net: NetName=+12V Pin=D4-2
Added Member To Class: ClassName=SolSwitch Member=Component D1 Diode
Added Member To Class: ClassName=SolSwitch Member=Component D2 Diode
Added Member To Class: ClassName=SolSwitch Member=Component D3 Diode
Added Member To Class: ClassName=SolSwitch Member=Component D4 Diode
Added Member To Class: ClassName=SolSwitch Member=Component Q1 MOSFET
Added Member To Class: ClassName=SolSwitch Member=Component Q2 MOSFET
Added Member To Class: ClassName=SolSwitch Member=Component Q3 MOSFET
Added Member To Class: ClassName=SolSwitch Member=Component Q4 MOSFET
Added Member To Class: ClassName=SolSwitch Member=Component R1 CRCW040249K9FKED
Added Member To Class: ClassName=SolSwitch Member=Component R2 CRCW040249K9FKED
Added Member To Class: ClassName=SolSwitch Member=Component R3 CRCW040249K9FKED
Added Member To Class: ClassName=SolSwitch Member=Component R4 CRCW040249K9FKED
Added Member To Class: ClassName=SolSwitch Member=Component R7 10k
Added Member To Class: ClassName=SolSwitch Member=Component R8 10k
Added Member To Class: ClassName=SolSwitch Member=Component R9 10k
Added Member To Class: ClassName=SolSwitch Member=Component R10 10k
Added Member To Class: ClassName=SolSwitch Member=Component SolenoidConnector Solenoid_Samtech
