Removed Pin From Net: NetName=NetD5_1 Pin=D5-1
Removed Pin From Net: NetName=NetD6_1 Pin=D6-1
Removed Pin From Net: NetName=NetD7_1 Pin=D7-1
Removed Pin From Net: NetName=NetD8_1 Pin=D8-1
Removed Pin From Net: NetName=NetD8_2 Pin=D8-2
Removed Pin From Net: NetName=+5V Pin=Docking-7
Removed Pin From Net: NetName=+5V Pin=Docking-8
Removed Pin From Net: NetName=NetBarrel Jack_2 Pin=Docking-9
Removed Pin From Net: NetName=NetBarrel Jack_2 Pin=Docking-10
Removed Pin From Net: NetName=NetBarrel Jack_2 Pin=Docking-11
Removed Pin From Net: NetName=NetBarrel Jack_2 Pin=Docking-12
Removed Pin From Net: NetName=BAT_GOM Pin=Docking-13
Removed Pin From Net: NetName=BAT_GOM Pin=Docking-14
Removed Pin From Net: NetName=NetDsub_1 Pin=PC-104-H1_13
Removed Pin From Net: NetName=NetDsub_2 Pin=PC-104-H1_15
Removed Pin From Net: NetName=NetBarrel Jack_1 Pin=PC-104-H1_32
Removed Pin From Net: NetName=NetPAmp_7 Pin=PC-104-H1_39
Removed Pin From Net: NetName=+5V Pin=PC-104-H2_26
Removed Pin From Net: NetName=GPS-3V3 Pin=PC-104-H2_27
Removed Pin From Net: NetName=NetBarrel Jack_2 Pin=PC-104-H2_29
Removed Pin From Net: NetName=BAT_GOM Pin=PC-104-H2_46
Removed Pin From Net: NetName=DGND Pin=R7-1
Removed Pin From Net: NetName=DGND Pin=R8-1
Removed Pin From Net: NetName=DGND Pin=R9-1
Removed Pin From Net: NetName=DGND Pin=R10-1
Removed Pin From Net: NetName=NetD8_2 Pin=R10-2
Removed Pin From Net: NetName=GPS-3V3 Pin=XACT-13
Removed Member From Class: ClassName=SolSwitch Member=D5
Removed Member From Class: ClassName=SolSwitch Member=D6
Removed Member From Class: ClassName=SolSwitch Member=D7
Removed Member From Class: ClassName=SolSwitch Member=D8
Change Component Comment : Designator=Docking Old Comment= New Comment=Docking Connector
Added Pin To Net: NetName=NetDsub_2 Pin=PC-104-H1_13
Added Pin To Net: NetName=NetDsub_1 Pin=PC-104-H1_15
Added Pin To Net: NetName=NetDocking_22 Pin=PC-104-H1_41
Added Pin To Net: NetName=NetDocking_23 Pin=PC-104-H1_43
Added Pin To Net: NetName=NetD5_1 Pin=R1-1
Added Pin To Net: NetName=NetD6_1 Pin=R2-1
Added Pin To Net: NetName=NetD7_1 Pin=R3-1
Added Pin To Net: NetName=NetD5_1 Pin=R7-1
Added Pin To Net: NetName=DGND Pin=R7-2
Added Pin To Net: NetName=NetD6_1 Pin=R8-1
Added Pin To Net: NetName=DGND Pin=R8-2
Added Pin To Net: NetName=NetD7_1 Pin=R9-1
Added Pin To Net: NetName=DGND Pin=R9-2
Added Pin To Net: NetName=NetD8_2 Pin=R10-1
Added Pin To Net: NetName=DGND Pin=R10-2
Added Pin To Net: NetName=+12V Pin=XACT-31
Change Net Name : Old Net Name=DGND New Net Name=GND
Change Net Name : Old Net Name=NetBarrel Jack_1 New Net Name=BAT_CHARGE
Change Net Name : Old Net Name=NetBarrel Jack_2 New Net Name=GOM_GND
Change Net Name : Old Net Name=NetCcomp2_1 New Net Name=POWER_GND
Change Net Name : Old Net Name=NetD5_1 New Net Name=C0
Change Net Name : Old Net Name=NetD6_1 New Net Name=C1
Change Net Name : Old Net Name=NetD7_1 New Net Name=C2
Change Net Name : Old Net Name=NetD8_1 New Net Name=C3
Change Net Name : Old Net Name=NetD8_2 New Net Name=NetR4_1
Change Net Name : Old Net Name=NetDocking_22 New Net Name=I2C_SDA
Change Net Name : Old Net Name=NetDocking_23 New Net Name=I2C_SCL
Change Net Name : Old Net Name=NetPC-104_H2_30 New Net Name=GND
Added Pin To Net: NetName=GPIO_ANALOG Pin=PC-104-H1_39
Added Net: Name=GPIO_ANALOG
Added Pin To Net: NetName=NetDocking_7 Pin=Docking-7
Added Pin To Net: NetName=NetDocking_7 Pin=Docking-8
Added Pin To Net: NetName=NetDocking_7 Pin=PC-104-H2_26
Added Net: Name=NetDocking_7
Added Pin To Net: NetName=NetDocking_9 Pin=Docking-9
Added Pin To Net: NetName=NetDocking_9 Pin=Docking-10
Added Pin To Net: NetName=NetDocking_9 Pin=Docking-11
Added Pin To Net: NetName=NetDocking_9 Pin=PC-104-H2_29
Added Net: Name=NetDocking_9
Added Pin To Net: NetName=NetDocking_13 Pin=Docking-13
Added Pin To Net: NetName=NetDocking_13 Pin=Docking-14
Added Pin To Net: NetName=NetDocking_13 Pin=PC-104-H2_46
Added Net: Name=NetDocking_13
Added Pin To Net: NetName=NetPC-104_H1_32 Pin=PC-104-H1_32
Added Net: Name=NetPC-104_H1_32
Added Member To Class: ClassName=BoostConverter Member=Component U2 TPS61088RHLR
