Removed Pin From Net: NetName=+12V Pin=D1-2
Removed Pin From Net: NetName=+12V Pin=D2-2
Removed Pin From Net: NetName=+12V Pin=D3-2
Removed Pin From Net: NetName=+12V Pin=D4-2
Removed Pin From Net: NetName=GOM_GND_2 Pin=PC-104-H2_30
Removed Pin From Net: NetName=GOM_GND_3 Pin=PIKSI_UARTA-0
Removed Pin From Net: NetName=+12V Pin=SolenoidConnector-A1
Removed Pin From Net: NetName=+12V Pin=SolenoidConnector-A3
Removed Pin From Net: NetName=+12V Pin=SolenoidConnector-A5
Removed Pin From Net: NetName=+12V Pin=SolenoidConnector-A7
Removed Pin From Net: NetName=GOM_GND_3 Pin=XACT-A4
Removed Pin From Net: NetName=GOM_GND_3 Pin=XACT-A10
Removed Pin From Net: NetName=GOM_GND_3 Pin=XACT-A20
Removed Member From Class: ClassName=TopV4_StructureClass Member=BoostConverter_StructureClass
Removed Member From Class: ClassName=BoostConverter_StructureClass Member=BoostConverter
Added Component: Designator=Cbst_2(1005)
Added Component: Designator=Ccomp2_2(01005)
Added Component: Designator=Ccomp_2(0201)
Added Component: Designator=Cin2_2(0402)
Added Component: Designator=Cin_2(0603)
Added Component: Designator=Cout_2(1206)
Added Component: Designator=Css_2(0402)
Added Component: Designator=Cvcc_2(1608)
Added Component: Designator=L1_2(XAL4020)
Added Component: Designator=Rcomp_2(0402)
Added Component: Designator=Rfbb_2(0603)
Added Component: Designator=Rfbt_2(0402)
Added Component: Designator=Rlim_2(1206)
Added Component: Designator=Rt_2(1206)
Added Component: Designator=U2_2(RHL0020A)
Added Pin To Net: NetName=GOM_GND_2 Pin=Ccomp2_2-1
Added Pin To Net: NetName=GOM_GND_2 Pin=Ccomp_2-2
Added Pin To Net: NetName=GOM_GND_2 Pin=Cin2_2-2
Added Pin To Net: NetName=GOM_GND_2 Pin=Cin_2-2
Added Pin To Net: NetName=GOM_GND_2 Pin=Cout_2-2
Added Pin To Net: NetName=GOM_GND_2 Pin=Css_2-1
Added Pin To Net: NetName=GOM_GND_2 Pin=Cvcc_2-1
Added Pin To Net: NetName=GOM_GND_1 Pin=PIKSI_UARTA-0
Added Pin To Net: NetName=GOM_GND_2 Pin=Rfbb_2-2
Added Pin To Net: NetName=GOM_GND_2 Pin=Rlim_2-2
Added Pin To Net: NetName=GOM_GND_2 Pin=U2_2-11
Added Pin To Net: NetName=GOM_GND_2 Pin=U2_2-12
Added Pin To Net: NetName=GOM_GND_2 Pin=U2_2-13
Added Pin To Net: NetName=GOM_GND_2 Pin=U2_2-20
Added Pin To Net: NetName=GOM_GND_2 Pin=U2_2-21
Added Pin To Net: NetName=POWER_GND Pin=XACT-A4
Added Pin To Net: NetName=POWER_GND Pin=XACT-A10
Added Pin To Net: NetName=POWER_GND Pin=XACT-A20
Change Net Name : Old Net Name=+12V New Net Name=+12V_1
Change Net Name : Old Net Name=BAT_GOM New Net Name=BAT_GOM_1
Change Net Name : Old Net Name=GOM_GND_2 New Net Name=DCDC_GND_2
Change Net Name : Old Net Name=POWER_GND New Net Name=DCDC_GND_1
Added Pin To Net: NetName=+12V_2 Pin=Cout_2-1
Added Pin To Net: NetName=+12V_2 Pin=D1-2
Added Pin To Net: NetName=+12V_2 Pin=D2-2
Added Pin To Net: NetName=+12V_2 Pin=D3-2
Added Pin To Net: NetName=+12V_2 Pin=D4-2
Added Pin To Net: NetName=+12V_2 Pin=Rfbt_2-1
Added Pin To Net: NetName=+12V_2 Pin=SolenoidConnector-A1
Added Pin To Net: NetName=+12V_2 Pin=SolenoidConnector-A3
Added Pin To Net: NetName=+12V_2 Pin=SolenoidConnector-A5
Added Pin To Net: NetName=+12V_2 Pin=SolenoidConnector-A7
Added Pin To Net: NetName=+12V_2 Pin=U2_2-14
Added Pin To Net: NetName=+12V_2 Pin=U2_2-15
Added Pin To Net: NetName=+12V_2 Pin=U2_2-16
Added Net: Name=+12V_2
Added Pin To Net: NetName=BAT_GOM_2 Pin=Cin2_2-1
Added Pin To Net: NetName=BAT_GOM_2 Pin=Cin_2-1
Added Pin To Net: NetName=BAT_GOM_2 Pin=L1_2-1
Added Pin To Net: NetName=BAT_GOM_2 Pin=U2_2-9
Added Net: Name=BAT_GOM_2
Added Pin To Net: NetName=GOM_GND_2 Pin=PC-104-H2_30
Added Net: Name=GOM_GND_2
Added Pin To Net: NetName=NetCbst_2_1 Pin=Cbst_2-1
Added Pin To Net: NetName=NetCbst_2_1 Pin=L1_2-2
Added Pin To Net: NetName=NetCbst_2_1 Pin=Rt_2-1
Added Pin To Net: NetName=NetCbst_2_1 Pin=U2_2-4
Added Pin To Net: NetName=NetCbst_2_1 Pin=U2_2-5
Added Pin To Net: NetName=NetCbst_2_1 Pin=U2_2-6
Added Pin To Net: NetName=NetCbst_2_1 Pin=U2_2-7
Added Net: Name=NetCbst_2_1
Added Pin To Net: NetName=NetCbst_2_2 Pin=Cbst_2-2
Added Pin To Net: NetName=NetCbst_2_2 Pin=U2_2-8
Added Net: Name=NetCbst_2_2
Added Pin To Net: NetName=NetCcomp2_2_2 Pin=Ccomp2_2-2
Added Pin To Net: NetName=NetCcomp2_2_2 Pin=Rcomp_2-1
Added Pin To Net: NetName=NetCcomp2_2_2 Pin=U2_2-18
Added Net: Name=NetCcomp2_2_2
Added Pin To Net: NetName=NetCcomp_2_1 Pin=Ccomp_2-1
Added Pin To Net: NetName=NetCcomp_2_1 Pin=Rcomp_2-2
Added Net: Name=NetCcomp_2_1
Added Pin To Net: NetName=NetCss_2_2 Pin=Css_2-2
Added Pin To Net: NetName=NetCss_2_2 Pin=U2_2-10
Added Net: Name=NetCss_2_2
Added Pin To Net: NetName=NetCvcc_2_2 Pin=Cvcc_2-2
Added Pin To Net: NetName=NetCvcc_2_2 Pin=U2_2-1
Added Pin To Net: NetName=NetCvcc_2_2 Pin=U2_2-2
Added Net: Name=NetCvcc_2_2
Added Pin To Net: NetName=NetRfbb_2_1 Pin=Rfbb_2-1
Added Pin To Net: NetName=NetRfbb_2_1 Pin=Rfbt_2-2
Added Pin To Net: NetName=NetRfbb_2_1 Pin=U2_2-17
Added Net: Name=NetRfbb_2_1
Added Pin To Net: NetName=NetRlim_2_1 Pin=Rlim_2-1
Added Pin To Net: NetName=NetRlim_2_1 Pin=U2_2-19
Added Net: Name=NetRlim_2_1
Added Pin To Net: NetName=NetRt_2_2 Pin=Rt_2-2
Added Pin To Net: NetName=NetRt_2_2 Pin=U2_2-3
Added Net: Name=NetRt_2_2
Change Class Name : Old Net Name=BoostConverter New Net Name=DCDC_1
Change Class Name : Old Net Name=BoostConverter_StructureClass New Net Name=DCDC_1_StructureClass
Added Class: Name=DCDC_2
Added Member To Structure Class: ClassName=TopV4_StructureClass Member=DCDC_1_StructureClass
Added Member To Structure Class: ClassName=DCDC_1_StructureClass Member=DCDC_1
Added Room: Name=DCDC_1
Added Room: Name=DCDC_2
