Removed Pin From Net: NetName=BAT_CHARGE Pin=Barrel Jack-1A
Removed Pin From Net: NetName=BAT_CHARGE Pin=Barrel Jack-1B
Removed Pin From Net: NetName=BAT_CHARGE Pin=Barrel Jack-1
Removed Pin From Net: NetName=GOM_GND_1 Pin=Barrel Jack-2A
Removed Pin From Net: NetName=GOM_GND_1 Pin=Barrel Jack-2B
Removed Pin From Net: NetName=GOM_GND_1 Pin=Barrel Jack-2
Removed Pin From Net: NetName=GOM_GND_1 Pin=Barrel Jack-3A
Removed Pin From Net: NetName=GOM_GND_1 Pin=Barrel Jack-3B
Removed Pin From Net: NetName=GOM_GND_1 Pin=Barrel Jack-3
Removed Pin From Net: NetName=V_BAT_1 Pin=C_Supply_1-1
Removed Pin From Net: NetName=V_BAT_1 Pin=C_Supply_2-1
Removed Pin From Net: NetName=V_BAT_1 Pin=C_Supply_3-1
Removed Pin From Net: NetName=V_BAT_1 Pin=C_Supply_4-1
Removed Pin From Net: NetName=+12V_1 Pin=M2-1
Removed Pin From Net: NetName=+12V_1 Pin=M2-2
Removed Pin From Net: NetName=+12V_1 Pin=M2-3
Removed Pin From Net: NetName=NetCboot_1 Pin=M2-5
Removed Pin From Net: NetName=NetCboot_1 Pin=M2-6
Removed Pin From Net: NetName=NetCboot_1 Pin=M2-7
Removed Pin From Net: NetName=NetCboot_1 Pin=M2-8
Removed Pin From Net: NetName=NetCboot_1 Pin=M2-9
Removed Pin From Net: NetName=GOM_GND_1 Pin=RFrame-1
Removed Member From Class: ClassName=TopV4_StructureClass Member=Barrel Jack_StructureClass
Removed Member From Class: ClassName=TopV4_StructureClass Member=U_Jumpers_rev2_StructureClass
Added Pin To Net: NetName=V_BAT_1 Pin=Cvin-1
Added Pin To Net: NetName=NetCboot_1 Pin=M2-1
Added Pin To Net: NetName=NetCboot_1 Pin=M2-2
Added Pin To Net: NetName=NetCboot_1 Pin=M2-3
Added Pin To Net: NetName=+12V_1 Pin=M2-5
Added Pin To Net: NetName=+12V_1 Pin=M2-6
Added Pin To Net: NetName=+12V_1 Pin=M2-7
Added Pin To Net: NetName=+12V_1 Pin=M2-8
Added Pin To Net: NetName=+12V_1 Pin=M2-9
Added Pin To Net: NetName=V_BAT_1 Pin=R13-1
Added Pin To Net: NetName=V_BAT_1 Pin=Rsns1-2
Added Pin To Net: NetName=V_BAT_1 Pin=Rsns2-2
Added Pin To Net: NetName=V_BAT_1 Pin=U1-7
Added Class: Name=U_PressureConnector_2
Added Room: Name=U_Jumpers_rev2
Added Room: Name=U_PressureConnector_2
