Removed Pin From Net: NetName=C0 Pin=R7-1
Removed Pin From Net: NetName=GOM_GND_1 Pin=R7-2
Removed Pin From Net: NetName=C1 Pin=R8-1
Removed Pin From Net: NetName=GOM_GND_1 Pin=R8-2
Removed Pin From Net: NetName=C2 Pin=R9-1
Removed Pin From Net: NetName=GOM_GND_1 Pin=R9-2
Removed Pin From Net: NetName=NetR4_1 Pin=R10-1
Removed Pin From Net: NetName=GOM_GND_1 Pin=R10-2
Change Component DesignItemId : Designator=R1 Old DesignItemId=Res1 New DesignItemId=PMR100HZPFU6L00
Change Component DesignItemId : Designator=R2 Old DesignItemId=Res1 New DesignItemId=PMR100HZPFU6L00
Change Component DesignItemId : Designator=R3 Old DesignItemId=Res1 New DesignItemId=PMR100HZPFU6L00
Change Component DesignItemId : Designator=R4 Old DesignItemId=Res1 New DesignItemId=PMR100HZPFU6L00
Change Component DesignItemId : Designator=R7 Old DesignItemId=Res1 New DesignItemId=PMR100HZPFU6L00
Change Component DesignItemId : Designator=R8 Old DesignItemId=Res1 New DesignItemId=PMR100HZPFU6L00
Change Component DesignItemId : Designator=R9 Old DesignItemId=Res1 New DesignItemId=PMR100HZPFU6L00
Change Component DesignItemId : Designator=R10 Old DesignItemId=Res1 New DesignItemId=PMR100HZPFU6L00
Change Component Description : Designator=R1 Old Description=Resistor New Description=Imported
Change Component Description : Designator=R2 Old Description=Resistor New Description=Imported
Change Component Description : Designator=R3 Old Description=Resistor New Description=Imported
Change Component Description : Designator=R4 Old Description=Resistor New Description=Imported
Change Component Description : Designator=R7 Old Description=Resistor New Description=Imported
Change Component Description : Designator=R8 Old Description=Resistor New Description=Imported
Change Component Description : Designator=R9 Old Description=Resistor New Description=Imported
Change Component Description : Designator=R10 Old Description=Resistor New Description=Imported
Change Component Library : Designator=R1 Old Library=Miscellaneous Devices.IntLib New Library=2016-03-26_18-23-46.SchLib
Change Component Library : Designator=R2 Old Library=Miscellaneous Devices.IntLib New Library=2016-03-26_18-23-46.SchLib
Change Component Library : Designator=R3 Old Library=Miscellaneous Devices.IntLib New Library=2016-03-26_18-23-46.SchLib
Change Component Library : Designator=R4 Old Library=Miscellaneous Devices.IntLib New Library=2016-03-26_18-23-46.SchLib
Change Component Library : Designator=R7 Old Library=Miscellaneous Devices.IntLib New Library=2016-03-26_18-23-46.SchLib
Change Component Library : Designator=R8 Old Library=Miscellaneous Devices.IntLib New Library=2016-03-26_18-23-46.SchLib
Change Component Library : Designator=R9 Old Library=Miscellaneous Devices.IntLib New Library=2016-03-26_18-23-46.SchLib
Change Component Library : Designator=R10 Old Library=Miscellaneous Devices.IntLib New Library=2016-03-26_18-23-46.SchLib
Added Pin To Net: NetName=GOM_GND_1 Pin=R7-1
Added Pin To Net: NetName=C0 Pin=R7-2
Added Pin To Net: NetName=GOM_GND_1 Pin=R8-1
Added Pin To Net: NetName=C1 Pin=R8-2
Added Pin To Net: NetName=GOM_GND_1 Pin=R9-1
Added Pin To Net: NetName=C2 Pin=R9-2
Added Pin To Net: NetName=GOM_GND_1 Pin=R10-1
Added Pin To Net: NetName=NetR4_1 Pin=R10-2
