Added Component: Designator=PC-104(PC-104FOOTPRINT)
Added Pin To Net: NetName=+5V Pin=PC-104-H2_26
Added Net: Name=+5V
Added Pin To Net: NetName=BAT_CHARGE Pin=PC-104-H1_32
Added Net: Name=BAT_CHARGE
Added Pin To Net: NetName=GND_STM Pin=PC-104-H2_1
Added Net: Name=GND_STM
Added Pin To Net: NetName=GND Pin=PC-104-H2_30
Added Net: Name=GND
Added Pin To Net: NetName=GOM_GND Pin=PC-104-H2_29
Added Net: Name=GOM_GND
Added Pin To Net: NetName=GPIO1 Pin=PC-104-H1_20
Added Net: Name=GPIO1
Added Pin To Net: NetName=GPIO2 Pin=PC-104-H1_24
Added Net: Name=GPIO2
Added Pin To Net: NetName=GPIO3 Pin=PC-104-H1_26
Added Net: Name=GPIO3
Added Pin To Net: NetName=GPIO_ANALOG Pin=PC-104-H1_39
Added Net: Name=GPIO_ANALOG
Added Pin To Net: NetName=GPS-3V3 Pin=PC-104-H2_27
Added Net: Name=GPS-3V3
Added Pin To Net: NetName=I2C_SCL Pin=PC-104-H1_1
Added Net: Name=I2C_SCL
Added Pin To Net: NetName=I2C_SDA Pin=PC-104-H1_3
Added Net: Name=I2C_SDA
Added Pin To Net: NetName=SPI_MISO Pin=PC-104-H1_9
Added Net: Name=SPI_MISO
Added Pin To Net: NetName=SPI_MOSI Pin=PC-104-H1_11
Added Net: Name=SPI_MOSI
Added Pin To Net: NetName=SPI_SCLK Pin=PC-104-H1_7
Added Net: Name=SPI_SCLK
Added Pin To Net: NetName=SPI_SS Pin=PC-104-H1_5
Added Net: Name=SPI_SS
Added Pin To Net: NetName=UART4_RX Pin=PC-104-H1_13
Added Net: Name=UART4_RX
Added Pin To Net: NetName=UART4_TX Pin=PC-104-H1_15
Added Net: Name=UART4_TX
Added Pin To Net: NetName=UART5_RX Pin=PC-104-H1_19
Added Net: Name=UART5_RX
Added Pin To Net: NetName=UART5_TX Pin=PC-104-H1_17
Added Net: Name=UART5_TX
Added Pin To Net: NetName=USART3_RX Pin=PC-104-H1_25
Added Net: Name=USART3_RX
Added Pin To Net: NetName=USART3_TX Pin=PC-104-H1_27
Added Net: Name=USART3_TX
Added Class: Name=Umbilical104
