Added Component: Designator=Cbst_2(0402)
Added Component: Designator=Cbst(0402)
Added Component: Designator=Ccomp2_2(0805)
Added Component: Designator=Ccomp2(0805)
Added Component: Designator=Ccomp_2(0805)
Added Component: Designator=Ccomp(0805)
Added Component: Designator=Cin2_2(0402)
Added Component: Designator=Cin2(0402)
Added Component: Designator=Cin_2(1210_280)
Added Component: Designator=Cin(1210_280)
Added Component: Designator=Cout_2(1206_190)
Added Component: Designator=Cout(1206_190)
Added Component: Designator=Css_2(0201)
Added Component: Designator=Css(0201)
Added Component: Designator=Cvcc_2(0603)
Added Component: Designator=Cvcc(0603)
Added Component: Designator=L1_2(SRP6540)
Added Component: Designator=L1(SRP6540)
Added Component: Designator=R1(AXIAL-0.3)
Added Component: Designator=R2(AXIAL-0.3)
Added Component: Designator=R3(AXIAL-0.3)
Added Component: Designator=R4(AXIAL-0.3)
Added Component: Designator=Rcomp_2(0402)
Added Component: Designator=Rcomp(0402)
Added Component: Designator=Rfbb_2(0603)
Added Component: Designator=Rfbb(0603)
Added Component: Designator=Rfbt_2(0402)
Added Component: Designator=Rfbt(0402)
Added Component: Designator=Rlim_2(1206)
Added Component: Designator=Rlim(1206)
Added Component: Designator=Rt_2(1206)
Added Component: Designator=Rt(1206)
Added Component: Designator=U1(RHL0020A)
Added Component: Designator=U2(RHL0020A)
Added Pin To Net: NetName=NetCbst_1 Pin=Cbst-1
Added Pin To Net: NetName=NetCbst_2 Pin=Cbst-2
Added Pin To Net: NetName=NetCbst_2_1 Pin=Cbst_2-1
Added Pin To Net: NetName=NetCbst_2_2 Pin=Cbst_2-2
Added Pin To Net: NetName=NetCcomp2_1 Pin=Ccomp2-1
Added Pin To Net: NetName=GOM_GND_1 Pin=Ccomp2-2
Added Pin To Net: NetName=NetCcomp2_2_1 Pin=Ccomp2_2-1
Added Pin To Net: NetName=GOM_GND_2 Pin=Ccomp2_2-2
Added Pin To Net: NetName=NetCcomp_1 Pin=Ccomp-1
Added Pin To Net: NetName=GOM_GND_1 Pin=Ccomp-2
Added Pin To Net: NetName=NetCcomp_2_1 Pin=Ccomp_2-1
Added Pin To Net: NetName=GOM_GND_2 Pin=Ccomp_2-2
Added Pin To Net: NetName=V_BAT_1 Pin=Cin2-1
Added Pin To Net: NetName=GOM_GND_1 Pin=Cin2-2
Added Pin To Net: NetName=V_BAT_2 Pin=Cin2_2-1
Added Pin To Net: NetName=GOM_GND_2 Pin=Cin2_2-2
Added Pin To Net: NetName=V_BAT_1 Pin=Cin-1
Added Pin To Net: NetName=GOM_GND_1 Pin=Cin-2
Added Pin To Net: NetName=V_BAT_2 Pin=Cin_2-1
Added Pin To Net: NetName=GOM_GND_2 Pin=Cin_2-2
Added Pin To Net: NetName=+12V_1 Pin=Cout-1
Added Pin To Net: NetName=GOM_GND_1 Pin=Cout-2
Added Pin To Net: NetName=+12V_2 Pin=Cout_2-1
Added Pin To Net: NetName=GOM_GND_2 Pin=Cout_2-2
Added Pin To Net: NetName=NetCss_1 Pin=Css-1
Added Pin To Net: NetName=GOM_GND_1 Pin=Css-2
Added Pin To Net: NetName=NetCss_2_1 Pin=Css_2-1
Added Pin To Net: NetName=GOM_GND_2 Pin=Css_2-2
Added Pin To Net: NetName=NetCvcc_1 Pin=Cvcc-1
Added Pin To Net: NetName=GOM_GND_1 Pin=Cvcc-2
Added Pin To Net: NetName=NetCvcc_2_1 Pin=Cvcc_2-1
Added Pin To Net: NetName=GOM_GND_2 Pin=Cvcc_2-2
Added Pin To Net: NetName=V_BAT_1 Pin=L1-1
Added Pin To Net: NetName=NetCbst_1 Pin=L1-2
Added Pin To Net: NetName=V_BAT_2 Pin=L1_2-1
Added Pin To Net: NetName=NetCbst_2_1 Pin=L1_2-2
Added Pin To Net: NetName=C0 Pin=R1-1
Added Pin To Net: NetName=NetQ1_2 Pin=R1-2
Added Pin To Net: NetName=C1 Pin=R2-1
Added Pin To Net: NetName=NetQ2_2 Pin=R2-2
Added Pin To Net: NetName=C2 Pin=R3-1
Added Pin To Net: NetName=NetQ3_2 Pin=R3-2
Added Pin To Net: NetName=NetR4_1 Pin=R4-1
Added Pin To Net: NetName=NetQ4_2 Pin=R4-2
Added Pin To Net: NetName=NetCcomp_1 Pin=Rcomp-2
Added Pin To Net: NetName=NetCcomp_2_1 Pin=Rcomp_2-2
Added Pin To Net: NetName=NetRfbb_1 Pin=Rfbb-1
Added Pin To Net: NetName=GOM_GND_1 Pin=Rfbb-2
Added Pin To Net: NetName=NetRfbb_2_1 Pin=Rfbb_2-1
Added Pin To Net: NetName=GOM_GND_2 Pin=Rfbb_2-2
Added Pin To Net: NetName=+12V_1 Pin=Rfbt-1
Added Pin To Net: NetName=NetRfbb_1 Pin=Rfbt-2
Added Pin To Net: NetName=+12V_2 Pin=Rfbt_2-1
Added Pin To Net: NetName=NetRfbb_2_1 Pin=Rfbt_2-2
Added Pin To Net: NetName=NetRlim_1 Pin=Rlim-1
Added Pin To Net: NetName=GOM_GND_1 Pin=Rlim-2
Added Pin To Net: NetName=NetRlim_2_1 Pin=Rlim_2-1
Added Pin To Net: NetName=GOM_GND_2 Pin=Rlim_2-2
Added Pin To Net: NetName=NetCbst_1 Pin=Rt-1
Added Pin To Net: NetName=NetRt_2 Pin=Rt-2
Added Pin To Net: NetName=NetCbst_2_1 Pin=Rt_2-1
Added Pin To Net: NetName=NetRt_2_2 Pin=Rt_2-2
Added Pin To Net: NetName=NetCvcc_1 Pin=U1-1
Added Pin To Net: NetName=NetCvcc_1 Pin=U1-2
Added Pin To Net: NetName=NetRt_2 Pin=U1-3
Added Pin To Net: NetName=NetCbst_1 Pin=U1-4
Added Pin To Net: NetName=NetCbst_1 Pin=U1-5
Added Pin To Net: NetName=NetCbst_1 Pin=U1-6
Added Pin To Net: NetName=NetCbst_1 Pin=U1-7
Added Pin To Net: NetName=NetCbst_2 Pin=U1-8
Added Pin To Net: NetName=V_BAT_1 Pin=U1-9
Added Pin To Net: NetName=NetCss_1 Pin=U1-10
Added Pin To Net: NetName=GOM_GND_1 Pin=U1-11
Added Pin To Net: NetName=GOM_GND_1 Pin=U1-12
Added Pin To Net: NetName=GOM_GND_1 Pin=U1-13
Added Pin To Net: NetName=+12V_1 Pin=U1-14
Added Pin To Net: NetName=+12V_1 Pin=U1-15
Added Pin To Net: NetName=+12V_1 Pin=U1-16
Added Pin To Net: NetName=NetRfbb_1 Pin=U1-17
Added Pin To Net: NetName=NetCcomp2_1 Pin=U1-18
Added Pin To Net: NetName=NetRlim_1 Pin=U1-19
Added Pin To Net: NetName=GOM_GND_1 Pin=U1-20
Added Pin To Net: NetName=GOM_GND_1 Pin=U1-21
Added Pin To Net: NetName=NetCvcc_2_1 Pin=U2-1
Added Pin To Net: NetName=NetCvcc_2_1 Pin=U2-2
Added Pin To Net: NetName=NetRt_2_2 Pin=U2-3
Added Pin To Net: NetName=NetCbst_2_1 Pin=U2-4
Added Pin To Net: NetName=NetCbst_2_1 Pin=U2-5
Added Pin To Net: NetName=NetCbst_2_1 Pin=U2-6
Added Pin To Net: NetName=NetCbst_2_1 Pin=U2-7
Added Pin To Net: NetName=NetCbst_2_2 Pin=U2-8
Added Pin To Net: NetName=V_BAT_2 Pin=U2-9
Added Pin To Net: NetName=NetCss_2_1 Pin=U2-10
Added Pin To Net: NetName=GOM_GND_2 Pin=U2-11
Added Pin To Net: NetName=GOM_GND_2 Pin=U2-12
Added Pin To Net: NetName=GOM_GND_2 Pin=U2-13
Added Pin To Net: NetName=+12V_2 Pin=U2-14
Added Pin To Net: NetName=+12V_2 Pin=U2-15
Added Pin To Net: NetName=+12V_2 Pin=U2-16
Added Pin To Net: NetName=NetRfbb_2_1 Pin=U2-17
Added Pin To Net: NetName=NetCcomp2_2_1 Pin=U2-18
Added Pin To Net: NetName=NetRlim_2_1 Pin=U2-19
Added Pin To Net: NetName=GOM_GND_2 Pin=U2-20
Added Pin To Net: NetName=GOM_GND_2 Pin=U2-21
Added Member To Class: ClassName=U_DCDC_2_Rev3 Member=Component Cbst_2 GRM155R61A104KA0
Added Member To Class: ClassName=U_DCDC_1_Rev3 Member=Component Cbst GRM155R61A104KA0
Added Member To Class: ClassName=U_DCDC_2_Rev3 Member=Component Ccomp2_2 CL21C240JBANNNC
Added Member To Class: ClassName=U_DCDC_1_Rev3 Member=Component Ccomp2 CL21C240JBANNNC
Added Member To Class: ClassName=U_DCDC_2_Rev3 Member=Component Ccomp_2 CC0805KRX7R9BB47
Added Member To Class: ClassName=U_DCDC_1_Rev3 Member=Component Ccomp CC0805KRX7R9BB47
Added Member To Class: ClassName=U_DCDC_2_Rev3 Member=Component Cin2_2 GRM155R61C104KA8
Added Member To Class: ClassName=U_DCDC_1_Rev3 Member=Component Cin2 GRM155R61C104KA8
Added Member To Class: ClassName=U_DCDC_2_Rev3 Member=Component Cin_2 GRM32ER61C476ME1
Added Member To Class: ClassName=U_DCDC_1_Rev3 Member=Component Cin GRM32ER61C476ME1
Added Member To Class: ClassName=U_DCDC_2_Rev3 Member=Component Cout_2 C3216X5R1E476M16
Added Member To Class: ClassName=U_DCDC_1_Rev3 Member=Component Cout C3216X5R1E476M16
Added Member To Class: ClassName=U_DCDC_2_Rev3 Member=Component Css_2 GRM033R61A822KA0
Added Member To Class: ClassName=U_DCDC_1_Rev3 Member=Component Css GRM033R61A822KA0
Added Member To Class: ClassName=U_DCDC_2_Rev3 Member=Component Cvcc_2 GRM188R61A105KA6
Added Member To Class: ClassName=U_DCDC_1_Rev3 Member=Component Cvcc GRM188R61A105KA6
Added Member To Class: ClassName=U_DCDC_2_Rev3 Member=Component L1_2 SRP6540-1R5M
Added Member To Class: ClassName=U_DCDC_1_Rev3 Member=Component L1 SRP6540-1R5M
Added Member To Class: ClassName=SolSwitch Member=Component R1 100
Added Member To Class: ClassName=SolSwitch Member=Component R2 100
Added Member To Class: ClassName=SolSwitch Member=Component R3 100
Added Member To Class: ClassName=SolSwitch Member=Component R4 100
Added Member To Class: ClassName=U_DCDC_2_Rev3 Member=Component Rcomp_2 CRCW040245K3FKED
Added Member To Class: ClassName=U_DCDC_1_Rev3 Member=Component Rcomp CRCW040245K3FKED
Added Member To Class: ClassName=U_DCDC_2_Rev3 Member=Component Rfbb_2 RC0603FR-0782KL
Added Member To Class: ClassName=U_DCDC_1_Rev3 Member=Component Rfbb RC0603FR-0782KL
Added Member To Class: ClassName=U_DCDC_2_Rev3 Member=Component Rfbt_2 CRCW0402732KFKED
Added Member To Class: ClassName=U_DCDC_1_Rev3 Member=Component Rfbt CRCW0402732KFKED
Added Member To Class: ClassName=U_DCDC_2_Rev3 Member=Component Rlim_2 ERJ-8ENF1053V
Added Member To Class: ClassName=U_DCDC_1_Rev3 Member=Component Rlim ERJ-8ENF1053V
Added Member To Class: ClassName=U_DCDC_2_Rev3 Member=Component Rt_2 ERJ-8ENF2613V
Added Member To Class: ClassName=U_DCDC_1_Rev3 Member=Component Rt ERJ-8ENF2613V
Added Member To Class: ClassName=U_DCDC_1_Rev3 Member=Component U1 TPS61088RHLR
Added Member To Class: ClassName=U_DCDC_2_Rev3 Member=Component U2 TPS61088RHLR
Added Room: Name=U_DCDC_2_Rev3
