Removed Member From Class: ClassName=BoostConverter Member=Cin_2
Change Component Footprint: Designator=SolenoidConnector Old Footprint=Solenoid_Samtech New Footprint=Solenoid
Change Component Comment : Designator=Docking Old Comment= New Comment=Docking_Molex_30Pin
Change Component Comment : Designator=SolenoidConnector Old Comment= New Comment=Solenoid
Change Component Comment : Designator=XACT Old Comment= New Comment=XACT_Molex_40Pin
Change Component Designator: OldDesignator=Cin_2 NewDesignator=Cin
Added Pin To Net: NetName=+5V_1 Pin=PC-104-H2_25
Added Pin To Net: NetName=+5V_1 Pin=XACT-A9
Added Pin To Net: NetName=+5V_1 Pin=XACT-A25
Added Net: Name=+5V_1
Added Pin To Net: NetName=+5V_2 Pin=Docking-A8
Added Pin To Net: NetName=+5V_2 Pin=Docking-A9
Added Pin To Net: NetName=+5V_2 Pin=PC-104-H2_26
Added Net: Name=+5V_2
Added Pin To Net: NetName=+5V_3 Pin=PC-104-H1_47
Added Pin To Net: NetName=+5V_3 Pin=PIKSI_UARTA-4
Added Net: Name=+5V_3
Added Pin To Net: NetName=+5V_4 Pin=PC-104-H1_48
Added Net: Name=+5V_4
Added Pin To Net: NetName=+12V Pin=Cout-1
Added Pin To Net: NetName=+12V Pin=D1-2
Added Pin To Net: NetName=+12V Pin=D2-2
Added Pin To Net: NetName=+12V Pin=D3-2
Added Pin To Net: NetName=+12V Pin=D4-2
Added Pin To Net: NetName=+12V Pin=Docking-A4
Added Pin To Net: NetName=+12V Pin=Docking-A5
Added Pin To Net: NetName=+12V Pin=Rfbt-1
Added Pin To Net: NetName=+12V Pin=SolenoidConnector-1
Added Pin To Net: NetName=+12V Pin=SolenoidConnector-3
Added Pin To Net: NetName=+12V Pin=SolenoidConnector-5
Added Pin To Net: NetName=+12V Pin=SolenoidConnector-7
Added Pin To Net: NetName=+12V Pin=U2-14
Added Pin To Net: NetName=+12V Pin=U2-15
Added Pin To Net: NetName=+12V Pin=U2-16
Added Pin To Net: NetName=+12V Pin=XACT-A15
Added Pin To Net: NetName=+12V Pin=XACT-A31
Added Net: Name=+12V
Added Pin To Net: NetName=ANALOGGND Pin=PAmp-6
Added Pin To Net: NetName=ANALOGGND Pin=PC-104-H2_31
Added Net: Name=ANALOGGND
Added Pin To Net: NetName=BAT_CHARGE Pin=Barrel Jack-1
Added Pin To Net: NetName=BAT_CHARGE Pin=Barrel Jack-1A
Added Pin To Net: NetName=BAT_CHARGE Pin=Barrel Jack-1B
Added Pin To Net: NetName=BAT_CHARGE Pin=PC-104-H1_32
Added Net: Name=BAT_CHARGE
Added Pin To Net: NetName=BAT_GOM Pin=Cin2-1
Added Pin To Net: NetName=BAT_GOM Pin=Cin-1
Added Pin To Net: NetName=BAT_GOM Pin=L1-1
Added Pin To Net: NetName=BAT_GOM Pin=U2-9
Added Net: Name=BAT_GOM
Added Pin To Net: NetName=C0 Pin=PC-104-H2_13
Added Pin To Net: NetName=C0 Pin=R1-1
Added Pin To Net: NetName=C0 Pin=R7-1
Added Net: Name=C0
Added Pin To Net: NetName=C1 Pin=PC-104-H2_14
Added Pin To Net: NetName=C1 Pin=R2-1
Added Pin To Net: NetName=C1 Pin=R8-1
Added Net: Name=C1
Added Pin To Net: NetName=C2 Pin=PC-104-H2_15
Added Pin To Net: NetName=C2 Pin=R3-1
Added Pin To Net: NetName=C2 Pin=R9-1
Added Net: Name=C2
Added Pin To Net: NetName=C3 Pin=PC-104-H2_16
Added Net: Name=C3
Added Pin To Net: NetName=GND Pin=PIKSI_UARTA-0
Added Net: Name=GND
Added Pin To Net: NetName=GOM_GND_1 Pin=PC-104-H2_29
Added Net: Name=GOM_GND_1
Added Pin To Net: NetName=GOM_GND_2 Pin=PC-104-H2_30
Added Pin To Net: NetName=GOM_GND_2 Pin=Q1-3
Added Pin To Net: NetName=GOM_GND_2 Pin=Q2-3
Added Pin To Net: NetName=GOM_GND_2 Pin=Q3-3
Added Pin To Net: NetName=GOM_GND_2 Pin=Q4-3
Added Pin To Net: NetName=GOM_GND_2 Pin=R7-2
Added Pin To Net: NetName=GOM_GND_2 Pin=R8-2
Added Pin To Net: NetName=GOM_GND_2 Pin=R9-2
Added Pin To Net: NetName=GOM_GND_2 Pin=R10-2
Added Net: Name=GOM_GND_2
Added Pin To Net: NetName=GOM_GND_3 Pin=Barrel Jack-2
Added Pin To Net: NetName=GOM_GND_3 Pin=Barrel Jack-2A
Added Pin To Net: NetName=GOM_GND_3 Pin=Barrel Jack-2B
Added Pin To Net: NetName=GOM_GND_3 Pin=Barrel Jack-3
Added Pin To Net: NetName=GOM_GND_3 Pin=Barrel Jack-3A
Added Pin To Net: NetName=GOM_GND_3 Pin=Barrel Jack-3B
Added Pin To Net: NetName=GOM_GND_3 Pin=Docking-A10
Added Pin To Net: NetName=GOM_GND_3 Pin=Docking-A11
Added Pin To Net: NetName=GOM_GND_3 Pin=Docking-A12
Added Pin To Net: NetName=GOM_GND_3 Pin=FlightSwitch-1
Added Pin To Net: NetName=GOM_GND_3 Pin=Microswitch-3
Added Pin To Net: NetName=GOM_GND_3 Pin=PC-104-H2_32
Added Net: Name=GOM_GND_3
Added Pin To Net: NetName=GOM_GND Pin=Docking-A13
Added Net: Name=GOM_GND
Added Pin To Net: NetName=GPIO_ANALOG Pin=PC-104-H1_39
Added Net: Name=GPIO_ANALOG
Added Pin To Net: NetName=GPS-3V3_1 Pin=PC-104-H2_27
Added Pin To Net: NetName=GPS-3V3_1 Pin=XACT-A13
Added Net: Name=GPS-3V3_1
Added Pin To Net: NetName=GPS-3V3_2 Pin=CurrentSource-0
Added Pin To Net: NetName=GPS-3V3_2 Pin=PC-104-H2_28
Added Pin To Net: NetName=GPS-3V3_2 Pin=PressureCon-2
Added Net: Name=GPS-3V3_2
Added Pin To Net: NetName=I2C_SCL Pin=Docking-A24
Added Pin To Net: NetName=I2C_SCL Pin=PC-104-H1_1
Added Pin To Net: NetName=I2C_SCL Pin=PC-104-H1_43
Added Net: Name=I2C_SCL
Added Pin To Net: NetName=I2C_SDA Pin=Docking-A23
Added Pin To Net: NetName=I2C_SDA Pin=PC-104-H1_3
Added Pin To Net: NetName=I2C_SDA Pin=PC-104-H1_41
Added Net: Name=I2C_SDA
Added Pin To Net: NetName=NetCbst_1 Pin=Cbst-1
Added Pin To Net: NetName=NetCbst_1 Pin=L1-2
Added Pin To Net: NetName=NetCbst_1 Pin=Rt-1
Added Pin To Net: NetName=NetCbst_1 Pin=U2-4
Added Pin To Net: NetName=NetCbst_1 Pin=U2-5
Added Pin To Net: NetName=NetCbst_1 Pin=U2-6
Added Pin To Net: NetName=NetCbst_1 Pin=U2-7
Added Net: Name=NetCbst_1
Added Pin To Net: NetName=NetCbst_2 Pin=Cbst-2
Added Pin To Net: NetName=NetCbst_2 Pin=U2-8
Added Net: Name=NetCbst_2
Added Pin To Net: NetName=NetCcomp2_2 Pin=Ccomp2-2
Added Pin To Net: NetName=NetCcomp2_2 Pin=Rcomp-1
Added Pin To Net: NetName=NetCcomp2_2 Pin=U2-18
Added Net: Name=NetCcomp2_2
Added Pin To Net: NetName=NetCcomp_1 Pin=Ccomp-1
Added Pin To Net: NetName=NetCcomp_1 Pin=Rcomp-2
Added Net: Name=NetCcomp_1
Added Pin To Net: NetName=NetCss_2 Pin=Css-2
Added Pin To Net: NetName=NetCss_2 Pin=U2-10
Added Net: Name=NetCss_2
Added Pin To Net: NetName=NetCurrentSource_1 Pin=CurrentSource-1
Added Pin To Net: NetName=NetCurrentSource_1 Pin=R5-2
Added Pin To Net: NetName=NetCurrentSource_1 Pin=R6-2
Added Net: Name=NetCurrentSource_1
Added Pin To Net: NetName=NetCurrentSource_2 Pin=CurrentSource-2
Added Pin To Net: NetName=NetCurrentSource_2 Pin=D9-1
Added Pin To Net: NetName=NetCurrentSource_2 Pin=R5-1
Added Net: Name=NetCurrentSource_2
Added Pin To Net: NetName=NetCvcc_2 Pin=Cvcc-2
Added Pin To Net: NetName=NetCvcc_2 Pin=U2-1
Added Pin To Net: NetName=NetCvcc_2 Pin=U2-2
Added Net: Name=NetCvcc_2
Added Pin To Net: NetName=NetD1_1 Pin=D1-1
Added Pin To Net: NetName=NetD1_1 Pin=Q1-1
Added Pin To Net: NetName=NetD1_1 Pin=SolenoidConnector-2
Added Net: Name=NetD1_1
Added Pin To Net: NetName=NetD2_1 Pin=D2-1
Added Pin To Net: NetName=NetD2_1 Pin=Q2-1
Added Pin To Net: NetName=NetD2_1 Pin=SolenoidConnector-4
Added Net: Name=NetD2_1
Added Pin To Net: NetName=NetD3_1 Pin=D3-1
Added Pin To Net: NetName=NetD3_1 Pin=Q3-1
Added Pin To Net: NetName=NetD3_1 Pin=SolenoidConnector-6
Added Net: Name=NetD3_1
Added Pin To Net: NetName=NetD4_1 Pin=D4-1
Added Pin To Net: NetName=NetD4_1 Pin=Q4-1
Added Pin To Net: NetName=NetD4_1 Pin=SolenoidConnector-8
Added Net: Name=NetD4_1
Added Pin To Net: NetName=NetD9_2 Pin=D9-2
Added Pin To Net: NetName=NetD9_2 Pin=PressureCon-3
Added Pin To Net: NetName=NetD9_2 Pin=R6-1
Added Net: Name=NetD9_2
Added Pin To Net: NetName=NetDocking_0 Pin=Docking-A1
Added Pin To Net: NetName=NetDocking_0 Pin=PC-104-H1_20
Added Net: Name=NetDocking_0
Added Pin To Net: NetName=NetDocking_1 Pin=Docking-A2
Added Pin To Net: NetName=NetDocking_1 Pin=PC-104-H1_24
Added Net: Name=NetDocking_1
Added Pin To Net: NetName=NetDocking_2 Pin=Docking-A3
Added Pin To Net: NetName=NetDocking_2 Pin=PC-104-H1_26
Added Net: Name=NetDocking_2
Added Pin To Net: NetName=NetDocking_13 Pin=Docking-A14
Added Pin To Net: NetName=NetDocking_13 Pin=Docking-A15
Added Pin To Net: NetName=NetDocking_13 Pin=PC-104-H2_46
Added Net: Name=NetDocking_13
Added Pin To Net: NetName=NetDocking_15 Pin=Docking-A16
Added Pin To Net: NetName=NetDocking_15 Pin=PC-104-H1_27
Added Net: Name=NetDocking_15
Added Pin To Net: NetName=NetDocking_16 Pin=Docking-A17
Added Pin To Net: NetName=NetDocking_16 Pin=PC-104-H1_25
Added Net: Name=NetDocking_16
Added Pin To Net: NetName=NetDocking_17 Pin=Docking-A18
Added Pin To Net: NetName=NetDocking_17 Pin=PC-104-H2_1
Added Net: Name=NetDocking_17
Added Pin To Net: NetName=NetDocking_18 Pin=Docking-A19
Added Pin To Net: NetName=NetDocking_18 Pin=PC-104-H1_9
Added Net: Name=NetDocking_18
Added Pin To Net: NetName=NetDocking_19 Pin=Docking-A20
Added Pin To Net: NetName=NetDocking_19 Pin=PC-104-H1_11
Added Net: Name=NetDocking_19
Added Pin To Net: NetName=NetDocking_20 Pin=Docking-A21
Added Pin To Net: NetName=NetDocking_20 Pin=PC-104-H1_7
Added Net: Name=NetDocking_20
Added Pin To Net: NetName=NetDocking_21 Pin=Docking-A22
Added Pin To Net: NetName=NetDocking_21 Pin=PC-104-H1_5
Added Net: Name=NetDocking_21
Added Pin To Net: NetName=NetDsub_1 Pin=Dsub-1
Added Pin To Net: NetName=NetDsub_1 Pin=Dsub-1
Added Pin To Net: NetName=NetDsub_1 Pin=PC-104-H1_15
Added Net: Name=NetDsub_1
Added Pin To Net: NetName=NetDsub_2 Pin=Dsub-2
Added Pin To Net: NetName=NetDsub_2 Pin=Dsub-2
Added Pin To Net: NetName=NetDsub_2 Pin=PC-104-H1_13
Added Net: Name=NetDsub_2
Added Pin To Net: NetName=NetFlightSwitch_2 Pin=FlightSwitch-2
Added Pin To Net: NetName=NetFlightSwitch_2 Pin=Microswitch-2
Added Net: Name=NetFlightSwitch_2
Added Pin To Net: NetName=NetPAmp_1 Pin=PAmp-1
Added Pin To Net: NetName=NetPAmp_1 Pin=PressureCon-1
Added Net: Name=NetPAmp_1
Added Pin To Net: NetName=NetPAmp_2 Pin=PAmp-2
Added Pin To Net: NetName=NetPAmp_2 Pin=PressureCon-6
Added Net: Name=NetPAmp_2
Added Pin To Net: NetName=NetPAmp_3 Pin=PAmp-3
Added Pin To Net: NetName=NetPAmp_3 Pin=PressureCon-5
Added Net: Name=NetPAmp_3
Added Pin To Net: NetName=NetPAmp_4 Pin=PAmp-4
Added Pin To Net: NetName=NetPAmp_4 Pin=PressureCon-4
Added Net: Name=NetPAmp_4
Added Pin To Net: NetName=NetPAmp_7 Pin=PAmp-7
Added Net: Name=NetPAmp_7
Added Pin To Net: NetName=NetPC-104_H1_17 Pin=PC-104-H1_17
Added Pin To Net: NetName=NetPC-104_H1_17 Pin=PIKSI_UARTA-2
Added Net: Name=NetPC-104_H1_17
Added Pin To Net: NetName=NetPC-104_H1_19 Pin=PC-104-H1_19
Added Pin To Net: NetName=NetPC-104_H1_19 Pin=PIKSI_UARTA-1
Added Net: Name=NetPC-104_H1_19
Added Pin To Net: NetName=NetPC-104_H1_49 Pin=PC-104-H1_49
Added Net: Name=NetPC-104_H1_49
Added Pin To Net: NetName=NetPC-104_H1_50 Pin=PC-104-H1_50
Added Net: Name=NetPC-104_H1_50
Added Pin To Net: NetName=NetPC-104_H1_51 Pin=PC-104-H1_51
Added Net: Name=NetPC-104_H1_51
Added Pin To Net: NetName=NetPC-104_H1_52 Pin=PC-104-H1_52
Added Net: Name=NetPC-104_H1_52
Added Pin To Net: NetName=NetQ1_2 Pin=Q1-2
Added Pin To Net: NetName=NetQ1_2 Pin=R1-2
Added Net: Name=NetQ1_2
Added Pin To Net: NetName=NetQ2_2 Pin=Q2-2
Added Pin To Net: NetName=NetQ2_2 Pin=R2-2
Added Net: Name=NetQ2_2
Added Pin To Net: NetName=NetQ3_2 Pin=Q3-2
Added Pin To Net: NetName=NetQ3_2 Pin=R3-2
Added Net: Name=NetQ3_2
Added Pin To Net: NetName=NetQ4_2 Pin=Q4-2
Added Pin To Net: NetName=NetQ4_2 Pin=R4-2
Added Net: Name=NetQ4_2
Added Pin To Net: NetName=NetR4_1 Pin=R4-1
Added Pin To Net: NetName=NetR4_1 Pin=R10-1
Added Net: Name=NetR4_1
Added Pin To Net: NetName=NetRfbb_1 Pin=Rfbb-1
Added Pin To Net: NetName=NetRfbb_1 Pin=Rfbt-2
Added Pin To Net: NetName=NetRfbb_1 Pin=U2-17
Added Net: Name=NetRfbb_1
Added Pin To Net: NetName=NetRlim_1 Pin=Rlim-1
Added Pin To Net: NetName=NetRlim_1 Pin=U2-19
Added Net: Name=NetRlim_1
Added Pin To Net: NetName=NetRt_2 Pin=Rt-2
Added Pin To Net: NetName=NetRt_2 Pin=U2-3
Added Net: Name=NetRt_2
Added Pin To Net: NetName=POWER_GND Pin=Ccomp2-1
Added Pin To Net: NetName=POWER_GND Pin=Ccomp-2
Added Pin To Net: NetName=POWER_GND Pin=Cin2-2
Added Pin To Net: NetName=POWER_GND Pin=Cin-2
Added Pin To Net: NetName=POWER_GND Pin=Cout-2
Added Pin To Net: NetName=POWER_GND Pin=Css-1
Added Pin To Net: NetName=POWER_GND Pin=Cvcc-1
Added Pin To Net: NetName=POWER_GND Pin=Docking-A6
Added Pin To Net: NetName=POWER_GND Pin=Docking-A7
Added Pin To Net: NetName=POWER_GND Pin=Rfbb-2
Added Pin To Net: NetName=POWER_GND Pin=Rlim-2
Added Pin To Net: NetName=POWER_GND Pin=U2-11
Added Pin To Net: NetName=POWER_GND Pin=U2-12
Added Pin To Net: NetName=POWER_GND Pin=U2-13
Added Pin To Net: NetName=POWER_GND Pin=U2-20
Added Pin To Net: NetName=POWER_GND Pin=U2-21
Added Net: Name=POWER_GND
Added Member To Class: ClassName=Docking Member=Component Docking Docking_Molex_30Pin
Added Member To Class: ClassName=SolSwitch Member=Component SolenoidConnector Solenoid
Added Member To Class: ClassName=XACT Member=Component XACT XACT_Molex_40Pin
