Added Component: Designator=D1(SMC)
Added Component: Designator=D2(SMC)
Added Component: Designator=D3(SMC)
Added Component: Designator=D4(SMC)
Added Component: Designator=D5(SMC)
Added Component: Designator=D6(SMC)
Added Component: Designator=D7(SMC)
Added Component: Designator=D8(SMC)
Added Component: Designator=Q1(TO-226-AA)
Added Component: Designator=Q2(TO-226-AA)
Added Component: Designator=Q3(TO-226-AA)
Added Component: Designator=Q4(TO-226-AA)
Added Component: Designator=R1(0402)
Added Component: Designator=R2(0402)
Added Component: Designator=R3(0402)
Added Component: Designator=R4(0402)
Added Pin To Net: NetName=C0 Pin=D5-1
Added Net: Name=C0
Added Pin To Net: NetName=C1 Pin=D6-1
Added Net: Name=C1
Added Pin To Net: NetName=C2 Pin=D7-1
Added Net: Name=C2
Added Pin To Net: NetName=C3 Pin=D8-1
Added Net: Name=C3
Added Pin To Net: NetName=D1_SOL1 Pin=D1-1
Added Pin To Net: NetName=D1_SOL1 Pin=D1-2
Added Pin To Net: NetName=D1_SOL1 Pin=D2-2
Added Pin To Net: NetName=D1_SOL1 Pin=D3-2
Added Pin To Net: NetName=D1_SOL1 Pin=D4-2
Added Pin To Net: NetName=D1_SOL1 Pin=Q1-1
Added Net: Name=D1_SOL1
Added Pin To Net: NetName=DGND Pin=Q1-3
Added Pin To Net: NetName=DGND Pin=Q2-3
Added Pin To Net: NetName=DGND Pin=Q3-3
Added Pin To Net: NetName=DGND Pin=Q4-3
Added Net: Name=DGND
Added Pin To Net: NetName=NetD5_2 Pin=D5-2
Added Pin To Net: NetName=NetD5_2 Pin=R1-1
Added Net: Name=NetD5_2
Added Pin To Net: NetName=NetD6_2 Pin=D6-2
Added Pin To Net: NetName=NetD6_2 Pin=R2-1
Added Net: Name=NetD6_2
Added Pin To Net: NetName=NetD7_2 Pin=D7-2
Added Pin To Net: NetName=NetD7_2 Pin=R3-1
Added Net: Name=NetD7_2
Added Pin To Net: NetName=NetD8_2 Pin=D8-2
Added Pin To Net: NetName=NetD8_2 Pin=R4-1
Added Net: Name=NetD8_2
Added Pin To Net: NetName=NetQ1_2 Pin=Q1-2
Added Pin To Net: NetName=NetQ1_2 Pin=R1-2
Added Net: Name=NetQ1_2
Added Pin To Net: NetName=NetQ2_2 Pin=Q2-2
Added Pin To Net: NetName=NetQ2_2 Pin=R2-2
Added Net: Name=NetQ2_2
Added Pin To Net: NetName=NetQ3_2 Pin=Q3-2
Added Pin To Net: NetName=NetQ3_2 Pin=R3-2
Added Net: Name=NetQ3_2
Added Pin To Net: NetName=NetQ4_2 Pin=Q4-2
Added Pin To Net: NetName=NetQ4_2 Pin=R4-2
Added Net: Name=NetQ4_2
Added Pin To Net: NetName=Q2_SOL4 Pin=D2-1
Added Pin To Net: NetName=Q2_SOL4 Pin=Q2-1
Added Net: Name=Q2_SOL4
Added Pin To Net: NetName=Q3_SOL6 Pin=D3-1
Added Pin To Net: NetName=Q3_SOL6 Pin=Q3-1
Added Net: Name=Q3_SOL6
Added Pin To Net: NetName=Q4_SOL8 Pin=D4-1
Added Pin To Net: NetName=Q4_SOL8 Pin=Q4-1
Added Net: Name=Q4_SOL8
Added Class: Name=SolSwitch
Added Class: Name=D1_Nets
Added Class: Name=D2_Nets
Added Class: Name=D3_Nets
Added Class: Name=D4_Nets
Added Class: Name=D5_Nets
Added Class: Name=D6_Nets
Added Class: Name=D7_Nets
Added Class: Name=D8_Nets
Added Class: Name=Q1_Nets
Added Class: Name=Q2_Nets
Added Class: Name=Q3_Nets
Added Class: Name=Q4_Nets
Added Class: Name=R1_Nets
Added Class: Name=R2_Nets
Added Class: Name=R3_Nets
Added Class: Name=R4_Nets
Added Class: Name=Solenoid_Nets
Added Room: Name=SolSwitch
