Change Component DesignItemId : Designator=Docking Old DesignItemId= New DesignItemId=Docking Connector
Change Component Description : Designator=Docking Old Description= New Description=24 Pin Connector
Change Component Library : Designator=Docking Old Library= New Library=UmbilicalBoardV2.SCHLIB
Added Pin To Net: NetName=NetDocking_0 Pin=Docking-0
Added Pin To Net: NetName=NetDocking_1 Pin=Docking-1
Added Pin To Net: NetName=NetDocking_2 Pin=Docking-2
Added Pin To Net: NetName=+12V Pin=Docking-3
Added Pin To Net: NetName=+12V Pin=Docking-4
Added Pin To Net: NetName=NetCcomp2_1 Pin=Docking-5
Added Pin To Net: NetName=NetCcomp2_1 Pin=Docking-6
Added Pin To Net: NetName=+5V Pin=Docking-7
Added Pin To Net: NetName=+5V Pin=Docking-8
Added Pin To Net: NetName=NetBarrel Jack_2 Pin=Docking-9
Added Pin To Net: NetName=NetBarrel Jack_2 Pin=Docking-10
Added Pin To Net: NetName=NetBarrel Jack_2 Pin=Docking-11
Added Pin To Net: NetName=NetBarrel Jack_2 Pin=Docking-12
Added Pin To Net: NetName=BAT_GOM Pin=Docking-13
Added Pin To Net: NetName=BAT_GOM Pin=Docking-14
Added Pin To Net: NetName=NetDocking_15 Pin=Docking-15
Added Pin To Net: NetName=NetDocking_16 Pin=Docking-16
Added Pin To Net: NetName=NetDocking_17 Pin=Docking-17
Added Pin To Net: NetName=NetDocking_18 Pin=Docking-18
Added Pin To Net: NetName=NetDocking_19 Pin=Docking-19
Added Pin To Net: NetName=NetDocking_20 Pin=Docking-20
Added Pin To Net: NetName=NetDocking_21 Pin=Docking-21
Added Pin To Net: NetName=NetDocking_22 Pin=Docking-22
Added Pin To Net: NetName=NetDocking_23 Pin=Docking-23
Added Member To Class: ClassName=Docking Member=Component Docking 
