Removed Pin From Net: NetName=GOM_GND_1 Pin=Ccomp2-2
Removed Pin From Net: NetName=GOM_GND_1 Pin=Ccomp-2
Removed Pin From Net: NetName=V_BAT_1 Pin=Cin_1-1
Removed Pin From Net: NetName=GOM_GND_1 Pin=Cin_1-2
Removed Pin From Net: NetName=V_BAT_1 Pin=Cin_2-1
Removed Pin From Net: NetName=GOM_GND_1 Pin=Cin_2-2
Removed Pin From Net: NetName=V_BAT_1 Pin=Cin_3-1
Removed Pin From Net: NetName=GOM_GND_1 Pin=Cin_3-2
Removed Pin From Net: NetName=+12V_1_JUMP7 Pin=Cout_1-1
Removed Pin From Net: NetName=GOM_GND_1 Pin=Cout_1-2
Removed Pin From Net: NetName=+12V_1_JUMP7 Pin=Cout_2-1
Removed Pin From Net: NetName=GOM_GND_1 Pin=Cout_2-2
Removed Pin From Net: NetName=+12V_1_JUMP7 Pin=Cout_3-1
Removed Pin From Net: NetName=GOM_GND_1 Pin=Cout_3-2
Removed Pin From Net: NetName=GOM_GND_1 Pin=Css-1
Removed Pin From Net: NetName=GOM_GND_1 Pin=Cvcc-2
Removed Pin From Net: NetName=V_BAT_1 Pin=Cvin-1
Removed Pin From Net: NetName=GOM_GND_1 Pin=Cvin-2
Removed Pin From Net: NetName=GOM_GND_1 Pin=M1-1
Removed Pin From Net: NetName=GOM_GND_1 Pin=M1-2
Removed Pin From Net: NetName=GOM_GND_1 Pin=M1-3
Removed Pin From Net: NetName=+12V_1_JUMP7 Pin=M2-5
Removed Pin From Net: NetName=+12V_1_JUMP7 Pin=M2-6
Removed Pin From Net: NetName=+12V_1_JUMP7 Pin=M2-7
Removed Pin From Net: NetName=+12V_1_JUMP7 Pin=M2-8
Removed Pin From Net: NetName=+12V_1_JUMP7 Pin=M2-9
Removed Pin From Net: NetName=V_BAT_1 Pin=R13-1
Removed Pin From Net: NetName=GOM_GND_1 Pin=Rfbb-2
Removed Pin From Net: NetName=+12V_1_JUMP7 Pin=Rfbt-1
Removed Pin From Net: NetName=GOM_GND_1 Pin=RFrame1-1
Removed Pin From Net: NetName=V_BAT_1 Pin=Rsns1-2
Removed Pin From Net: NetName=V_BAT_1 Pin=Rsns2-2
Removed Pin From Net: NetName=GOM_GND_1 Pin=Rt-2
Removed Pin From Net: NetName=V_BAT_1 Pin=U1-7
Removed Pin From Net: NetName=GOM_GND_1 Pin=U1-9
Removed Pin From Net: NetName=GOM_GND_1 Pin=U1-16
Removed Pin From Net: NetName=GOM_GND_1 Pin=U1-17
Removed Pin From Net: NetName=GOM_GND_1 Pin=XACT-A4
Removed Pin From Net: NetName=SPI_SCK Pin=XACT-A5
Removed Pin From Net: NetName=SPI_MOSI Pin=XACT-A6
Removed Pin From Net: NetName=+5V_1_JUMP1 Pin=XACT-A9
Removed Pin From Net: NetName=GOM_GND_1 Pin=XACT-A10
Removed Pin From Net: NetName=GOM_GND_1 Pin=XACT-A14
Removed Pin From Net: NetName=+12V_1_JUMP8 Pin=XACT-A15
Removed Pin From Net: NetName=GOM_GND_1 Pin=XACT-A20
Removed Pin From Net: NetName=SPI_MISO Pin=XACT-A21
Removed Pin From Net: NetName=SPI_SS Pin=XACT-A22
Removed Pin From Net: NetName=+5V_1_JUMP1 Pin=XACT-A25
Removed Pin From Net: NetName=GOM_GND_1 Pin=XACT-A26
Removed Pin From Net: NetName=GOM_GND_1 Pin=XACT-A30
Removed Pin From Net: NetName=+12V_1_JUMP8 Pin=XACT-A31
Change Component Footprint: Designator=PC-104 Old Footprint= New Footprint=PC-104FOOTPRINT
Change Component Designator: OldDesignator=PIKSI_UARTA NewDesignator=PIKSI_UARTA_PIKSI_UARTA2
Change component parameters: Designator = "SolenoidConnector"; Footprint = "T2M-105-01-X-D-RA-WT"; UniqueID = "\PNSSTGDG\PICJOGBD"
Change component parameters. Clean all parameters for all variants
Change component parameters (AddParameter): Name = "CREATED"; Value = "September 24, 2014 - Wendy Xin"; VariantName = "[No Variations]"
Change component parameters (AddParameter): Name = "MANUFACTURER"; Value = "SAMTEC"; VariantName = "[No Variations]"
Change component parameters (AddParameter): Name = "MODIFIED"; Value = ""; VariantName = "[No Variations]"
Change component parameters (AddParameter): Name = "PCB DECAL"; Value = "T2M-105-01-X-D-RA-WT"; VariantName = "[No Variations]"
Change component parameters: Designator = "PresAmp"; Footprint = "R_8"; UniqueID = "\KSMQUTDM\PBYWAFXU"
Change component parameters. Clean all parameters for all variants
Change component parameters (AddParameter): Name = "Manufacturer_Part_Number"; Value = "AD627ARZ"; VariantName = "[No Variations]"
Change component parameters (AddParameter): Name = "RefDes"; Value = "Refdes"; VariantName = "[No Variations]"
Change component parameters (AddParameter): Name = "Type"; Value = "Type"; VariantName = "[No Variations]"
Change component parameters (AddParameter): Name = "Value"; Value = "Value"; VariantName = "[No Variations]"
Change component parameters (AddParameter): Name = "Vendor"; Value = "Vendor"; VariantName = "[No Variations]"
Change component parameters: Designator = "R1"; Footprint = "AXIAL-0.3"; UniqueID = "\PNSSTGDG\CIXSRTHD"
Change component parameters. Clean all parameters for all variants
Change component parameters (AddParameter): Name = "Manufacturer_Name"; Value = "Rohm"; VariantName = "[No Variations]"
Change component parameters (AddParameter): Name = "Manufacturer_Part_Number"; Value = "PMR100HZPFU6L00"; VariantName = "[No Variations]"
Change component parameters (AddParameter): Name = "RefDes"; Value = "RefDes"; VariantName = "[No Variations]"
Change component parameters (AddParameter): Name = "TYPE"; Value = "TYPE"; VariantName = "[No Variations]"
Change component parameters (AddParameter): Name = "Value"; Value = "6m"; VariantName = "[No Variations]"
Change component parameters (AddParameter): Name = "Vendor"; Value = "Rohm"; VariantName = "[No Variations]"
Change component parameters: Designator = "R2"; Footprint = "AXIAL-0.3"; UniqueID = "\PNSSTGDG\XEKOCBMK"
Change component parameters. Clean all parameters for all variants
Change component parameters (AddParameter): Name = "Manufacturer_Name"; Value = "Rohm"; VariantName = "[No Variations]"
Change component parameters (AddParameter): Name = "Manufacturer_Part_Number"; Value = "PMR100HZPFU6L00"; VariantName = "[No Variations]"
Change component parameters (AddParameter): Name = "RefDes"; Value = "RefDes"; VariantName = "[No Variations]"
Change component parameters (AddParameter): Name = "TYPE"; Value = "TYPE"; VariantName = "[No Variations]"
Change component parameters (AddParameter): Name = "Value"; Value = "6m"; VariantName = "[No Variations]"
Change component parameters (AddParameter): Name = "Vendor"; Value = "Rohm"; VariantName = "[No Variations]"
Change component parameters: Designator = "R3"; Footprint = "AXIAL-0.3"; UniqueID = "\PNSSTGDG\DRJJMSKL"
Change component parameters. Clean all parameters for all variants
Change component parameters (AddParameter): Name = "Manufacturer_Name"; Value = "Rohm"; VariantName = "[No Variations]"
Change component parameters (AddParameter): Name = "Manufacturer_Part_Number"; Value = "PMR100HZPFU6L00"; VariantName = "[No Variations]"
Change component parameters (AddParameter): Name = "RefDes"; Value = "RefDes"; VariantName = "[No Variations]"
Change component parameters (AddParameter): Name = "TYPE"; Value = "TYPE"; VariantName = "[No Variations]"
Change component parameters (AddParameter): Name = "Value"; Value = "6m"; VariantName = "[No Variations]"
Change component parameters (AddParameter): Name = "Vendor"; Value = "Rohm"; VariantName = "[No Variations]"
Change component parameters: Designator = "R4"; Footprint = "AXIAL-0.3"; UniqueID = "\PNSSTGDG\GSJDTCXB"
Change component parameters. Clean all parameters for all variants
Change component parameters (AddParameter): Name = "Manufacturer_Name"; Value = "Rohm"; VariantName = "[No Variations]"
Change component parameters (AddParameter): Name = "Manufacturer_Part_Number"; Value = "PMR100HZPFU6L00"; VariantName = "[No Variations]"
Change component parameters (AddParameter): Name = "RefDes"; Value = "RefDes"; VariantName = "[No Variations]"
Change component parameters (AddParameter): Name = "TYPE"; Value = "TYPE"; VariantName = "[No Variations]"
Change component parameters (AddParameter): Name = "Value"; Value = "6m"; VariantName = "[No Variations]"
Change component parameters (AddParameter): Name = "Vendor"; Value = "Rohm"; VariantName = "[No Variations]"
Change component parameters: Designator = "R7"; Footprint = "AXIAL-0.3"; UniqueID = "\PNSSTGDG\MPOVDQJU"
Change component parameters. Clean all parameters for all variants
Change component parameters (AddParameter): Name = "Manufacturer_Name"; Value = "Rohm"; VariantName = "[No Variations]"
Change component parameters (AddParameter): Name = "Manufacturer_Part_Number"; Value = "PMR100HZPFU6L00"; VariantName = "[No Variations]"
Change component parameters (AddParameter): Name = "RefDes"; Value = "RefDes"; VariantName = "[No Variations]"
Change component parameters (AddParameter): Name = "TYPE"; Value = "TYPE"; VariantName = "[No Variations]"
Change component parameters (AddParameter): Name = "Value"; Value = "6m"; VariantName = "[No Variations]"
Change component parameters (AddParameter): Name = "Vendor"; Value = "Rohm"; VariantName = "[No Variations]"
Change component parameters: Designator = "R8"; Footprint = "AXIAL-0.3"; UniqueID = "\PNSSTGDG\WBRHJFIY"
Change component parameters. Clean all parameters for all variants
Change component parameters (AddParameter): Name = "Manufacturer_Name"; Value = "Rohm"; VariantName = "[No Variations]"
Change component parameters (AddParameter): Name = "Manufacturer_Part_Number"; Value = "PMR100HZPFU6L00"; VariantName = "[No Variations]"
Change component parameters (AddParameter): Name = "RefDes"; Value = "RefDes"; VariantName = "[No Variations]"
Change component parameters (AddParameter): Name = "TYPE"; Value = "TYPE"; VariantName = "[No Variations]"
Change component parameters (AddParameter): Name = "Value"; Value = "6m"; VariantName = "[No Variations]"
Change component parameters (AddParameter): Name = "Vendor"; Value = "Rohm"; VariantName = "[No Variations]"
Change component parameters: Designator = "R9"; Footprint = "AXIAL-0.3"; UniqueID = "\PNSSTGDG\YMCFQUTG"
Change component parameters. Clean all parameters for all variants
Change component parameters (AddParameter): Name = "Manufacturer_Name"; Value = "Rohm"; VariantName = "[No Variations]"
Change component parameters (AddParameter): Name = "Manufacturer_Part_Number"; Value = "PMR100HZPFU6L00"; VariantName = "[No Variations]"
Change component parameters (AddParameter): Name = "RefDes"; Value = "RefDes"; VariantName = "[No Variations]"
Change component parameters (AddParameter): Name = "TYPE"; Value = "TYPE"; VariantName = "[No Variations]"
Change component parameters (AddParameter): Name = "Value"; Value = "6m"; VariantName = "[No Variations]"
Change component parameters (AddParameter): Name = "Vendor"; Value = "Rohm"; VariantName = "[No Variations]"
Change component parameters: Designator = "R10"; Footprint = "AXIAL-0.3"; UniqueID = "\PNSSTGDG\ETQEQUYE"
Change component parameters. Clean all parameters for all variants
Change component parameters (AddParameter): Name = "Manufacturer_Name"; Value = "Rohm"; VariantName = "[No Variations]"
Change component parameters (AddParameter): Name = "Manufacturer_Part_Number"; Value = "PMR100HZPFU6L00"; VariantName = "[No Variations]"
Change component parameters (AddParameter): Name = "RefDes"; Value = "RefDes"; VariantName = "[No Variations]"
Change component parameters (AddParameter): Name = "TYPE"; Value = "TYPE"; VariantName = "[No Variations]"
Change component parameters (AddParameter): Name = "Value"; Value = "6m"; VariantName = "[No Variations]"
Change component parameters (AddParameter): Name = "Vendor"; Value = "Rohm"; VariantName = "[No Variations]"
Change component parameters: Designator = "R_Voltdiv_1"; Footprint = "0402"; UniqueID = "\SSYAOYGJ\QIRGDVUG"
Change component parameters. Clean all parameters for all variants
Change component parameters (AddParameter): Name = "Manufacturer_Name"; Value = "Vishay-Dale"; VariantName = "[No Variations]"
Change component parameters (AddParameter): Name = "Manufacturer_Part_Number"; Value = "CRCW040210R0FKED"; VariantName = "[No Variations]"
Change component parameters (AddParameter): Name = "RefDes"; Value = "RefDes"; VariantName = "[No Variations]"
Change component parameters (AddParameter): Name = "TYPE"; Value = "TYPE"; VariantName = "[No Variations]"
Change component parameters (AddParameter): Name = "Value"; Value = "3000"; VariantName = "[No Variations]"
Change component parameters (AddParameter): Name = "Vendor"; Value = "Vishay-Dale"; VariantName = "[No Variations]"
Change component parameters: Designator = "R_Voltdiv_2"; Footprint = "0402"; UniqueID = "\SSYAOYGJ\QPGYRVMC"
Change component parameters. Clean all parameters for all variants
Change component parameters (AddParameter): Name = "Manufacturer_Name"; Value = "Vishay-Dale"; VariantName = "[No Variations]"
Change component parameters (AddParameter): Name = "Manufacturer_Part_Number"; Value = "CRCW040210R0FKED"; VariantName = "[No Variations]"
Change component parameters (AddParameter): Name = "RefDes"; Value = "RefDes"; VariantName = "[No Variations]"
Change component parameters (AddParameter): Name = "TYPE"; Value = "TYPE"; VariantName = "[No Variations]"
Change component parameters (AddParameter): Name = "Value"; Value = "1090"; VariantName = "[No Variations]"
Change component parameters (AddParameter): Name = "Vendor"; Value = "Vishay-Dale"; VariantName = "[No Variations]"
Change component parameters: Designator = "Q1"; Footprint = "TO-226-AA"; UniqueID = "\PNSSTGDG\ACCPIRWS"
Change component parameters. Clean all parameters for all variants
Change component parameters (AddParameter): Name = "LatestRevisionDate"; Value = "17-Jul-2002"; VariantName = "[No Variations]"
Change component parameters (AddParameter): Name = "LatestRevisionNote"; Value = "Re-released for DXP Platform."; VariantName = "[No Variations]"
Change component parameters (AddParameter): Name = "PackageDescription"; Value = "TO, Flat Index; 3 In-Line, Axial Leads; Body Dia. 4.6mm; Lead Dia. 0.5 mm (max)"; VariantName = "[No Variations]"
Change component parameters (AddParameter): Name = "PackageReference"; Value = "E3"; VariantName = "[No Variations]"
Change component parameters (AddParameter): Name = "PackageVersion"; Value = "1995/1996"; VariantName = "[No Variations]"
Change component parameters (AddParameter): Name = "Published"; Value = "8-Jun-2000"; VariantName = "[No Variations]"
Change component parameters (AddParameter): Name = "Publisher"; Value = "Altium Limited"; VariantName = "[No Variations]"
Change component parameters: Designator = "Q2"; Footprint = "TO-226-AA"; UniqueID = "\PNSSTGDG\YRFKAHUC"
Change component parameters. Clean all parameters for all variants
Change component parameters (AddParameter): Name = "LatestRevisionDate"; Value = "17-Jul-2002"; VariantName = "[No Variations]"
Change component parameters (AddParameter): Name = "LatestRevisionNote"; Value = "Re-released for DXP Platform."; VariantName = "[No Variations]"
Change component parameters (AddParameter): Name = "PackageDescription"; Value = "TO, Flat Index; 3 In-Line, Axial Leads; Body Dia. 4.6mm; Lead Dia. 0.5 mm (max)"; VariantName = "[No Variations]"
Change component parameters (AddParameter): Name = "PackageReference"; Value = "E3"; VariantName = "[No Variations]"
Change component parameters (AddParameter): Name = "PackageVersion"; Value = "1995/1996"; VariantName = "[No Variations]"
Change component parameters (AddParameter): Name = "Published"; Value = "8-Jun-2000"; VariantName = "[No Variations]"
Change component parameters (AddParameter): Name = "Publisher"; Value = "Altium Limited"; VariantName = "[No Variations]"
Change component parameters: Designator = "Q3"; Footprint = "TO-226-AA"; UniqueID = "\PNSSTGDG\BXXARVQO"
Change component parameters. Clean all parameters for all variants
Change component parameters (AddParameter): Name = "LatestRevisionDate"; Value = "17-Jul-2002"; VariantName = "[No Variations]"
Change component parameters (AddParameter): Name = "LatestRevisionNote"; Value = "Re-released for DXP Platform."; VariantName = "[No Variations]"
Change component parameters (AddParameter): Name = "PackageDescription"; Value = "TO, Flat Index; 3 In-Line, Axial Leads; Body Dia. 4.6mm; Lead Dia. 0.5 mm (max)"; VariantName = "[No Variations]"
Change component parameters (AddParameter): Name = "PackageReference"; Value = "E3"; VariantName = "[No Variations]"
Change component parameters (AddParameter): Name = "PackageVersion"; Value = "1995/1996"; VariantName = "[No Variations]"
Change component parameters (AddParameter): Name = "Published"; Value = "8-Jun-2000"; VariantName = "[No Variations]"
Change component parameters (AddParameter): Name = "Publisher"; Value = "Altium Limited"; VariantName = "[No Variations]"
Change component parameters: Designator = "Q4"; Footprint = "TO-226-AA"; UniqueID = "\PNSSTGDG\EOUQGAVK"
Change component parameters. Clean all parameters for all variants
Change component parameters (AddParameter): Name = "LatestRevisionDate"; Value = "17-Jul-2002"; VariantName = "[No Variations]"
Change component parameters (AddParameter): Name = "LatestRevisionNote"; Value = "Re-released for DXP Platform."; VariantName = "[No Variations]"
Change component parameters (AddParameter): Name = "PackageDescription"; Value = "TO, Flat Index; 3 In-Line, Axial Leads; Body Dia. 4.6mm; Lead Dia. 0.5 mm (max)"; VariantName = "[No Variations]"
Change component parameters (AddParameter): Name = "PackageReference"; Value = "E3"; VariantName = "[No Variations]"
Change component parameters (AddParameter): Name = "PackageVersion"; Value = "1995/1996"; VariantName = "[No Variations]"
Change component parameters (AddParameter): Name = "Published"; Value = "8-Jun-2000"; VariantName = "[No Variations]"
Change component parameters (AddParameter): Name = "Publisher"; Value = "Altium Limited"; VariantName = "[No Variations]"
Change component parameters: Designator = "R11"; Footprint = "AXIAL-0.3"; UniqueID = "\KSMQUTDM\RRGMCWNA"
Change component parameters. Clean all parameters for all variants
Change component parameters (AddParameter): Name = "LatestRevisionDate"; Value = "17-Jul-2002"; VariantName = "[No Variations]"
Change component parameters (AddParameter): Name = "LatestRevisionNote"; Value = "Re-released for DXP Platform."; VariantName = "[No Variations]"
Change component parameters (AddParameter): Name = "PackageDescription"; Value = "Axial Device, Thru-Hole; 2 Leads; 0.3 in Pin Spacing"; VariantName = "[No Variations]"
Change component parameters (AddParameter): Name = "PackageReference"; Value = "AXIAL-0.3"; VariantName = "[No Variations]"
Change component parameters (AddParameter): Name = "Published"; Value = "8-Jun-2000"; VariantName = "[No Variations]"
Change component parameters (AddParameter): Name = "Publisher"; Value = "Altium Limited"; VariantName = "[No Variations]"
Change component parameters (AddParameter): Name = "Value"; Value = "Res"; VariantName = "[No Variations]"
Change component parameters: Designator = "R12"; Footprint = "AXIAL-0.3"; UniqueID = "\KSMQUTDM\NHQAMCBO"
Change component parameters. Clean all parameters for all variants
Change component parameters (AddParameter): Name = "LatestRevisionDate"; Value = "17-Jul-2002"; VariantName = "[No Variations]"
Change component parameters (AddParameter): Name = "LatestRevisionNote"; Value = "Re-released for DXP Platform."; VariantName = "[No Variations]"
Change component parameters (AddParameter): Name = "PackageDescription"; Value = "Axial Device, Thru-Hole; 2 Leads; 0.3 in Pin Spacing"; VariantName = "[No Variations]"
Change component parameters (AddParameter): Name = "PackageReference"; Value = "AXIAL-0.3"; VariantName = "[No Variations]"
Change component parameters (AddParameter): Name = "Published"; Value = "8-Jun-2000"; VariantName = "[No Variations]"
Change component parameters (AddParameter): Name = "Publisher"; Value = "Altium Limited"; VariantName = "[No Variations]"
Change component parameters (AddParameter): Name = "Value"; Value = "Res"; VariantName = "[No Variations]"
Change component parameters: Designator = "R15"; Footprint = "AXIAL-0.3"; UniqueID = "\KSMQUTDM\PYNTOPOQ"
Change component parameters. Clean all parameters for all variants
Change component parameters (AddParameter): Name = "LatestRevisionDate"; Value = "17-Jul-2002"; VariantName = "[No Variations]"
Change component parameters (AddParameter): Name = "LatestRevisionNote"; Value = "Re-released for DXP Platform."; VariantName = "[No Variations]"
Change component parameters (AddParameter): Name = "PackageDescription"; Value = "Axial Device, Thru-Hole; 2 Leads; 0.3 in Pin Spacing"; VariantName = "[No Variations]"
Change component parameters (AddParameter): Name = "PackageReference"; Value = "AXIAL-0.3"; VariantName = "[No Variations]"
Change component parameters (AddParameter): Name = "Published"; Value = "8-Jun-2000"; VariantName = "[No Variations]"
Change component parameters (AddParameter): Name = "Publisher"; Value = "Altium Limited"; VariantName = "[No Variations]"
Change component parameters (AddParameter): Name = "Value"; Value = "Res"; VariantName = "[No Variations]"
Change component parameters: Designator = "D1"; Footprint = "SMC"; UniqueID = "\PNSSTGDG\QSQUTFRY"
Change component parameters. Clean all parameters for all variants
Change component parameters (AddParameter): Name = "Code_JEDEC"; Value = "DO-214-AB"; VariantName = "[No Variations]"
Change component parameters (AddParameter): Name = "LatestRevisionDate"; Value = "17-Jul-2002"; VariantName = "[No Variations]"
Change component parameters (AddParameter): Name = "LatestRevisionNote"; Value = "Re-released for DXP Platform."; VariantName = "[No Variations]"
Change component parameters (AddParameter): Name = "PackageDescription"; Value = "DO-214-AB/SMC; 2 C-Bend Leads; Body 7.9 x 5.9 mm, inc. leads (LxW)"; VariantName = "[No Variations]"
Change component parameters (AddParameter): Name = "PackageReference"; Value = "SMC"; VariantName = "[No Variations]"
Change component parameters (AddParameter): Name = "PackageVersion"; Value = "Sep-1996"; VariantName = "[No Variations]"
Change component parameters (AddParameter): Name = "Published"; Value = "8-Jun-2000"; VariantName = "[No Variations]"
Change component parameters (AddParameter): Name = "Publisher"; Value = "Altium Limited"; VariantName = "[No Variations]"
Change component parameters: Designator = "D2"; Footprint = "SMC"; UniqueID = "\PNSSTGDG\TYRJPNON"
Change component parameters. Clean all parameters for all variants
Change component parameters (AddParameter): Name = "Code_JEDEC"; Value = "DO-214-AB"; VariantName = "[No Variations]"
Change component parameters (AddParameter): Name = "LatestRevisionDate"; Value = "17-Jul-2002"; VariantName = "[No Variations]"
Change component parameters (AddParameter): Name = "LatestRevisionNote"; Value = "Re-released for DXP Platform."; VariantName = "[No Variations]"
Change component parameters (AddParameter): Name = "PackageDescription"; Value = "DO-214-AB/SMC; 2 C-Bend Leads; Body 7.9 x 5.9 mm, inc. leads (LxW)"; VariantName = "[No Variations]"
Change component parameters (AddParameter): Name = "PackageReference"; Value = "SMC"; VariantName = "[No Variations]"
Change component parameters (AddParameter): Name = "PackageVersion"; Value = "Sep-1996"; VariantName = "[No Variations]"
Change component parameters (AddParameter): Name = "Published"; Value = "8-Jun-2000"; VariantName = "[No Variations]"
Change component parameters (AddParameter): Name = "Publisher"; Value = "Altium Limited"; VariantName = "[No Variations]"
Change component parameters: Designator = "D3"; Footprint = "SMC"; UniqueID = "\PNSSTGDG\OJLLFOOW"
Change component parameters. Clean all parameters for all variants
Change component parameters (AddParameter): Name = "Code_JEDEC"; Value = "DO-214-AB"; VariantName = "[No Variations]"
Change component parameters (AddParameter): Name = "LatestRevisionDate"; Value = "17-Jul-2002"; VariantName = "[No Variations]"
Change component parameters (AddParameter): Name = "LatestRevisionNote"; Value = "Re-released for DXP Platform."; VariantName = "[No Variations]"
Change component parameters (AddParameter): Name = "PackageDescription"; Value = "DO-214-AB/SMC; 2 C-Bend Leads; Body 7.9 x 5.9 mm, inc. leads (LxW)"; VariantName = "[No Variations]"
Change component parameters (AddParameter): Name = "PackageReference"; Value = "SMC"; VariantName = "[No Variations]"
Change component parameters (AddParameter): Name = "PackageVersion"; Value = "Sep-1996"; VariantName = "[No Variations]"
Change component parameters (AddParameter): Name = "Published"; Value = "8-Jun-2000"; VariantName = "[No Variations]"
Change component parameters (AddParameter): Name = "Publisher"; Value = "Altium Limited"; VariantName = "[No Variations]"
Change component parameters: Designator = "D4"; Footprint = "SMC"; UniqueID = "\PNSSTGDG\NLSFXKNP"
Change component parameters. Clean all parameters for all variants
Change component parameters (AddParameter): Name = "Code_JEDEC"; Value = "DO-214-AB"; VariantName = "[No Variations]"
Change component parameters (AddParameter): Name = "LatestRevisionDate"; Value = "17-Jul-2002"; VariantName = "[No Variations]"
Change component parameters (AddParameter): Name = "LatestRevisionNote"; Value = "Re-released for DXP Platform."; VariantName = "[No Variations]"
Change component parameters (AddParameter): Name = "PackageDescription"; Value = "DO-214-AB/SMC; 2 C-Bend Leads; Body 7.9 x 5.9 mm, inc. leads (LxW)"; VariantName = "[No Variations]"
Change component parameters (AddParameter): Name = "PackageReference"; Value = "SMC"; VariantName = "[No Variations]"
Change component parameters (AddParameter): Name = "PackageVersion"; Value = "Sep-1996"; VariantName = "[No Variations]"
Change component parameters (AddParameter): Name = "Published"; Value = "8-Jun-2000"; VariantName = "[No Variations]"
Change component parameters (AddParameter): Name = "Publisher"; Value = "Altium Limited"; VariantName = "[No Variations]"
Change component parameters: Designator = "RPOT"; Footprint = "VR5"; UniqueID = "\KSMQUTDM\WDIHTHGQ"
Change component parameters. Clean all parameters for all variants
Change component parameters (AddParameter): Name = "LatestRevisionDate"; Value = "17-Jul-2002"; VariantName = "[No Variations]"
Change component parameters (AddParameter): Name = "LatestRevisionNote"; Value = "Re-released for DXP Platform."; VariantName = "[No Variations]"
Change component parameters (AddParameter): Name = "PackageDescription"; Value = "Variable Resistor, Thru-Hole; 3 Leads"; VariantName = "[No Variations]"
Change component parameters (AddParameter): Name = "PackageReference"; Value = "VR5"; VariantName = "[No Variations]"
Change component parameters (AddParameter): Name = "Published"; Value = "8-Jun-2000"; VariantName = "[No Variations]"
Change component parameters (AddParameter): Name = "Publisher"; Value = "Altium Limited"; VariantName = "[No Variations]"
Change component parameters (AddParameter): Name = "Set Position"; Value = "0.5"; VariantName = "[No Variations]"
Change component parameters (AddParameter): Name = "Sim Note"; Value = "Enter the Resistance value and the set point into parameter fields."; VariantName = "[No Variations]"
Change component parameters (AddParameter): Name = "Value"; Value = "1K"; VariantName = "[No Variations]"
Change component parameters: Designator = "Q5"; Footprint = "TO-92A"; UniqueID = "\KSMQUTDM\KUVKTILV"
Change component parameters. Clean all parameters for all variants
Change component parameters (AddParameter): Name = "ComponentLink1Description"; Value = "Manufacturer Link"; VariantName = "[No Variations]"
Change component parameters (AddParameter): Name = "ComponentLink1URL"; Value = "http://www.fairchildsemi.com/"; VariantName = "[No Variations]"
Change component parameters (AddParameter): Name = "ComponentLink2Description"; Value = "Datasheet"; VariantName = "[No Variations]"
Change component parameters (AddParameter): Name = "ComponentLink2URL"; Value = "http://www.fairchildsemi.com/ds/2N%2F2N3906.pdf"; VariantName = "[No Variations]"
Change component parameters (AddParameter): Name = "DatasheetVersion"; Value = "1997"; VariantName = "[No Variations]"
Change component parameters (AddParameter): Name = "LatestRevisionDate"; Value = "15-Jan-2003"; VariantName = "[No Variations]"
Change component parameters (AddParameter): Name = "LatestRevisionNote"; Value = "PCB Footprint 'BCY-W3/D4.7' replaced"; VariantName = "[No Variations]"
Change component parameters (AddParameter): Name = "PackageDescription"; Value = "TO, Flat Index; 3 In-Line, Axial Leads; Body Dia. 4.5mm; Leads 0.51 x 0.48 mm (max)"; VariantName = "[No Variations]"
Change component parameters (AddParameter): Name = "PackageReference"; Value = "TO-92A"; VariantName = "[No Variations]"
Change component parameters (AddParameter): Name = "PackageVersion"; Value = "Sep-1998"; VariantName = "[No Variations]"
Change component parameters (AddParameter): Name = "Published"; Value = "8-Jun-2000"; VariantName = "[No Variations]"
Change component parameters (AddParameter): Name = "Publisher"; Value = "Altium Limited"; VariantName = "[No Variations]"
Added Component: Designator=ADCS Connector(Molex Picoblade 5 Pin)
Add component. Clean all parameters for all variants
Added Component: Designator=FrameGND(ViatoFrame)
Add component. Clean all parameters for all variants
Added Component: Designator=PIKSI_UARTA_PIKSI_UARTA1(Molex Picoblade 5 Pin)
Add component. Clean all parameters for all variants
Added Component: Designator=RFrame(AXIAL-0.3)
Add component. Clean all parameters for all variants
Add component (AddParameter): Name = "LatestRevisionDate"; Value = "17-Jul-2002"; VariantName = "[No Variations]"
Add component (AddParameter): Name = "LatestRevisionNote"; Value = "Re-released for DXP Platform."; VariantName = "[No Variations]"
Add component (AddParameter): Name = "PackageDescription"; Value = "Axial Device, Thru-Hole; 2 Leads; 0.3 in Pin Spacing"; VariantName = "[No Variations]"
Add component (AddParameter): Name = "PackageReference"; Value = "AXIAL-0.3"; VariantName = "[No Variations]"
Add component (AddParameter): Name = "Published"; Value = "8-Jun-2000"; VariantName = "[No Variations]"
Add component (AddParameter): Name = "Publisher"; Value = "Altium Limited"; VariantName = "[No Variations]"
Add component (AddParameter): Name = "Value"; Value = "1M"; VariantName = "[No Variations]"
Added Pin To Net: NetName=+5V_3_PIKSI_UARTA1 Pin=PIKSI_UARTA_PIKSI_UARTA1-4
Added Net: Name=+5V_3_PIKSI_UARTA1
Added Net: Name=5V_3
Added Net: Name=24V
Added Pin To Net: NetName=GND Pin=RPOT-1
Added Net: Name=GND
Added Pin To Net: NetName=GOM_GND_1_PIKSI_UARTA1 Pin=PIKSI_UARTA_PIKSI_UARTA1-0
Added Net: Name=GOM_GND_1_PIKSI_UARTA1
Added Pin To Net: NetName=NetADCS Connector_0 Pin=ADCS Connector-0
Added Net: Name=NetADCS Connector_0
Added Pin To Net: NetName=NetADCS Connector_1 Pin=ADCS Connector-1
Added Net: Name=NetADCS Connector_1
Added Pin To Net: NetName=NetADCS Connector_2 Pin=ADCS Connector-2
Added Net: Name=NetADCS Connector_2
Added Pin To Net: NetName=NetADCS Connector_3 Pin=ADCS Connector-3
Added Net: Name=NetADCS Connector_3
Added Pin To Net: NetName=NetADCS Connector_4 Pin=ADCS Connector-4
Added Net: Name=NetADCS Connector_4
Added Pin To Net: NetName=NetFrameGND_1 Pin=RFrame-2
Added Net: Name=NetFrameGND_1
Added Pin To Net: NetName=NetRFrame_1 Pin=RFrame-1
Added Net: Name=NetRFrame_1
Added Pin To Net: NetName=UART5_RX_J5_PIKSI_UARTA1 Pin=PIKSI_UARTA_PIKSI_UARTA1-1
Added Net: Name=UART5_RX_J5_PIKSI_UARTA1
Added Pin To Net: NetName=UART5_TX_J6_PIKSI_UARTA1 Pin=PIKSI_UARTA_PIKSI_UARTA1-2
Added Net: Name=UART5_TX_J6_PIKSI_UARTA1
Change Class Name : Old Net Name=PIKSI_UARTA New Net Name=PIKSI_UARTA2
Added Class: Name=PIKSI_UARTA1
Added Class: Name=U_24V Step Up Voltage Regulator U3V50F24
Added Class: Name=U_ADCS
Added Class: Name=U_GroundtoFrame
Added Class: Name=Piksi
Added Class: Name=PIKSI_UARTA1_StructureClass
Added Class: Name=PIKSI_UARTA2_StructureClass
Added Class: Name=TopV5_StructureClass
Added Room: Name=U_24V Step Up Voltage Regulator U3V50F24
Added Room: Name=U_ADCS
Added Room: Name=U_GroundtoFrame
