Added Component: Designator=*(PC-104FOOTPRINT)
Added Component: Designator=P1(HDR2X25)
Added Component: Designator=P2(HDR2X25)
Added Pin To Net: NetName=B6 Pin=*-H1_1
Added Pin To Net: NetName=H0 Pin=*-H1_2
Added Pin To Net: NetName=B9 Pin=*-H1_3
Added Pin To Net: NetName=H1 Pin=*-H1_4
Added Pin To Net: NetName=A4 Pin=*-H1_5
Added Pin To Net: NetName=A13 Pin=*-H1_6
Added Pin To Net: NetName=A5 Pin=*-H1_7
Added Pin To Net: NetName=A14 Pin=*-H1_8
Added Pin To Net: NetName=A6 Pin=*-H1_9
Added Pin To Net: NetName=B3 Pin=*-H1_10
Added Pin To Net: NetName=A7 Pin=*-H1_11
Added Pin To Net: NetName=E9 Pin=*-H1_12
Added Pin To Net: NetName=A1 Pin=*-H1_13
Added Pin To Net: NetName=A15 Pin=*-H1_14
Added Pin To Net: NetName=C10 Pin=*-H1_15
Added Pin To Net: NetName=B4 Pin=*-H1_16
Added Pin To Net: NetName=C12 Pin=*-H1_17
Added Pin To Net: NetName=B2 Pin=*-H1_18
Added Pin To Net: NetName=D2 Pin=*-H1_19
Added Pin To Net: NetName=E10 Pin=*-H1_20
Added Pin To Net: NetName=A9 Pin=*-H1_21
Added Pin To Net: NetName=E11 Pin=*-H1_22
Added Pin To Net: NetName=A10 Pin=*-H1_23
Added Pin To Net: NetName=E12 Pin=*-H1_24
Added Pin To Net: NetName=B10 Pin=*-H1_25
Added Pin To Net: NetName=E13 Pin=*-H1_26
Added Pin To Net: NetName=B11 Pin=*-H1_27
Added Pin To Net: NetName=E14 Pin=*-H1_28
Added Pin To Net: NetName=B14 Pin=*-H1_29
Added Pin To Net: NetName=E15 Pin=*-H1_30
Added Pin To Net: NetName=D11 Pin=*-H1_31
Added Pin To Net: NetName=5 V_IN Pin=*-H1_32
Added Pin To Net: NetName=C6 Pin=*-H1_33
Added Pin To Net: NetName=D12 Pin=*-H1_34
Added Pin To Net: NetName=C7 Pin=*-H1_35
Added Pin To Net: NetName=D13 Pin=*-H1_36
Added Pin To Net: NetName=C8 Pin=*-H1_37
Added Pin To Net: NetName=D14 Pin=*-H1_38
Added Pin To Net: NetName=E14 Pin=*-H1_39
Added Pin To Net: NetName=D15 Pin=*-H1_40
Added Pin To Net: NetName=12C-SDA Pin=*-H1_41
Added Pin To Net: NetName=E0 Pin=*-H1_42
Added Pin To Net: NetName=12C-SCL Pin=*-H1_43
Added Pin To Net: NetName=E1 Pin=*-H1_44
Added Pin To Net: NetName=E15 Pin=*-H1_45
Added Pin To Net: NetName=OUT-1 Pin=*-H1_47
Added Pin To Net: NetName=OUT-2 Pin=*-H1_48
Added Pin To Net: NetName=OUT-3 Pin=*-H1_49
Added Pin To Net: NetName=OUT-4 Pin=*-H1_50
Added Pin To Net: NetName=OUT-5 Pin=*-H1_51
Added Pin To Net: NetName=OUT-6 Pin=*-H1_52
Added Pin To Net: NetName=P1_1 Pin=*-H2_1
Added Pin To Net: NetName=P1_2 Pin=*-H2_2
Added Pin To Net: NetName=P1_3 Pin=*-H2_3
Added Pin To Net: NetName=P1_4 Pin=*-H2_4
Added Pin To Net: NetName=P1_6 Pin=*-H2_5
Added Pin To Net: NetName=P2_1 Pin=*-H2_7
Added Pin To Net: NetName=P2_2 Pin=*-H2_8
Added Pin To Net: NetName=P2_3 Pin=*-H2_9
Added Pin To Net: NetName=P2_4 Pin=*-H2_10
Added Pin To Net: NetName=P2_5 Pin=*-H2_11
Added Pin To Net: NetName=P2_6 Pin=*-H2_12
Added Pin To Net: NetName=C0 Pin=*-H2_13
Added Pin To Net: NetName=C1 Pin=*-H2_14
Added Pin To Net: NetName=C2 Pin=*-H2_15
Added Pin To Net: NetName=C3 Pin=*-H2_16
Added Pin To Net: NetName=A0 Pin=*-H2_17
Added Pin To Net: NetName=C4 Pin=*-H2_18
Added Pin To Net: NetName=B1 Pin=*-H2_19
Added Pin To Net: NetName=B0 Pin=*-H2_20
Added Pin To Net: NetName=+5V Pin=*-H2_25
Added Pin To Net: NetName=+5V Pin=*-H2_26
Added Pin To Net: NetName=+3.3V Pin=*-H2_27
Added Pin To Net: NetName=+3.3V Pin=*-H2_28
Added Pin To Net: NetName=GND Pin=*-H2_29
Added Pin To Net: NetName=GND Pin=*-H2_30
Added Pin To Net: NetName=AGND Pin=*-H2_31
Added Pin To Net: NetName=GND Pin=*-H2_32
Added Pin To Net: NetName=EPS RX Pin=*-H2_36
Added Pin To Net: NetName=EPS TX Pin=*-H2_38
Added Pin To Net: NetName=V_BAT Pin=*-H2_45
Added Pin To Net: NetName=V_BAT Pin=*-H2_46
Added Pin To Net: NetName=P1_49 Pin=*-H2_49
Added Pin To Net: NetName=P1_50 Pin=*-H2_50
Added Pin To Net: NetName=P2_49 Pin=*-H2_51
Added Pin To Net: NetName=P2_50 Pin=*-H2_52
Added Pin To Net: NetName=P1_1 Pin=P1-1
Added Pin To Net: NetName=P1_2 Pin=P1-2
Added Pin To Net: NetName=P1_3 Pin=P1-3
Added Pin To Net: NetName=P1_4 Pin=P1-4
Added Pin To Net: NetName=P1_6 Pin=P1-6
Added Pin To Net: NetName=C1 Pin=P1-7
Added Pin To Net: NetName=C0 Pin=P1-8
Added Pin To Net: NetName=C3 Pin=P1-9
Added Pin To Net: NetName=C2 Pin=P1-10
Added Pin To Net: NetName=A1 Pin=P1-11
Added Pin To Net: NetName=A0 Pin=P1-12
Added Pin To Net: NetName=A5 Pin=P1-15
Added Pin To Net: NetName=A4 Pin=P1-16
Added Pin To Net: NetName=A7 Pin=P1-17
Added Pin To Net: NetName=A6 Pin=P1-18
Added Pin To Net: NetName=C4 Pin=P1-20
Added Pin To Net: NetName=B1 Pin=P1-21
Added Pin To Net: NetName=B0 Pin=P1-22
Added Pin To Net: NetName=B2 Pin=P1-24
Added Pin To Net: NetName=E9 Pin=P1-27
Added Pin To Net: NetName=E10 Pin=P1-28
Added Pin To Net: NetName=E11 Pin=P1-29
Added Pin To Net: NetName=E12 Pin=P1-30
Added Pin To Net: NetName=E13 Pin=P1-31
Added Pin To Net: NetName=E14 Pin=P1-32
Added Pin To Net: NetName=E15 Pin=P1-33
Added Pin To Net: NetName=B10 Pin=P1-34
Added Pin To Net: NetName=B11 Pin=P1-35
Added Pin To Net: NetName=B14 Pin=P1-38
Added Pin To Net: NetName=D11 Pin=P1-43
Added Pin To Net: NetName=D12 Pin=P1-44
Added Pin To Net: NetName=D13 Pin=P1-45
Added Pin To Net: NetName=D14 Pin=P1-46
Added Pin To Net: NetName=D15 Pin=P1-47
Added Pin To Net: NetName=P1_49 Pin=P1-49
Added Pin To Net: NetName=P1_50 Pin=P1-50
Added Pin To Net: NetName=P2_1 Pin=P2-1
Added Pin To Net: NetName=P2_2 Pin=P2-2
Added Pin To Net: NetName=P2_3 Pin=P2-3
Added Pin To Net: NetName=P2_4 Pin=P2-4
Added Pin To Net: NetName=P2_5 Pin=P2-5
Added Pin To Net: NetName=P2_6 Pin=P2-6
Added Pin To Net: NetName=H0 Pin=P2-7
Added Pin To Net: NetName=H1 Pin=P2-8
Added Pin To Net: NetName=E0 Pin=P2-17
Added Pin To Net: NetName=E1 Pin=P2-18
Added Pin To Net: NetName=B9 Pin=P2-20
Added Pin To Net: NetName=B6 Pin=P2-23
Added Pin To Net: NetName=B4 Pin=P2-25
Added Pin To Net: NetName=B3 Pin=P2-28
Added Pin To Net: NetName=D2 Pin=P2-34
Added Pin To Net: NetName=C12 Pin=P2-35
Added Pin To Net: NetName=C10 Pin=P2-37
Added Pin To Net: NetName=A14 Pin=P2-39
Added Pin To Net: NetName=A15 Pin=P2-40
Added Pin To Net: NetName=A10 Pin=P2-41
Added Pin To Net: NetName=A13 Pin=P2-42
Added Pin To Net: NetName=A9 Pin=P2-44
Added Pin To Net: NetName=C8 Pin=P2-45
Added Pin To Net: NetName=C6 Pin=P2-47
Added Pin To Net: NetName=C7 Pin=P2-48
Added Pin To Net: NetName=P2_49 Pin=P2-49
Added Pin To Net: NetName=P2_50 Pin=P2-50
Added Pin To Net: NetName=A2 Pin=P1-14
Added Net: Name=A2
Added Pin To Net: NetName=A3 Pin=P1-13
Added Net: Name=A3
Added Pin To Net: NetName=A8 Pin=P2-43
Added Net: Name=A8
Added Pin To Net: NetName=B5 Pin=P2-26
Added Net: Name=B5
Added Pin To Net: NetName=B7 Pin=P2-24
Added Net: Name=B7
Added Pin To Net: NetName=B8 Pin=P2-19
Added Net: Name=B8
Added Pin To Net: NetName=B12 Pin=P1-36
Added Net: Name=B12
Added Pin To Net: NetName=B13 Pin=P1-37
Added Net: Name=B13
Added Pin To Net: NetName=B15 Pin=P1-39
Added Net: Name=B15
Added Pin To Net: NetName=C5 Pin=P1-19
Added Net: Name=C5
Added Pin To Net: NetName=C9 Pin=P2-46
Added Net: Name=C9
Added Pin To Net: NetName=C11 Pin=P2-38
Added Net: Name=C11
Added Pin To Net: NetName=C14 Pin=P2-9
Added Net: Name=C14
Added Pin To Net: NetName=C15 Pin=P2-10
Added Net: Name=C15
Added Pin To Net: NetName=D0 Pin=P2-36
Added Net: Name=D0
Added Pin To Net: NetName=D1 Pin=P2-33
Added Net: Name=D1
Added Pin To Net: NetName=D8 Pin=P1-40
Added Net: Name=D8
Added Pin To Net: NetName=D9 Pin=P1-41
Added Net: Name=D9
Added Pin To Net: NetName=D10 Pin=P1-42
Added Net: Name=D10
Added Pin To Net: NetName=E2 Pin=P2-15
Added Net: Name=E2
Added Pin To Net: NetName=E3 Pin=P2-16
Added Net: Name=E3
Added Pin To Net: NetName=E4 Pin=P2-13
Added Net: Name=E4
Added Pin To Net: NetName=E5 Pin=P2-14
Added Net: Name=E5
Added Pin To Net: NetName=E6 Pin=P2-11
Added Net: Name=E6
Added Pin To Net: NetName=P1_5 Pin=P1-5
Added Net: Name=P1_5
Added Member To Class: ClassName=AdapterBoard Member=Component * PC-104
Added Member To Class: ClassName=AdapterBoard Member=Component P1 Header 25X2
Added Member To Class: ClassName=AdapterBoard Member=Component P2 Header 25X2
