Removed Pin From Net: NetName=5V Pin=H2-2-1
Removed Pin From Net: NetName=NetH1-2_5 Pin=P2-5
Removed Pin From Net: NetName=NetH1-2_6 Pin=P2-6
Removed Pin From Net: NetName=NetH1-2_7 Pin=P2-7
Removed Pin From Net: NetName=NetH1-2_8 Pin=P2-8
Removed Pin From Net: NetName=NetH1-2_9 Pin=P2-9
Removed Pin From Net: NetName=NetH1-2_10 Pin=P2-10
Removed Pin From Net: NetName=NetH1-2_11 Pin=P2-11
Removed Pin From Net: NetName=NetH1-2_12 Pin=P2-14
Removed Pin From Net: NetName=NetH1-2_13 Pin=P2-16
Removed Pin From Net: NetName=NetH1-2_14 Pin=P2-20
Removed Pin From Net: NetName=NetH1-2_19 Pin=P2-21
Removed Pin From Net: NetName=NetH1-2_25 Pin=P2-23
Removed Pin From Net: NetName=NetH1-2_23 Pin=P2-25
Removed Pin From Net: NetName=NetH1-2_24 Pin=P2-30
Removed Pin From Net: NetName=NetH1-2_26 Pin=P2-32
Removed Pin From Net: NetName=NetH2-2_3 Pin=P2-34
Removed Pin From Net: NetName=NetH2-2_5 Pin=P2-38
Removed Pin From Net: NetName=NetH2-2_7 Pin=P2-44
Removed Pin From Net: NetName=NetH2-2_9 Pin=P2-46
Removed Pin From Net: NetName=NetH2-2_18 Pin=P2-47
Removed Pin From Net: NetName=NetH2-2_11 Pin=P2-48
Added Pin To Net: NetName=NetH1-2_6 Pin=P2-5
Added Pin To Net: NetName=NetH1-2_8 Pin=P2-7
Added Pin To Net: NetName=NetH1-2_10 Pin=P2-9
Added Pin To Net: NetName=NetH1-2_12 Pin=P2-11
Added Pin To Net: NetName=NetH1-2_14 Pin=P2-17
Added Pin To Net: NetName=NetH1-2_5 Pin=P2-19
Added Pin To Net: NetName=NetH2-2_18 Pin=P2-20
Added Pin To Net: NetName=NetH1-2_7 Pin=P2-21
Added Pin To Net: NetName=NetH1-2_9 Pin=P2-23
Added Pin To Net: NetName=NetH1-2_11 Pin=P2-25
Added Pin To Net: NetName=NetH1-2_13 Pin=P2-29
Added Pin To Net: NetName=NetH1-2_19 Pin=P2-32
Added Pin To Net: NetName=NetH2-2_3 Pin=P2-37
Added Pin To Net: NetName=NetH1-2_23 Pin=P2-38
Added Pin To Net: NetName=NetH2-2_5 Pin=P2-41
Added Pin To Net: NetName=NetH2-2_7 Pin=P2-43
Added Pin To Net: NetName=NetH1-2_25 Pin=P2-44
Added Pin To Net: NetName=NetH2-2_9 Pin=P2-45
Added Pin To Net: NetName=NetH1-2_24 Pin=P2-46
Added Pin To Net: NetName=NetH2-2_11 Pin=P2-47
Added Pin To Net: NetName=NetH1-2_26 Pin=P2-48
Added Pin To Net: NetName=NetH1-2_21 Pin=H1-2-21
Added Pin To Net: NetName=NetH1-2_21 Pin=P2-34
Added Net: Name=NetH1-2_21
Added Pin To Net: NetName=NetH2-2_1 Pin=H2-2-1
Added Pin To Net: NetName=NetH2-2_1 Pin=P2-35
Added Net: Name=NetH2-2_1
Added Pin To Net: NetName=NetH2-2_15 Pin=H2-2-15
Added Pin To Net: NetName=NetH2-2_15 Pin=P2-6
Added Net: Name=NetH2-2_15
Added Pin To Net: NetName=NetH2-2_17 Pin=H2-2-17
Added Pin To Net: NetName=NetH2-2_17 Pin=P2-8
Added Net: Name=NetH2-2_17
Added Pin To Net: NetName=NetH2-2_19 Pin=H2-2-19
Added Pin To Net: NetName=NetH2-2_19 Pin=P2-10
Added Net: Name=NetH2-2_19
Added Pin To Net: NetName=NetH2-2_20 Pin=H2-2-20
Added Pin To Net: NetName=NetH2-2_20 Pin=P2-24
Added Net: Name=NetH2-2_20
Added Pin To Net: NetName=NetH2-2_21 Pin=H2-2-21
Added Pin To Net: NetName=NetH2-2_21 Pin=P2-14
Added Net: Name=NetH2-2_21
Added Pin To Net: NetName=NetH2-2_22 Pin=H2-2-22
Added Pin To Net: NetName=NetH2-2_22 Pin=P2-26
Added Net: Name=NetH2-2_22
Added Pin To Net: NetName=NetH2-2_23 Pin=H2-2-23
Added Pin To Net: NetName=NetH2-2_23 Pin=P2-16
Added Net: Name=NetH2-2_23
Added Pin To Net: NetName=NetH2-2_24 Pin=H2-2-24
Added Pin To Net: NetName=NetH2-2_24 Pin=P2-28
Added Net: Name=NetH2-2_24
Added Pin To Net: NetName=NetH2-2_25 Pin=H2-2-25
Added Pin To Net: NetName=NetH2-2_25 Pin=P2-18
Added Net: Name=NetH2-2_25
Added Pin To Net: NetName=NetH2-2_26 Pin=H2-2-26
Added Pin To Net: NetName=NetH2-2_26 Pin=P2-30
Added Net: Name=NetH2-2_26
