Removed Pin From Net: NetName=NetH1-1_22 Pin=H1-2-1
Removed Pin From Net: NetName=NetH1-2_2 Pin=P1-3
Removed Pin From Net: NetName=NetH1-2_2 Pin=P1-4
Removed Pin From Net: NetName=NetH1-1_26 Pin=P1-6
Removed Pin From Net: NetName=NetH1-1_8 Pin=P1-7
Removed Pin From Net: NetName=NetH1-1_17 Pin=P1-8
Removed Pin From Net: NetName=NetH1-1_7 Pin=P1-9
Removed Pin From Net: NetName=NetH1-1_19 Pin=P1-10
Removed Pin From Net: NetName=NetH1-1_9 Pin=P1-11
Removed Pin From Net: NetName=NetH1-1_18 Pin=P1-12
Removed Pin From Net: NetName=NetH1-1_11 Pin=P1-13
Removed Pin From Net: NetName=NetH1-1_20 Pin=P1-14
Removed Pin From Net: NetName=NetH1-1_14 Pin=P1-15
Removed Pin From Net: NetName=NetH1-1_22 Pin=P1-16
Removed Pin From Net: NetName=NetH1-1_13 Pin=P1-17
Removed Pin From Net: NetName=NetH1-1_24 Pin=P1-18
Removed Pin From Net: NetName=NetH1-1_16 Pin=P1-19
Removed Pin From Net: NetName=NetH1-1_23 Pin=P1-20
Removed Pin From Net: NetName=NetH1-1_15 Pin=P1-21
Removed Pin From Net: NetName=NetH1-1_25 Pin=P1-22
Removed Pin From Net: NetName=NetH2-1_1 Pin=P1-26
Removed Pin From Net: NetName=NetH2-1_3 Pin=P1-27
Removed Pin From Net: NetName=NetH2-1_4 Pin=P1-28
Removed Pin From Net: NetName=NetH2-1_5 Pin=P1-29
Removed Pin From Net: NetName=NetH2-1_6 Pin=P1-30
Removed Pin From Net: NetName=NetH2-1_9 Pin=P1-31
Removed Pin From Net: NetName=NetH2-1_10 Pin=P1-32
Removed Pin From Net: NetName=NetH2-1_11 Pin=P1-34
Removed Pin From Net: NetName=NetH2-1_12 Pin=P1-35
Removed Pin From Net: NetName=NetH2-1_2 Pin=P1-37
Removed Pin From Net: NetName=NetH2-1_14 Pin=P1-38
Removed Pin From Net: NetName=NetH2-1_16 Pin=P1-39
Removed Pin From Net: NetName=NetH2-1_18 Pin=P1-40
Removed Pin From Net: NetName=NetH2-1_19 Pin=P1-41
Removed Pin From Net: NetName=NetH2-1_20 Pin=P1-44
Removed Pin From Net: NetName=NetH2-1_21 Pin=P1-45
Removed Pin From Net: NetName=NetH1-1_22 Pin=P1-47
Added Pin To Net: NetName=NetH2-1_11 Pin=P1-7
Added Pin To Net: NetName=NetH2-1_21 Pin=P1-8
Added Pin To Net: NetName=NetH2-1_9 Pin=P1-9
Added Pin To Net: NetName=NetH2-1_19 Pin=P1-10
Added Pin To Net: NetName=NetH2-1_5 Pin=P1-11
Added Pin To Net: NetName=NetH2-1_2 Pin=P1-12
Added Pin To Net: NetName=NetH2-1_3 Pin=P1-13
Added Pin To Net: NetName=NetH2-1_20 Pin=P1-14
Added Pin To Net: NetName=NetH2-1_1 Pin=P1-15
Added Pin To Net: NetName=NetH2-1_18 Pin=P1-16
Added Pin To Net: NetName=NetH2-1_10 Pin=P1-17
Added Pin To Net: NetName=NetH2-1_16 Pin=P1-18
Added Pin To Net: NetName=NetH2-1_6 Pin=P1-19
Added Pin To Net: NetName=NetH2-1_14 Pin=P1-20
Added Pin To Net: NetName=NetH2-1_4 Pin=P1-21
Added Pin To Net: NetName=NetH2-1_12 Pin=P1-22
Added Pin To Net: NetName=NetH1-1_9 Pin=P1-26
Added Pin To Net: NetName=NetH1-1_7 Pin=P1-27
Added Pin To Net: NetName=NetH1-1_11 Pin=P1-28
Added Pin To Net: NetName=NetH1-1_8 Pin=P1-29
Added Pin To Net: NetName=NetH1-1_13 Pin=P1-30
Added Pin To Net: NetName=NetH1-1_14 Pin=P1-31
Added Pin To Net: NetName=NetH1-1_15 Pin=P1-32
Added Pin To Net: NetName=NetH1-1_16 Pin=P1-33
Added Pin To Net: NetName=NetH1-1_17 Pin=P1-34
Added Pin To Net: NetName=NetH1-1_18 Pin=P1-35
Added Pin To Net: NetName=NetH1-1_20 Pin=P1-37
Added Pin To Net: NetName=NetH1-1_19 Pin=P1-38
Added Pin To Net: NetName=NetH1-1_22 Pin=P1-39
Added Pin To Net: NetName=NetH1-1_23 Pin=P1-40
Added Pin To Net: NetName=NetH1-1_24 Pin=P1-41
Added Pin To Net: NetName=NetH1-1_25 Pin=P1-44
Added Pin To Net: NetName=NetH1-1_26 Pin=P1-45
Added Pin To Net: NetName=NetH1-2_2 Pin=P1-47
Added Pin To Net: NetName=NetH1-2_1 Pin=H1-2-1
Added Pin To Net: NetName=NetH1-2_1 Pin=P1-46
Added Net: Name=NetH1-2_1
Added Pin To Net: NetName=NetH1-2_15 Pin=H1-2-15
Added Pin To Net: NetName=NetH1-2_15 Pin=P2-25
Added Net: Name=NetH1-2_15
Added Pin To Net: NetName=NetH1-2_17 Pin=H1-2-17
Added Pin To Net: NetName=NetH1-2_17 Pin=P2-23
Added Net: Name=NetH1-2_17
Added Pin To Net: NetName=NetH2-2_4 Pin=H2-2-4
Added Pin To Net: NetName=NetH2-2_4 Pin=P2-5
Added Net: Name=NetH2-2_4
Added Pin To Net: NetName=NetH2-2_6 Pin=H2-2-6
Added Pin To Net: NetName=NetH2-2_6 Pin=P2-7
Added Net: Name=NetH2-2_6
Added Pin To Net: NetName=NetH2-2_8 Pin=H2-2-8
Added Pin To Net: NetName=NetH2-2_8 Pin=P2-9
Added Net: Name=NetH2-2_8
Added Pin To Net: NetName=NetH2-2_10 Pin=H2-2-10
Added Pin To Net: NetName=NetH2-2_10 Pin=P2-11
Added Net: Name=NetH2-2_10
Added Pin To Net: NetName=NetH2-2_12 Pin=H2-2-12
Added Pin To Net: NetName=NetH2-2_12 Pin=P2-17
Added Net: Name=NetH2-2_12
Added Pin To Net: NetName=NetH2-2_14 Pin=H2-2-14
Added Pin To Net: NetName=NetH2-2_14 Pin=P2-19
Added Net: Name=NetH2-2_14
Added Pin To Net: NetName=NetH2-2_16 Pin=H2-2-16
Added Pin To Net: NetName=NetH2-2_16 Pin=P2-21
Added Net: Name=NetH2-2_16
