Added Component: Designator=*(PC-104FOOTPRINT)
Added Component: Designator=*(Solenoids 8Pin Right Angle)
Added Component: Designator=*(Pressure Current Source)
Added Component: Designator=A*(Airborn Nano)
Added Component: Designator=Barrel Jack(KLD-0202)
Added Component: Designator=Cbst(1005)
Added Component: Designator=Ccomp2(01005)
Added Component: Designator=Ccomp(0201)
Added Component: Designator=Cin2(0402)
Added Component: Designator=Cin_2(0603)
Added Component: Designator=Cin(0603)
Added Component: Designator=Cout(1005)
Added Component: Designator=Css(0402)
Added Component: Designator=Cvcc(1608)
Added Component: Designator=D1(SMC)
Added Component: Designator=D1(DO-35)
Added Component: Designator=D2(SMC)
Added Component: Designator=D3(SMC)
Added Component: Designator=D4(SMC)
Added Component: Designator=Dock*(Docking Connector)
Added Component: Designator=FlightSwitch*(RemoverBeforeFlight Switch)
Added Component: Designator=L1(XAL4020)
Added Component: Designator=MicroSwitch*(MicroSwitch_3pin)
Added Component: Designator=PIKSI_UARTA*(Molex Picoblade 5 Pin)
Added Component: Designator=PInstrAmp*(Pressure Instrumentation Amp.)
Added Component: Designator=Q1(TO-92)
Added Component: Designator=Q2(TO-92)
Added Component: Designator=Q3(TO-92)
Added Component: Designator=Q4(TO-92)
Added Component: Designator=R1(0402)
Added Component: Designator=R1(AXIAL-0.5)
Added Component: Designator=R2(0402)
Added Component: Designator=R2(AXIAL-0.5)
Added Component: Designator=R3(0402)
Added Component: Designator=R4(0402)
Added Component: Designator=Rcomp(0402)
Added Component: Designator=Rfbb(0603)
Added Component: Designator=Rfbt(0402)
Added Component: Designator=Rlim(1206)
Added Component: Designator=Rt(1206)
Added Component: Designator=U1(RHL0020A)
Added Component: Designator=USB_B*(USB_B Connector)
Added Pin To Net: NetName=+3.3V Pin=*-0
Added Pin To Net: NetName=+3.3V Pin=*-H2_27
Added Pin To Net: NetName=+3.3V Pin=*-H2_28
Added Net: Name=+3.3V
Added Pin To Net: NetName=+5V Pin=*-H2_25
Added Pin To Net: NetName=+5V Pin=*-H2_26
Added Net: Name=+5V
Added Pin To Net: NetName=0 Pin=Ccomp2-1
Added Pin To Net: NetName=0 Pin=Ccomp-2
Added Pin To Net: NetName=0 Pin=Cin2-2
Added Pin To Net: NetName=0 Pin=Cin-2
Added Pin To Net: NetName=0 Pin=Cin_2-2
Added Pin To Net: NetName=0 Pin=Cout-2
Added Pin To Net: NetName=0 Pin=Css-1
Added Pin To Net: NetName=0 Pin=Cvcc-1
Added Pin To Net: NetName=0 Pin=Rfbb-2
Added Pin To Net: NetName=0 Pin=Rlim-2
Added Pin To Net: NetName=0 Pin=U1-11
Added Pin To Net: NetName=0 Pin=U1-12
Added Pin To Net: NetName=0 Pin=U1-13
Added Pin To Net: NetName=0 Pin=U1-20
Added Pin To Net: NetName=0 Pin=U1-21
Added Net: Name=0
Added Pin To Net: NetName=5 V_IN Pin=*-H1_32
Added Pin To Net: NetName=5 V_IN Pin=Barrel Jack-1
Added Pin To Net: NetName=5 V_IN Pin=Barrel Jack-1A
Added Pin To Net: NetName=5 V_IN Pin=Barrel Jack-1B
Added Net: Name=5 V_IN
Added Pin To Net: NetName=12C-SCL Pin=*-H1_43
Added Net: Name=12C-SCL
Added Pin To Net: NetName=12C-SDA Pin=*-H1_41
Added Net: Name=12C-SDA
Added Pin To Net: NetName=A0 Pin=*-H2_17
Added Net: Name=A0
Added Pin To Net: NetName=A1 Pin=*-H1_13
Added Net: Name=A1
Added Pin To Net: NetName=A4 Pin=*-H1_5
Added Net: Name=A4
Added Pin To Net: NetName=A5 Pin=*-H1_7
Added Net: Name=A5
Added Pin To Net: NetName=A6 Pin=*-H1_9
Added Net: Name=A6
Added Pin To Net: NetName=A7 Pin=*-H1_11
Added Net: Name=A7
Added Pin To Net: NetName=A9 Pin=*-H1_21
Added Net: Name=A9
Added Pin To Net: NetName=A10 Pin=*-H1_23
Added Net: Name=A10
Added Pin To Net: NetName=A13 Pin=*-H1_6
Added Net: Name=A13
Added Pin To Net: NetName=A14 Pin=*-H1_8
Added Net: Name=A14
Added Pin To Net: NetName=A15 Pin=*-H1_14
Added Net: Name=A15
Added Pin To Net: NetName=AGND Pin=*-H2_31
Added Net: Name=AGND
Added Pin To Net: NetName=B0 Pin=*-H2_20
Added Net: Name=B0
Added Pin To Net: NetName=B1 Pin=*-H2_19
Added Net: Name=B1
Added Pin To Net: NetName=B2 Pin=*-H1_18
Added Net: Name=B2
Added Pin To Net: NetName=B3 Pin=*-H1_10
Added Net: Name=B3
Added Pin To Net: NetName=B4 Pin=*-H1_16
Added Net: Name=B4
Added Pin To Net: NetName=B6 Pin=*-H1_1
Added Net: Name=B6
Added Pin To Net: NetName=B9 Pin=*-H1_3
Added Net: Name=B9
Added Pin To Net: NetName=B10 Pin=*-H1_25
Added Net: Name=B10
Added Pin To Net: NetName=B11 Pin=*-H1_27
Added Net: Name=B11
Added Pin To Net: NetName=B14 Pin=*-H1_29
Added Net: Name=B14
Added Pin To Net: NetName=C0 Pin=*-H2_13
Added Pin To Net: NetName=C0 Pin=R1-2
Added Net: Name=C0
Added Pin To Net: NetName=C1 Pin=*-H2_14
Added Pin To Net: NetName=C1 Pin=R2-1
Added Net: Name=C1
Added Pin To Net: NetName=C2 Pin=*-H2_15
Added Pin To Net: NetName=C2 Pin=R3-1
Added Net: Name=C2
Added Pin To Net: NetName=C3 Pin=*-H2_16
Added Pin To Net: NetName=C3 Pin=R4-1
Added Net: Name=C3
Added Pin To Net: NetName=C4 Pin=*-H2_18
Added Net: Name=C4
Added Pin To Net: NetName=C6 Pin=*-H1_33
Added Net: Name=C6
Added Pin To Net: NetName=C7 Pin=*-H1_35
Added Net: Name=C7
Added Pin To Net: NetName=C8 Pin=*-H1_37
Added Net: Name=C8
Added Pin To Net: NetName=C10 Pin=*-H1_15
Added Net: Name=C10
Added Pin To Net: NetName=C12 Pin=*-H1_17
Added Net: Name=C12
Added Pin To Net: NetName=D2 Pin=*-H1_19
Added Net: Name=D2
Added Pin To Net: NetName=D11 Pin=*-H1_31
Added Net: Name=D11
Added Pin To Net: NetName=D12 Pin=*-H1_34
Added Net: Name=D12
Added Pin To Net: NetName=D13 Pin=*-H1_36
Added Net: Name=D13
Added Pin To Net: NetName=D14 Pin=*-H1_38
Added Net: Name=D14
Added Pin To Net: NetName=D15 Pin=*-H1_40
Added Net: Name=D15
Added Pin To Net: NetName=DGND Pin=Q1-3
Added Pin To Net: NetName=DGND Pin=Q2-3
Added Pin To Net: NetName=DGND Pin=Q3-3
Added Pin To Net: NetName=DGND Pin=Q4-3
Added Net: Name=DGND
Added Pin To Net: NetName=E0 Pin=*-H1_42
Added Net: Name=E0
Added Pin To Net: NetName=E1 Pin=*-H1_44
Added Net: Name=E1
Added Pin To Net: NetName=E9 Pin=*-H1_12
Added Net: Name=E9
Added Pin To Net: NetName=E10 Pin=*-H1_20
Added Net: Name=E10
Added Pin To Net: NetName=E11 Pin=*-H1_22
Added Net: Name=E11
Added Pin To Net: NetName=E12 Pin=*-H1_24
Added Net: Name=E12
Added Pin To Net: NetName=E13 Pin=*-H1_26
Added Net: Name=E13
Added Pin To Net: NetName=E14 Pin=*-H1_28
Added Pin To Net: NetName=E14 Pin=*-H1_39
Added Net: Name=E14
Added Pin To Net: NetName=E15 Pin=*-H1_30
Added Pin To Net: NetName=E15 Pin=*-H1_45
Added Net: Name=E15
Added Pin To Net: NetName=EPS RX Pin=*-H2_36
Added Net: Name=EPS RX
Added Pin To Net: NetName=EPS TX Pin=*-H2_38
Added Net: Name=EPS TX
Added Pin To Net: NetName=GND Pin=*-H2_29
Added Pin To Net: NetName=GND Pin=*-H2_30
Added Pin To Net: NetName=GND Pin=*-H2_32
Added Pin To Net: NetName=GND Pin=Barrel Jack-2
Added Pin To Net: NetName=GND Pin=Barrel Jack-2A
Added Pin To Net: NetName=GND Pin=Barrel Jack-2B
Added Pin To Net: NetName=GND Pin=Barrel Jack-3
Added Pin To Net: NetName=GND Pin=Barrel Jack-3A
Added Pin To Net: NetName=GND Pin=Barrel Jack-3B
Added Net: Name=GND
Added Pin To Net: NetName=H0 Pin=*-H1_2
Added Net: Name=H0
Added Pin To Net: NetName=H1 Pin=*-H1_4
Added Net: Name=H1
Added Pin To Net: NetName=Net*_1 Pin=*-1
Added Pin To Net: NetName=Net*_1 Pin=R1-2
Added Pin To Net: NetName=Net*_1 Pin=R2-2
Added Net: Name=Net*_1
Added Pin To Net: NetName=Net*_2 Pin=*-2
Added Pin To Net: NetName=Net*_2 Pin=D1-1
Added Pin To Net: NetName=Net*_2 Pin=R1-1
Added Net: Name=Net*_2
Added Pin To Net: NetName=NetCbst_1 Pin=Cbst-1
Added Pin To Net: NetName=NetCbst_1 Pin=L1-2
Added Pin To Net: NetName=NetCbst_1 Pin=Rt-1
Added Pin To Net: NetName=NetCbst_1 Pin=U1-4
Added Pin To Net: NetName=NetCbst_1 Pin=U1-5
Added Pin To Net: NetName=NetCbst_1 Pin=U1-6
Added Pin To Net: NetName=NetCbst_1 Pin=U1-7
Added Net: Name=NetCbst_1
Added Pin To Net: NetName=NetCbst_2 Pin=Cbst-2
Added Pin To Net: NetName=NetCbst_2 Pin=U1-8
Added Net: Name=NetCbst_2
Added Pin To Net: NetName=NetCcomp2_2 Pin=Ccomp2-2
Added Pin To Net: NetName=NetCcomp2_2 Pin=Rcomp-1
Added Pin To Net: NetName=NetCcomp2_2 Pin=U1-18
Added Net: Name=NetCcomp2_2
Added Pin To Net: NetName=NetCcomp_1 Pin=Ccomp-1
Added Pin To Net: NetName=NetCcomp_1 Pin=Rcomp-2
Added Net: Name=NetCcomp_1
Added Pin To Net: NetName=NetCout_1 Pin=Cout-1
Added Pin To Net: NetName=NetCout_1 Pin=D1-2
Added Pin To Net: NetName=NetCout_1 Pin=D2-2
Added Pin To Net: NetName=NetCout_1 Pin=D3-2
Added Pin To Net: NetName=NetCout_1 Pin=D4-2
Added Pin To Net: NetName=NetCout_1 Pin=Rfbt-1
Added Pin To Net: NetName=NetCout_1 Pin=U1-14
Added Pin To Net: NetName=NetCout_1 Pin=U1-15
Added Pin To Net: NetName=NetCout_1 Pin=U1-16
Added Net: Name=NetCout_1
Added Pin To Net: NetName=NetCss_2 Pin=Css-2
Added Pin To Net: NetName=NetCss_2 Pin=U1-10
Added Net: Name=NetCss_2
Added Pin To Net: NetName=NetCvcc_2 Pin=Cvcc-2
Added Pin To Net: NetName=NetCvcc_2 Pin=U1-1
Added Pin To Net: NetName=NetCvcc_2 Pin=U1-2
Added Net: Name=NetCvcc_2
Added Pin To Net: NetName=NetD1_1 Pin=D1-1
Added Pin To Net: NetName=NetD1_1 Pin=Q1-1
Added Net: Name=NetD1_1
Added Pin To Net: NetName=NetD1_2 Pin=D1-2
Added Pin To Net: NetName=NetD1_2 Pin=R2-1
Added Net: Name=NetD1_2
Added Pin To Net: NetName=NetD2_1 Pin=D2-1
Added Pin To Net: NetName=NetD2_1 Pin=Q2-1
Added Net: Name=NetD2_1
Added Pin To Net: NetName=NetD3_1 Pin=D3-1
Added Pin To Net: NetName=NetD3_1 Pin=Q3-1
Added Net: Name=NetD3_1
Added Pin To Net: NetName=NetD4_1 Pin=D4-1
Added Pin To Net: NetName=NetD4_1 Pin=Q4-1
Added Net: Name=NetD4_1
Added Pin To Net: NetName=NetQ1_2 Pin=Q1-2
Added Pin To Net: NetName=NetQ1_2 Pin=R1-1
Added Net: Name=NetQ1_2
Added Pin To Net: NetName=NetQ2_2 Pin=Q2-2
Added Pin To Net: NetName=NetQ2_2 Pin=R2-2
Added Net: Name=NetQ2_2
Added Pin To Net: NetName=NetQ3_2 Pin=Q3-2
Added Pin To Net: NetName=NetQ3_2 Pin=R3-2
Added Net: Name=NetQ3_2
Added Pin To Net: NetName=NetQ4_2 Pin=Q4-2
Added Pin To Net: NetName=NetQ4_2 Pin=R4-2
Added Net: Name=NetQ4_2
Added Pin To Net: NetName=NetRfbb_1 Pin=Rfbb-1
Added Pin To Net: NetName=NetRfbb_1 Pin=Rfbt-2
Added Pin To Net: NetName=NetRfbb_1 Pin=U1-17
Added Net: Name=NetRfbb_1
Added Pin To Net: NetName=NetRlim_1 Pin=Rlim-1
Added Pin To Net: NetName=NetRlim_1 Pin=U1-19
Added Net: Name=NetRlim_1
Added Pin To Net: NetName=NetRt_2 Pin=Rt-2
Added Pin To Net: NetName=NetRt_2 Pin=U1-3
Added Net: Name=NetRt_2
Added Pin To Net: NetName=OUT-1 Pin=*-H1_47
Added Net: Name=OUT-1
Added Pin To Net: NetName=OUT-2 Pin=*-H1_48
Added Net: Name=OUT-2
Added Pin To Net: NetName=OUT-3 Pin=*-H1_49
Added Net: Name=OUT-3
Added Pin To Net: NetName=OUT-4 Pin=*-H1_50
Added Net: Name=OUT-4
Added Pin To Net: NetName=OUT-5 Pin=*-H1_51
Added Net: Name=OUT-5
Added Pin To Net: NetName=OUT-6 Pin=*-H1_52
Added Net: Name=OUT-6
Added Pin To Net: NetName=P1_1 Pin=*-H2_1
Added Net: Name=P1_1
Added Pin To Net: NetName=P1_2 Pin=*-H2_2
Added Net: Name=P1_2
Added Pin To Net: NetName=P1_3 Pin=*-H2_3
Added Net: Name=P1_3
Added Pin To Net: NetName=P1_4 Pin=*-H2_4
Added Net: Name=P1_4
Added Pin To Net: NetName=P1_6 Pin=*-H2_5
Added Net: Name=P1_6
Added Pin To Net: NetName=P1_49 Pin=*-H2_49
Added Net: Name=P1_49
Added Pin To Net: NetName=P1_50 Pin=*-H2_50
Added Net: Name=P1_50
Added Pin To Net: NetName=P2_1 Pin=*-H2_7
Added Net: Name=P2_1
Added Pin To Net: NetName=P2_2 Pin=*-H2_8
Added Net: Name=P2_2
Added Pin To Net: NetName=P2_3 Pin=*-H2_9
Added Net: Name=P2_3
Added Pin To Net: NetName=P2_4 Pin=*-H2_10
Added Net: Name=P2_4
Added Pin To Net: NetName=P2_5 Pin=*-H2_11
Added Net: Name=P2_5
Added Pin To Net: NetName=P2_6 Pin=*-H2_12
Added Net: Name=P2_6
Added Pin To Net: NetName=P2_49 Pin=*-H2_51
Added Net: Name=P2_49
Added Pin To Net: NetName=P2_50 Pin=*-H2_52
Added Net: Name=P2_50
Added Pin To Net: NetName=V_BAT Pin=*-H2_45
Added Pin To Net: NetName=V_BAT Pin=*-H2_46
Added Pin To Net: NetName=V_BAT Pin=Cin2-1
Added Pin To Net: NetName=V_BAT Pin=Cin-1
Added Pin To Net: NetName=V_BAT Pin=Cin_2-1
Added Pin To Net: NetName=V_BAT Pin=L1-1
Added Pin To Net: NetName=V_BAT Pin=U1-9
Added Net: Name=V_BAT
Added Class: Name=BoostConverter
Added Class: Name=CurrentSource
Added Class: Name=SolSwitch
Added Class: Name=TopSheet
Added Class: Name=Umbilical104
Added Room: Name=BoostConverter
Added Room: Name=CurrentSource
Added Room: Name=SolSwitch
Added Room: Name=TopSheet
Added Room: Name=Umbilical104
