Removed Pin From Net: NetName=V- Pin=CurrentSource-0
Removed Pin From Net: NetName=V- Pin=CurrentSource-1
Removed Pin From Net: NetName=I2C_SDA Pin=Docking-21
Removed Pin From Net: NetName=I2C_SDA Pin=Docking-23
Removed Pin From Net: NetName=I2C_SDA Pin=Docking-24
Removed Pin From Net: NetName=I2C_SDA Pin=Docking-25
Removed Pin From Net: NetName=NetPInstrAmp_RG2 Pin=PressureCon-1
Removed Pin From Net: NetName=NetPInstrAmp_RG2 Pin=PressureCon-2
Removed Pin From Net: NetName=NetPInstrAmp_RG2 Pin=PressureCon-3
Removed Pin From Net: NetName=NetPInstrAmp_RG2 Pin=PressureCon-4
Removed Pin From Net: NetName=NetPInstrAmp_RG2 Pin=PressureCon-6
Removed Member From Class: ClassName=Q1_Nets Member=D2_SOL2
Removed Member From Class: ClassName=Q2_Nets Member=D4_SOL4
Removed Member From Class: ClassName=Q3_Nets Member=D6_SOL6
Removed Member From Class: ClassName=Q4_Nets Member=D8_SOL8
Added Pin To Net: NetName=GPS-3V3 Pin=CurrentSource-0
Added Pin To Net: NetName=NetCurrentSource_1 Pin=CurrentSource-1
Added Pin To Net: NetName=SPI_SS Pin=Docking-21
Added Pin To Net: NetName=I2C_SCL Pin=Docking-23
Added Pin To Net: NetName=NetPInstrAmp_-IN Pin=PressureCon-1
Added Pin To Net: NetName=GPS-3V3 Pin=PressureCon-2
Added Pin To Net: NetName=NetD9_2 Pin=PressureCon-3
Added Pin To Net: NetName=NetPInstrAmp_+IN Pin=PressureCon-4
Added Pin To Net: NetName=NetPInstrAmp_RG1 Pin=PressureCon-6
Change Net Name : Old Net Name=D2_SOL2 New Net Name=Q1_SOL2
Change Net Name : Old Net Name=D4_SOL4 New Net Name=Q2_SOL4
Change Net Name : Old Net Name=D6_SOL6 New Net Name=Q3_SOL6
Change Net Name : Old Net Name=D8_SOL8 New Net Name=Q4_SOL8
Added Pin To Net: NetName=SWITCH_NO Pin=FlightSwitch-2
Added Net: Name=SWITCH_NO
Added Member To Class: ClassName=Solenoid_Nets Member=Wire D1_SOL1
Added Member To Class: ClassName=Solenoid_Nets Member=Wire D3_SOL3
Added Member To Class: ClassName=Solenoid_Nets Member=Wire D5_SOL5
Added Member To Class: ClassName=Solenoid_Nets Member=Wire D7_SOL7
Added Member To Class: ClassName=Q1_Nets Member=Wire Q1_SOL2
Added Member To Class: ClassName=Solenoid_Nets Member=Wire Q1_SOL2
Added Member To Class: ClassName=Q2_Nets Member=Wire Q2_SOL4
Added Member To Class: ClassName=Solenoid_Nets Member=Wire Q2_SOL4
Added Member To Class: ClassName=Q3_Nets Member=Wire Q3_SOL6
Added Member To Class: ClassName=Solenoid_Nets Member=Wire Q3_SOL6
Added Member To Class: ClassName=Q4_Nets Member=Wire Q4_SOL8
Added Member To Class: ClassName=Solenoid_Nets Member=Wire Q4_SOL8
Added Member To Class: ClassName=FlightSwitch_Nets Member=Wire SWITCH_NO
