Removed Pin From Net: NetName=+3.3V Pin=CurrentSource-1
Removed Pin From Net: NetName=+3.3V Pin=CurrentSource-2
Removed Pin From Net: NetName=+3.3V Pin=PressureCon-1
Removed Pin From Net: NetName=+3.3V Pin=PressureCon-3
Removed Pin From Net: NetName=+3.3V Pin=PressureCon-4
Removed Pin From Net: NetName=+3.3V Pin=PressureCon-5
Removed Pin From Net: NetName=+3.3V Pin=PressureCon-6
Removed Member From Class: ClassName=Docking_Nets Member=P1_1
Removed Member From Class: ClassName=PC-104_Nets Member=P1_1
Removed Member From Class: ClassName=Cin2_Nets Member=V_BAT
Removed Member From Class: ClassName=Cin_2_Nets Member=V_BAT
Removed Member From Class: ClassName=Cin_Nets Member=V_BAT
Removed Member From Class: ClassName=Docking_Nets Member=V_BAT
Removed Member From Class: ClassName=L1_Nets Member=V_BAT
Removed Member From Class: ClassName=PC-104_Nets Member=V_BAT
Removed Member From Class: ClassName=U1_Nets Member=V_BAT
Added Pin To Net: NetName=NetCurrentSource_1 Pin=CurrentSource-1
Added Pin To Net: NetName=NetCurrentSource_2 Pin=CurrentSource-2
Added Pin To Net: NetName=A4 Pin=Docking-21
Added Pin To Net: NetName=B9 Pin=Docking-22
Added Pin To Net: NetName=B6 Pin=Docking-23
Added Pin To Net: NetName=NetPInstrAmp_-IN Pin=PressureCon-1
Added Pin To Net: NetName=NetD9_2 Pin=PressureCon-3
Added Pin To Net: NetName=NetPInstrAmp_+IN Pin=PressureCon-4
Added Pin To Net: NetName=NetPInstrAmp_RG2 Pin=PressureCon-5
Added Pin To Net: NetName=NetPInstrAmp_RG1 Pin=PressureCon-6
Change Net Name : Old Net Name=P1_1 New Net Name=GND_STM
Change Net Name : Old Net Name=V_BAT New Net Name=BAT_GOM
Added Member To Class: ClassName=Cin2_Nets Member=Wire BAT_GOM
Added Member To Class: ClassName=Cin_2_Nets Member=Wire BAT_GOM
Added Member To Class: ClassName=Cin_Nets Member=Wire BAT_GOM
Added Member To Class: ClassName=Docking_Nets Member=Wire BAT_GOM
Added Member To Class: ClassName=L1_Nets Member=Wire BAT_GOM
Added Member To Class: ClassName=PC-104_Nets Member=Wire BAT_GOM
Added Member To Class: ClassName=U1_Nets Member=Wire BAT_GOM
Added Member To Class: ClassName=Docking_Nets Member=Wire GND_STM
Added Member To Class: ClassName=PC-104_Nets Member=Wire GND_STM
