Removed Pin From Net: NetName=NetCurrentSource_2 Pin=CurrentSource-0
Removed Pin From Net: NetName=NetCurrentSource_2 Pin=CurrentSource-1
Removed Pin From Net: NetName=A4 Pin=Docking-22
Removed Pin From Net: NetName=A4 Pin=Docking-23
Removed Pin From Net: NetName=A4 Pin=Docking-24
Removed Pin From Net: NetName=A4 Pin=Docking-25
Removed Pin From Net: NetName=NetPInstrAmp_-IN Pin=PressureCon-2
Removed Pin From Net: NetName=NetPInstrAmp_-IN Pin=PressureCon-3
Removed Pin From Net: NetName=NetPInstrAmp_-IN Pin=PressureCon-4
Removed Pin From Net: NetName=NetPInstrAmp_-IN Pin=PressureCon-5
Removed Pin From Net: NetName=NetPInstrAmp_-IN Pin=PressureCon-6
Removed Member From Class: ClassName=Cout_Nets Member=NetCout_1
Removed Member From Class: ClassName=D1_Nets Member=NetCout_1
Removed Member From Class: ClassName=D2_Nets Member=NetCout_1
Removed Member From Class: ClassName=D3_Nets Member=NetCout_1
Removed Member From Class: ClassName=D4_Nets Member=NetCout_1
Removed Member From Class: ClassName=Docking_Nets Member=NetCout_1
Removed Member From Class: ClassName=Rfbt_Nets Member=NetCout_1
Removed Member From Class: ClassName=U1_Nets Member=NetCout_1
Change Component Comment : Designator=XACT Old Comment=XACT_J1 Connector New Comment=XACT
Added Pin To Net: NetName=+3.3V Pin=CurrentSource-0
Added Pin To Net: NetName=NetCurrentSource_1 Pin=CurrentSource-1
Added Pin To Net: NetName=B9 Pin=Docking-22
Added Pin To Net: NetName=B6 Pin=Docking-23
Added Pin To Net: NetName=+3.3V Pin=PressureCon-2
Added Pin To Net: NetName=NetD9_2 Pin=PressureCon-3
Added Pin To Net: NetName=NetPInstrAmp_+IN Pin=PressureCon-4
Added Pin To Net: NetName=NetPInstrAmp_RG2 Pin=PressureCon-5
Added Pin To Net: NetName=NetPInstrAmp_RG1 Pin=PressureCon-6
Change Net Name : Old Net Name=NetCout_1 New Net Name=+V BUS VOLTAGE
Added Member To Class: ClassName=Cout_Nets Member=Wire +V BUS VOLTAGE
Added Member To Class: ClassName=D1_Nets Member=Wire +V BUS VOLTAGE
Added Member To Class: ClassName=D2_Nets Member=Wire +V BUS VOLTAGE
Added Member To Class: ClassName=D3_Nets Member=Wire +V BUS VOLTAGE
Added Member To Class: ClassName=D4_Nets Member=Wire +V BUS VOLTAGE
Added Member To Class: ClassName=Docking_Nets Member=Wire +V BUS VOLTAGE
Added Member To Class: ClassName=Rfbt_Nets Member=Wire +V BUS VOLTAGE
Added Member To Class: ClassName=U1_Nets Member=Wire +V BUS VOLTAGE
