Removed Pin From Net: NetName=NetCurrentSource_2 Pin=CurrentSource-0
Removed Pin From Net: NetName=NetCurrentSource_2 Pin=CurrentSource-1
Removed Pin From Net: NetName=NetCout_1 Pin=Docking-4
Removed Pin From Net: NetName=NetCout_1 Pin=Docking-5
Removed Pin From Net: NetName=NetCout_1 Pin=Docking-6
Removed Pin From Net: NetName=NetCout_1 Pin=Docking-7
Removed Pin From Net: NetName=NetCout_1 Pin=Docking-8
Removed Pin From Net: NetName=NetCout_1 Pin=Docking-9
Removed Pin From Net: NetName=NetCout_1 Pin=Docking-10
Removed Pin From Net: NetName=NetCout_1 Pin=Docking-11
Removed Pin From Net: NetName=NetCout_1 Pin=Docking-12
Removed Pin From Net: NetName=NetCout_1 Pin=Docking-13
Removed Pin From Net: NetName=NetCout_1 Pin=Docking-14
Removed Pin From Net: NetName=NetCout_1 Pin=Docking-15
Removed Pin From Net: NetName=NetCout_1 Pin=Docking-16
Removed Pin From Net: NetName=NetCout_1 Pin=Docking-17
Removed Pin From Net: NetName=NetCout_1 Pin=Docking-18
Removed Pin From Net: NetName=NetCout_1 Pin=Docking-19
Removed Pin From Net: NetName=NetCout_1 Pin=Docking-20
Removed Pin From Net: NetName=NetCout_1 Pin=Docking-21
Removed Pin From Net: NetName=NetCout_1 Pin=Docking-22
Removed Pin From Net: NetName=NetCout_1 Pin=Docking-23
Removed Pin From Net: NetName=NetCout_1 Pin=Docking-24
Removed Pin From Net: NetName=NetCout_1 Pin=Docking-25
Added Pin To Net: NetName=+3.3V Pin=CurrentSource-0
Added Pin To Net: NetName=NetCurrentSource_1 Pin=CurrentSource-1
Added Pin To Net: NetName=POWER_GND Pin=Docking-5
Added Pin To Net: NetName=POWER_GND Pin=Docking-6
Added Pin To Net: NetName=+5V Pin=Docking-7
Added Pin To Net: NetName=+5V Pin=Docking-8
Added Pin To Net: NetName=GND Pin=Docking-9
Added Pin To Net: NetName=GND Pin=Docking-10
Added Pin To Net: NetName=GND Pin=Docking-11
Added Pin To Net: NetName=V_BAT Pin=Docking-13
Added Pin To Net: NetName=B11 Pin=Docking-15
Added Pin To Net: NetName=B10 Pin=Docking-16
Added Pin To Net: NetName=P1_1 Pin=Docking-17
Added Pin To Net: NetName=A6 Pin=Docking-18
Added Pin To Net: NetName=A7 Pin=Docking-19
Added Pin To Net: NetName=A5 Pin=Docking-20
Added Pin To Net: NetName=A4 Pin=Docking-21
Added Pin To Net: NetName=B9 Pin=Docking-22
Added Pin To Net: NetName=B6 Pin=Docking-23
