Removed Pin From Net: NetName=V- Pin=CurrentSource-0
Removed Pin From Net: NetName=V- Pin=CurrentSource-1
Removed Pin From Net: NetName=I2C_SDA Pin=Docking-21
Removed Pin From Net: NetName=I2C_SDA Pin=Docking-23
Removed Pin From Net: NetName=I2C_SDA Pin=Docking-24
Removed Pin From Net: NetName=I2C_SDA Pin=Docking-25
Removed Pin From Net: NetName=NetPInstrAmp_RG2 Pin=PressureCon-1
Removed Pin From Net: NetName=NetPInstrAmp_RG2 Pin=PressureCon-2
Removed Pin From Net: NetName=NetPInstrAmp_RG2 Pin=PressureCon-3
Removed Pin From Net: NetName=NetPInstrAmp_RG2 Pin=PressureCon-4
Removed Pin From Net: NetName=NetPInstrAmp_RG2 Pin=PressureCon-6
Added Pin To Net: NetName=GPS-3V3 Pin=CurrentSource-0
Added Pin To Net: NetName=NetCurrentSource_1 Pin=CurrentSource-1
Added Pin To Net: NetName=SPI_SS Pin=Docking-21
Added Pin To Net: NetName=I2C_SCL Pin=Docking-23
Added Pin To Net: NetName=NetPInstrAmp_-IN Pin=PressureCon-1
Added Pin To Net: NetName=GPS-3V3 Pin=PressureCon-2
Added Pin To Net: NetName=NetD9_2 Pin=PressureCon-3
Added Pin To Net: NetName=NetPInstrAmp_+IN Pin=PressureCon-4
Added Pin To Net: NetName=NetPInstrAmp_RG1 Pin=PressureCon-6
Added Pin To Net: NetName=D1_SOL1 Pin=D1-2
Added Net: Name=D1_SOL1
Added Pin To Net: NetName=D2_SOL2 Pin=Q1-1
Added Net: Name=D2_SOL2
Added Pin To Net: NetName=D3_SOL3 Pin=D2-2
Added Net: Name=D3_SOL3
Added Pin To Net: NetName=D4_SOL4 Pin=Q2-1
Added Net: Name=D4_SOL4
Added Pin To Net: NetName=D5_SOL5 Pin=D3-2
Added Net: Name=D5_SOL5
Added Pin To Net: NetName=D6_SOL6 Pin=Q3-1
Added Net: Name=D6_SOL6
Added Pin To Net: NetName=D7_SOL7 Pin=D4-2
Added Net: Name=D7_SOL7
Added Pin To Net: NetName=D8_SOL8 Pin=Q4-1
Added Net: Name=D8_SOL8
Added Member To Class: ClassName=D1_Nets Member=Wire D1_SOL1
Added Member To Class: ClassName=Q1_Nets Member=Wire D2_SOL2
Added Member To Class: ClassName=D2_Nets Member=Wire D3_SOL3
Added Member To Class: ClassName=Q2_Nets Member=Wire D4_SOL4
Added Member To Class: ClassName=D3_Nets Member=Wire D5_SOL5
Added Member To Class: ClassName=Q3_Nets Member=Wire D6_SOL6
Added Member To Class: ClassName=D4_Nets Member=Wire D7_SOL7
Added Member To Class: ClassName=Q4_Nets Member=Wire D8_SOL8
