Removed Pin From Net: NetName=NetCurrentSource_2 Pin=CurrentSource-0
Removed Pin From Net: NetName=NetCurrentSource_2 Pin=CurrentSource-1
Removed Pin From Net: NetName=B6 Pin=Docking-21
Removed Pin From Net: NetName=B6 Pin=Docking-22
Removed Pin From Net: NetName=B6 Pin=Docking-24
Removed Pin From Net: NetName=B6 Pin=Docking-25
Removed Member From Class: ClassName=SolSwitch Member=D9
Removed Member From Class: ClassName=D1_Nets Member=NetD6_2
Added Pin To Net: NetName=+3.3V Pin=CurrentSource-0
Added Pin To Net: NetName=NetCurrentSource_1 Pin=CurrentSource-1
Added Pin To Net: NetName=A4 Pin=Docking-21
Added Pin To Net: NetName=B9 Pin=Docking-22
Added Pin To Net: NetName=+3.3V Pin=PressureCon-2
Added Pin To Net: NetName=NetD9_2 Pin=PressureCon-3
Added Pin To Net: NetName=NetPInstrAmp_+IN Pin=PInstrAmp-+IN
Added Pin To Net: NetName=NetPInstrAmp_+IN Pin=PressureCon-4
Added Net: Name=NetPInstrAmp_+IN
Added Pin To Net: NetName=NetPInstrAmp_-IN Pin=PInstrAmp--IN
Added Pin To Net: NetName=NetPInstrAmp_-IN Pin=PressureCon-1
Added Net: Name=NetPInstrAmp_-IN
Added Pin To Net: NetName=NetPInstrAmp_RG1 Pin=PInstrAmp-RG1
Added Pin To Net: NetName=NetPInstrAmp_RG1 Pin=PressureCon-6
Added Net: Name=NetPInstrAmp_RG1
Added Pin To Net: NetName=NetPInstrAmp_RG2 Pin=PInstrAmp-RG2
Added Pin To Net: NetName=NetPInstrAmp_RG2 Pin=PressureCon-5
Added Net: Name=NetPInstrAmp_RG2
Added Member To Class: ClassName=SolSwitch Member=Component D5 Diode
Added Member To Class: ClassName=PressureCon_Nets Member=Wire +3.3V
Added Member To Class: ClassName=PressureCon_Nets Member=Wire NetD9_2
Added Member To Class: ClassName=PInstrAmp_Nets Member=Wire NetPInstrAmp_+IN
Added Member To Class: ClassName=PressureCon_Nets Member=Wire NetPInstrAmp_+IN
Added Member To Class: ClassName=PInstrAmp_Nets Member=Wire NetPInstrAmp_-IN
Added Member To Class: ClassName=PressureCon_Nets Member=Wire NetPInstrAmp_-IN
Added Member To Class: ClassName=PInstrAmp_Nets Member=Wire NetPInstrAmp_RG1
Added Member To Class: ClassName=PressureCon_Nets Member=Wire NetPInstrAmp_RG1
Added Member To Class: ClassName=PInstrAmp_Nets Member=Wire NetPInstrAmp_RG2
Added Member To Class: ClassName=PressureCon_Nets Member=Wire NetPInstrAmp_RG2
