Change Component Comment : Designator=PressureCon Old Comment=53048-0210 Molex Picoblade New Comment=PressureConnector
Added Pin To Net: NetName=NetCurrentSource_1 Pin=CurrentSource-1
Added Pin To Net: NetName=V- Pin=CurrentSource-2
Added Pin To Net: NetName=SPI_SS Pin=Docking-21
Added Pin To Net: NetName=I2C_SDA Pin=Docking-22
Added Pin To Net: NetName=NetPInstrAmp_-IN Pin=PressureCon-1
Added Pin To Net: NetName=GPS-3V3 Pin=PressureCon-2
Added Pin To Net: NetName=NetD9_2 Pin=PressureCon-3
Added Pin To Net: NetName=NetPInstrAmp_+IN Pin=PressureCon-4
Added Pin To Net: NetName=NetPInstrAmp_RG2 Pin=PressureCon-5
Added Pin To Net: NetName=NetPInstrAmp_RG1 Pin=PressureCon-6
Change Net Name : Old Net Name=NetD9_2 New Net Name=PCON_3
Change Net Name : Old Net Name=NetPInstrAmp_+IN New Net Name=PCON_4
Change Net Name : Old Net Name=NetPInstrAmp_-IN New Net Name=PCON_1
Change Net Name : Old Net Name=NetPInstrAmp_RG1 New Net Name=PCON_6
Change Net Name : Old Net Name=NetPInstrAmp_RG2 New Net Name=PCON_5
Added Member To Class: ClassName=PressureSensor Member=Component PressureCon PressureConnector
Added Member To Class: ClassName=PInstrAmp_Nets Member=Wire PCON_1
Added Member To Class: ClassName=PressureCon_Nets Member=Wire PCON_1
Added Member To Class: ClassName=D9_Nets Member=Wire PCON_3
Added Member To Class: ClassName=PressureCon_Nets Member=Wire PCON_3
Added Member To Class: ClassName=R6_Nets Member=Wire PCON_3
Added Member To Class: ClassName=PInstrAmp_Nets Member=Wire PCON_4
Added Member To Class: ClassName=PressureCon_Nets Member=Wire PCON_4
Added Member To Class: ClassName=PInstrAmp_Nets Member=Wire PCON_5
Added Member To Class: ClassName=PressureCon_Nets Member=Wire PCON_5
Added Member To Class: ClassName=PInstrAmp_Nets Member=Wire PCON_6
Added Member To Class: ClassName=PressureCon_Nets Member=Wire PCON_6
