Removed Pin From Net: NetName=NetCurrentSource_1 Pin=CurrentSource-0
Removed Pin From Net: NetName=NetCurrentSource_1 Pin=CurrentSource-2
Change Component Comment : Designator=Docking Old Comment= New Comment=Docking Connector
Added Pin To Net: NetName=+3.3V Pin=CurrentSource-0
Added Pin To Net: NetName=V- Pin=CurrentSource-2
Added Pin To Net: NetName=NetDocking_0 Pin=Docking-0
Added Pin To Net: NetName=NetDocking_1 Pin=Docking-1
Added Pin To Net: NetName=NetDocking_2 Pin=Docking-2
Added Pin To Net: NetName=NetDocking_3 Pin=Docking-3
Added Pin To Net: NetName=NetDocking_4 Pin=Docking-4
Added Pin To Net: NetName=NetDocking_5 Pin=Docking-5
Added Pin To Net: NetName=NetDocking_6 Pin=Docking-6
Added Pin To Net: NetName=NetDocking_7 Pin=Docking-7
Added Pin To Net: NetName=NetDocking_8 Pin=Docking-8
Added Pin To Net: NetName=NetDocking_9 Pin=Docking-9
Added Pin To Net: NetName=NetDocking_10 Pin=Docking-10
Added Pin To Net: NetName=NetDocking_11 Pin=Docking-11
Added Pin To Net: NetName=NetDocking_12 Pin=Docking-12
Added Pin To Net: NetName=NetDocking_13 Pin=Docking-13
Added Pin To Net: NetName=NetDocking_14 Pin=Docking-14
Added Pin To Net: NetName=NetDocking_15 Pin=Docking-15
Added Pin To Net: NetName=NetDocking_16 Pin=Docking-16
Added Pin To Net: NetName=NetDocking_17 Pin=Docking-17
Added Pin To Net: NetName=NetDocking_18 Pin=Docking-18
Added Pin To Net: NetName=NetDocking_19 Pin=Docking-19
Added Pin To Net: NetName=NetDocking_20 Pin=Docking-20
Added Pin To Net: NetName=NetDocking_21 Pin=Docking-21
Added Pin To Net: NetName=NetDocking_22 Pin=Docking-22
Added Pin To Net: NetName=NetDocking_23 Pin=Docking-23
Added Member To Class: ClassName=Docking Member=Component Docking Docking Connector
