Change Component Comment : Designator=Docking Old Comment= New Comment=Docking Connector
Added Pin To Net: NetName=+3.3V Pin=CurrentSource-0
Added Pin To Net: NetName=+3.3V Pin=PC-104-H2_27
Added Pin To Net: NetName=+3.3V Pin=PC-104-H2_28
Added Pin To Net: NetName=+3.3V Pin=PInstrAmp-+Vs
Added Net: Name=+3.3V
Added Pin To Net: NetName=+5V Pin=Docking-7
Added Pin To Net: NetName=+5V Pin=Docking-8
Added Pin To Net: NetName=+5V Pin=PC-104-H2_25
Added Pin To Net: NetName=+5V Pin=PC-104-H2_26
Added Net: Name=+5V
Added Pin To Net: NetName=5 V_IN Pin=Barrel Jack-1
Added Pin To Net: NetName=5 V_IN Pin=Barrel Jack-1A
Added Pin To Net: NetName=5 V_IN Pin=Barrel Jack-1B
Added Pin To Net: NetName=5 V_IN Pin=PC-104-H1_32
Added Net: Name=5 V_IN
Added Pin To Net: NetName=12C-SCL Pin=PC-104-H1_43
Added Net: Name=12C-SCL
Added Pin To Net: NetName=12C-SDA Pin=PC-104-H1_41
Added Net: Name=12C-SDA
Added Pin To Net: NetName=A0 Pin=PC-104-H2_17
Added Net: Name=A0
Added Pin To Net: NetName=A1 Pin=DSub-2
Added Pin To Net: NetName=A1 Pin=PC-104-H1_13
Added Net: Name=A1
Added Pin To Net: NetName=A4 Pin=Docking-21
Added Pin To Net: NetName=A4 Pin=PC-104-H1_5
Added Net: Name=A4
Added Pin To Net: NetName=A5 Pin=Docking-20
Added Pin To Net: NetName=A5 Pin=PC-104-H1_7
Added Net: Name=A5
Added Pin To Net: NetName=A6 Pin=Docking-18
Added Pin To Net: NetName=A6 Pin=PC-104-H1_9
Added Net: Name=A6
Added Pin To Net: NetName=A7 Pin=Docking-19
Added Pin To Net: NetName=A7 Pin=PC-104-H1_11
Added Net: Name=A7
Added Pin To Net: NetName=A9 Pin=PC-104-H1_21
Added Net: Name=A9
Added Pin To Net: NetName=A10 Pin=PC-104-H1_23
Added Net: Name=A10
Added Pin To Net: NetName=A13 Pin=PC-104-H1_6
Added Net: Name=A13
Added Pin To Net: NetName=A14 Pin=PC-104-H1_8
Added Net: Name=A14
Added Pin To Net: NetName=A15 Pin=PC-104-H1_14
Added Net: Name=A15
Added Pin To Net: NetName=AGND Pin=PC-104-H2_31
Added Net: Name=AGND
Added Pin To Net: NetName=B0 Pin=PC-104-H2_20
Added Net: Name=B0
Added Pin To Net: NetName=B1 Pin=PC-104-H2_19
Added Net: Name=B1
Added Pin To Net: NetName=B2 Pin=PC-104-H1_18
Added Net: Name=B2
Added Pin To Net: NetName=B3 Pin=PC-104-H1_10
Added Net: Name=B3
Added Pin To Net: NetName=B4 Pin=PC-104-H1_16
Added Net: Name=B4
Added Pin To Net: NetName=B6 Pin=Docking-23
Added Pin To Net: NetName=B6 Pin=PC-104-H1_1
Added Net: Name=B6
Added Pin To Net: NetName=B9 Pin=Docking-22
Added Pin To Net: NetName=B9 Pin=PC-104-H1_3
Added Net: Name=B9
Added Pin To Net: NetName=B10 Pin=Docking-16
Added Pin To Net: NetName=B10 Pin=PC-104-H1_25
Added Net: Name=B10
Added Pin To Net: NetName=B11 Pin=Docking-15
Added Pin To Net: NetName=B11 Pin=PC-104-H1_27
Added Net: Name=B11
Added Pin To Net: NetName=B14 Pin=PC-104-H1_29
Added Net: Name=B14
Added Pin To Net: NetName=C0 Pin=D5-1
Added Pin To Net: NetName=C0 Pin=PC-104-H2_13
Added Net: Name=C0
Added Pin To Net: NetName=C1 Pin=D1-1
Added Pin To Net: NetName=C1 Pin=PC-104-H2_14
Added Net: Name=C1
Added Pin To Net: NetName=C2 Pin=D1-1
Added Pin To Net: NetName=C2 Pin=PC-104-H2_15
Added Net: Name=C2
Added Pin To Net: NetName=C3 Pin=D1-1
Added Pin To Net: NetName=C3 Pin=PC-104-H2_16
Added Net: Name=C3
Added Pin To Net: NetName=C4 Pin=PC-104-H2_18
Added Net: Name=C4
Added Pin To Net: NetName=C6 Pin=PC-104-H1_33
Added Net: Name=C6
Added Pin To Net: NetName=C7 Pin=PC-104-H1_35
Added Net: Name=C7
Added Pin To Net: NetName=C8 Pin=PC-104-H1_37
Added Net: Name=C8
Added Pin To Net: NetName=C10 Pin=DSub-1
Added Pin To Net: NetName=C10 Pin=PC-104-H1_15
Added Net: Name=C10
Added Pin To Net: NetName=C12 Pin=PC-104-H1_17
Added Net: Name=C12
Added Pin To Net: NetName=D2 Pin=PC-104-H1_19
Added Net: Name=D2
Added Pin To Net: NetName=D11 Pin=PC-104-H1_31
Added Net: Name=D11
Added Pin To Net: NetName=D12 Pin=PC-104-H1_34
Added Net: Name=D12
Added Pin To Net: NetName=D13 Pin=PC-104-H1_36
Added Net: Name=D13
Added Pin To Net: NetName=D14 Pin=PC-104-H1_38
Added Net: Name=D14
Added Pin To Net: NetName=D15 Pin=PC-104-H1_40
Added Net: Name=D15
Added Pin To Net: NetName=DGND Pin=Q1-3
Added Pin To Net: NetName=DGND Pin=Q2-3
Added Pin To Net: NetName=DGND Pin=Q3-3
Added Pin To Net: NetName=DGND Pin=Q4-3
Added Net: Name=DGND
Added Pin To Net: NetName=E0 Pin=PC-104-H1_42
Added Net: Name=E0
Added Pin To Net: NetName=E1 Pin=PC-104-H1_44
Added Net: Name=E1
Added Pin To Net: NetName=E9 Pin=PC-104-H1_12
Added Net: Name=E9
Added Pin To Net: NetName=E10 Pin=Docking-0
Added Pin To Net: NetName=E10 Pin=PC-104-H1_20
Added Net: Name=E10
Added Pin To Net: NetName=E11 Pin=PC-104-H1_22
Added Net: Name=E11
Added Pin To Net: NetName=E12 Pin=Docking-1
Added Pin To Net: NetName=E12 Pin=PC-104-H1_24
Added Net: Name=E12
Added Pin To Net: NetName=E13 Pin=Docking-2
Added Pin To Net: NetName=E13 Pin=PC-104-H1_26
Added Net: Name=E13
Added Pin To Net: NetName=E14 Pin=PC-104-H1_28
Added Pin To Net: NetName=E14 Pin=PC-104-H1_39
Added Pin To Net: NetName=E14 Pin=PInstrAmp-Vout
Added Net: Name=E14
Added Pin To Net: NetName=E15 Pin=PC-104-H1_30
Added Pin To Net: NetName=E15 Pin=PC-104-H1_45
Added Net: Name=E15
Added Pin To Net: NetName=EPS RX Pin=PC-104-H2_36
Added Net: Name=EPS RX
Added Pin To Net: NetName=EPS TX Pin=PC-104-H2_38
Added Net: Name=EPS TX
Added Pin To Net: NetName=GND Pin=Barrel Jack-2
Added Pin To Net: NetName=GND Pin=Barrel Jack-2A
Added Pin To Net: NetName=GND Pin=Barrel Jack-2B
Added Pin To Net: NetName=GND Pin=Barrel Jack-3
Added Pin To Net: NetName=GND Pin=Barrel Jack-3A
Added Pin To Net: NetName=GND Pin=Barrel Jack-3B
Added Pin To Net: NetName=GND Pin=Docking-9
Added Pin To Net: NetName=GND Pin=Docking-10
Added Pin To Net: NetName=GND Pin=Docking-11
Added Pin To Net: NetName=GND Pin=FlightSwitch-1
Added Pin To Net: NetName=GND Pin=PC-104-H2_29
Added Pin To Net: NetName=GND Pin=PC-104-H2_30
Added Pin To Net: NetName=GND Pin=PC-104-H2_32
Added Pin To Net: NetName=GND Pin=PInstrAmp--VS
Added Pin To Net: NetName=GND Pin=PInstrAmp-REF
Added Net: Name=GND
Added Pin To Net: NetName=H0 Pin=PC-104-H1_2
Added Net: Name=H0
Added Pin To Net: NetName=H1 Pin=PC-104-H1_4
Added Net: Name=H1
Added Pin To Net: NetName=NetCbst_1 Pin=Cbst-1
Added Pin To Net: NetName=NetCbst_1 Pin=L1-2
Added Pin To Net: NetName=NetCbst_1 Pin=Rt-1
Added Pin To Net: NetName=NetCbst_1 Pin=U1-4
Added Pin To Net: NetName=NetCbst_1 Pin=U1-5
Added Pin To Net: NetName=NetCbst_1 Pin=U1-6
Added Pin To Net: NetName=NetCbst_1 Pin=U1-7
Added Net: Name=NetCbst_1
Added Pin To Net: NetName=NetCbst_2 Pin=Cbst-2
Added Pin To Net: NetName=NetCbst_2 Pin=U1-8
Added Net: Name=NetCbst_2
Added Pin To Net: NetName=NetCcomp2_2 Pin=Ccomp2-2
Added Pin To Net: NetName=NetCcomp2_2 Pin=Rcomp-1
Added Pin To Net: NetName=NetCcomp2_2 Pin=U1-18
Added Net: Name=NetCcomp2_2
Added Pin To Net: NetName=NetCcomp_1 Pin=Ccomp-1
Added Pin To Net: NetName=NetCcomp_1 Pin=Rcomp-2
Added Net: Name=NetCcomp_1
Added Pin To Net: NetName=NetCout_1 Pin=Cout-1
Added Pin To Net: NetName=NetCout_1 Pin=D1-1
Added Pin To Net: NetName=NetCout_1 Pin=D2-1
Added Pin To Net: NetName=NetCout_1 Pin=D3-1
Added Pin To Net: NetName=NetCout_1 Pin=D4-1
Added Pin To Net: NetName=NetCout_1 Pin=Docking-3
Added Pin To Net: NetName=NetCout_1 Pin=Rfbt-1
Added Pin To Net: NetName=NetCout_1 Pin=U1-14
Added Pin To Net: NetName=NetCout_1 Pin=U1-15
Added Pin To Net: NetName=NetCout_1 Pin=U1-16
Added Net: Name=NetCout_1
Added Pin To Net: NetName=NetCss_2 Pin=Css-2
Added Pin To Net: NetName=NetCss_2 Pin=U1-10
Added Net: Name=NetCss_2
Added Pin To Net: NetName=NetCurrentSource_1 Pin=CurrentSource-1
Added Pin To Net: NetName=NetCurrentSource_1 Pin=R5-2
Added Pin To Net: NetName=NetCurrentSource_1 Pin=R6-2
Added Net: Name=NetCurrentSource_1
Added Pin To Net: NetName=NetCurrentSource_2 Pin=CurrentSource-2
Added Pin To Net: NetName=NetCurrentSource_2 Pin=D5-1
Added Pin To Net: NetName=NetCurrentSource_2 Pin=R5-1
Added Net: Name=NetCurrentSource_2
Added Pin To Net: NetName=NetCvcc_2 Pin=Cvcc-2
Added Pin To Net: NetName=NetCvcc_2 Pin=U1-1
Added Pin To Net: NetName=NetCvcc_2 Pin=U1-2
Added Net: Name=NetCvcc_2
Added Pin To Net: NetName=NetD1_2 Pin=D1-2
Added Pin To Net: NetName=NetD1_2 Pin=R2-1
Added Net: Name=NetD1_2
Added Pin To Net: NetName=NetD5_2 Pin=D5-2
Added Pin To Net: NetName=NetD5_2 Pin=R1-1
Added Net: Name=NetD5_2
Added Pin To Net: NetName=NetQ1_2 Pin=Q1-2
Added Pin To Net: NetName=NetQ1_2 Pin=R1-2
Added Net: Name=NetQ1_2
Added Pin To Net: NetName=NetQ2_2 Pin=Q2-2
Added Pin To Net: NetName=NetQ2_2 Pin=R2-2
Added Net: Name=NetQ2_2
Added Pin To Net: NetName=NetQ3_2 Pin=Q3-2
Added Pin To Net: NetName=NetQ3_2 Pin=R3-2
Added Net: Name=NetQ3_2
Added Pin To Net: NetName=NetQ4_2 Pin=Q4-2
Added Pin To Net: NetName=NetQ4_2 Pin=R4-2
Added Net: Name=NetQ4_2
Added Pin To Net: NetName=NetRfbb_1 Pin=Rfbb-1
Added Pin To Net: NetName=NetRfbb_1 Pin=Rfbt-2
Added Pin To Net: NetName=NetRfbb_1 Pin=U1-17
Added Net: Name=NetRfbb_1
Added Pin To Net: NetName=NetRlim_1 Pin=Rlim-1
Added Pin To Net: NetName=NetRlim_1 Pin=U1-19
Added Net: Name=NetRlim_1
Added Pin To Net: NetName=NetRt_2 Pin=Rt-2
Added Pin To Net: NetName=NetRt_2 Pin=U1-3
Added Net: Name=NetRt_2
Added Pin To Net: NetName=OUT-1 Pin=PC-104-H1_47
Added Net: Name=OUT-1
Added Pin To Net: NetName=OUT-2 Pin=PC-104-H1_48
Added Net: Name=OUT-2
Added Pin To Net: NetName=OUT-3 Pin=PC-104-H1_49
Added Net: Name=OUT-3
Added Pin To Net: NetName=OUT-4 Pin=PC-104-H1_50
Added Net: Name=OUT-4
Added Pin To Net: NetName=OUT-5 Pin=PC-104-H1_51
Added Net: Name=OUT-5
Added Pin To Net: NetName=OUT-6 Pin=PC-104-H1_52
Added Net: Name=OUT-6
Added Pin To Net: NetName=P1_1 Pin=Docking-17
Added Pin To Net: NetName=P1_1 Pin=PC-104-H2_1
Added Net: Name=P1_1
Added Pin To Net: NetName=P1_2 Pin=PC-104-H2_2
Added Net: Name=P1_2
Added Pin To Net: NetName=P1_3 Pin=PC-104-H2_3
Added Net: Name=P1_3
Added Pin To Net: NetName=P1_4 Pin=PC-104-H2_4
Added Net: Name=P1_4
Added Pin To Net: NetName=P1_6 Pin=PC-104-H2_5
Added Net: Name=P1_6
Added Pin To Net: NetName=P1_49 Pin=PC-104-H2_49
Added Net: Name=P1_49
Added Pin To Net: NetName=P1_50 Pin=PC-104-H2_50
Added Net: Name=P1_50
Added Pin To Net: NetName=P2_1 Pin=PC-104-H2_7
Added Net: Name=P2_1
Added Pin To Net: NetName=P2_2 Pin=PC-104-H2_8
Added Net: Name=P2_2
Added Pin To Net: NetName=P2_3 Pin=PC-104-H2_9
Added Net: Name=P2_3
Added Pin To Net: NetName=P2_4 Pin=PC-104-H2_10
Added Net: Name=P2_4
Added Pin To Net: NetName=P2_5 Pin=PC-104-H2_11
Added Net: Name=P2_5
Added Pin To Net: NetName=P2_6 Pin=PC-104-H2_12
Added Net: Name=P2_6
Added Pin To Net: NetName=P2_49 Pin=PC-104-H2_51
Added Net: Name=P2_49
Added Pin To Net: NetName=P2_50 Pin=PC-104-H2_52
Added Net: Name=P2_50
Added Pin To Net: NetName=POWER_GND Pin=Ccomp2-1
Added Pin To Net: NetName=POWER_GND Pin=Ccomp-2
Added Pin To Net: NetName=POWER_GND Pin=Cin2-2
Added Pin To Net: NetName=POWER_GND Pin=Cin-2
Added Pin To Net: NetName=POWER_GND Pin=Cin_2-2
Added Pin To Net: NetName=POWER_GND Pin=Cout-2
Added Pin To Net: NetName=POWER_GND Pin=Css-1
Added Pin To Net: NetName=POWER_GND Pin=Cvcc-1
Added Pin To Net: NetName=POWER_GND Pin=Docking-5
Added Pin To Net: NetName=POWER_GND Pin=Docking-6
Added Pin To Net: NetName=POWER_GND Pin=Rfbb-2
Added Pin To Net: NetName=POWER_GND Pin=Rlim-2
Added Pin To Net: NetName=POWER_GND Pin=U1-11
Added Pin To Net: NetName=POWER_GND Pin=U1-12
Added Pin To Net: NetName=POWER_GND Pin=U1-13
Added Pin To Net: NetName=POWER_GND Pin=U1-20
Added Pin To Net: NetName=POWER_GND Pin=U1-21
Added Net: Name=POWER_GND
Added Pin To Net: NetName=V_BAT Pin=Cin2-1
Added Pin To Net: NetName=V_BAT Pin=Cin-1
Added Pin To Net: NetName=V_BAT Pin=Cin_2-1
Added Pin To Net: NetName=V_BAT Pin=Docking-13
Added Pin To Net: NetName=V_BAT Pin=L1-1
Added Pin To Net: NetName=V_BAT Pin=PC-104-H2_45
Added Pin To Net: NetName=V_BAT Pin=PC-104-H2_46
Added Pin To Net: NetName=V_BAT Pin=U1-9
Added Net: Name=V_BAT
Added Member To Class: ClassName=SolSwitch Member=Component D1 Diode
Added Member To Class: ClassName=SolSwitch Member=Component D1 Diode
Added Member To Class: ClassName=SolSwitch Member=Component D1 Diode
Added Member To Class: ClassName=Docking Member=Component Docking Docking Connector
Added Member To Class: ClassName=CurrentSource_Nets Member=Wire +3.3V
Added Member To Class: ClassName=PC-104_Nets Member=Wire +3.3V
Added Member To Class: ClassName=PInstrAmp_Nets Member=Wire +3.3V
Added Member To Class: ClassName=Docking_Nets Member=Wire +5V
Added Member To Class: ClassName=PC-104_Nets Member=Wire +5V
Added Member To Class: ClassName=Barrel Jack_Nets Member=Wire 5 V_IN
Added Member To Class: ClassName=PC-104_Nets Member=Wire 5 V_IN
Added Member To Class: ClassName=PC-104_Nets Member=Wire 12C-SCL
Added Member To Class: ClassName=PC-104_Nets Member=Wire 12C-SDA
Added Member To Class: ClassName=PC-104_Nets Member=Wire A0
Added Member To Class: ClassName=Dsub_Nets Member=Wire A1
Added Member To Class: ClassName=PC-104_Nets Member=Wire A1
Added Member To Class: ClassName=Docking_Nets Member=Wire A4
Added Member To Class: ClassName=PC-104_Nets Member=Wire A4
Added Member To Class: ClassName=Docking_Nets Member=Wire A5
Added Member To Class: ClassName=PC-104_Nets Member=Wire A5
Added Member To Class: ClassName=Docking_Nets Member=Wire A6
Added Member To Class: ClassName=PC-104_Nets Member=Wire A6
Added Member To Class: ClassName=Docking_Nets Member=Wire A7
Added Member To Class: ClassName=PC-104_Nets Member=Wire A7
Added Member To Class: ClassName=PC-104_Nets Member=Wire A9
Added Member To Class: ClassName=PC-104_Nets Member=Wire A10
Added Member To Class: ClassName=PC-104_Nets Member=Wire A13
Added Member To Class: ClassName=PC-104_Nets Member=Wire A14
Added Member To Class: ClassName=PC-104_Nets Member=Wire A15
Added Member To Class: ClassName=PC-104_Nets Member=Wire AGND
Added Member To Class: ClassName=PC-104_Nets Member=Wire B0
Added Member To Class: ClassName=PC-104_Nets Member=Wire B1
Added Member To Class: ClassName=PC-104_Nets Member=Wire B2
Added Member To Class: ClassName=PC-104_Nets Member=Wire B3
Added Member To Class: ClassName=PC-104_Nets Member=Wire B4
Added Member To Class: ClassName=Docking_Nets Member=Wire B6
Added Member To Class: ClassName=PC-104_Nets Member=Wire B6
Added Member To Class: ClassName=Docking_Nets Member=Wire B9
Added Member To Class: ClassName=PC-104_Nets Member=Wire B9
Added Member To Class: ClassName=Docking_Nets Member=Wire B10
Added Member To Class: ClassName=PC-104_Nets Member=Wire B10
Added Member To Class: ClassName=Docking_Nets Member=Wire B11
Added Member To Class: ClassName=PC-104_Nets Member=Wire B11
Added Member To Class: ClassName=PC-104_Nets Member=Wire B14
Added Member To Class: ClassName=D5_Nets Member=Wire C0
Added Member To Class: ClassName=PC-104_Nets Member=Wire C0
Added Member To Class: ClassName=D1_Nets Member=Wire C1
Added Member To Class: ClassName=PC-104_Nets Member=Wire C1
Added Member To Class: ClassName=D1_Nets Member=Wire C2
Added Member To Class: ClassName=PC-104_Nets Member=Wire C2
Added Member To Class: ClassName=D1_Nets Member=Wire C3
Added Member To Class: ClassName=PC-104_Nets Member=Wire C3
Added Member To Class: ClassName=PC-104_Nets Member=Wire C4
Added Member To Class: ClassName=PC-104_Nets Member=Wire C6
Added Member To Class: ClassName=PC-104_Nets Member=Wire C7
Added Member To Class: ClassName=PC-104_Nets Member=Wire C8
Added Member To Class: ClassName=Dsub_Nets Member=Wire C10
Added Member To Class: ClassName=PC-104_Nets Member=Wire C10
Added Member To Class: ClassName=PC-104_Nets Member=Wire C12
Added Member To Class: ClassName=PC-104_Nets Member=Wire D2
Added Member To Class: ClassName=PC-104_Nets Member=Wire D11
Added Member To Class: ClassName=PC-104_Nets Member=Wire D12
Added Member To Class: ClassName=PC-104_Nets Member=Wire D13
Added Member To Class: ClassName=PC-104_Nets Member=Wire D14
Added Member To Class: ClassName=PC-104_Nets Member=Wire D15
Added Member To Class: ClassName=Q1_Nets Member=Wire DGND
Added Member To Class: ClassName=Q2_Nets Member=Wire DGND
Added Member To Class: ClassName=Q3_Nets Member=Wire DGND
Added Member To Class: ClassName=Q4_Nets Member=Wire DGND
Added Member To Class: ClassName=PC-104_Nets Member=Wire E0
Added Member To Class: ClassName=PC-104_Nets Member=Wire E1
Added Member To Class: ClassName=PC-104_Nets Member=Wire E9
Added Member To Class: ClassName=Docking_Nets Member=Wire E10
Added Member To Class: ClassName=PC-104_Nets Member=Wire E10
Added Member To Class: ClassName=PC-104_Nets Member=Wire E11
Added Member To Class: ClassName=Docking_Nets Member=Wire E12
Added Member To Class: ClassName=PC-104_Nets Member=Wire E12
Added Member To Class: ClassName=Docking_Nets Member=Wire E13
Added Member To Class: ClassName=PC-104_Nets Member=Wire E13
Added Member To Class: ClassName=PC-104_Nets Member=Wire E14
Added Member To Class: ClassName=PInstrAmp_Nets Member=Wire E14
Added Member To Class: ClassName=PC-104_Nets Member=Wire E15
Added Member To Class: ClassName=PC-104_Nets Member=Wire EPS RX
Added Member To Class: ClassName=PC-104_Nets Member=Wire EPS TX
Added Member To Class: ClassName=Barrel Jack_Nets Member=Wire GND
Added Member To Class: ClassName=Docking_Nets Member=Wire GND
Added Member To Class: ClassName=FlightSwitch_Nets Member=Wire GND
Added Member To Class: ClassName=PC-104_Nets Member=Wire GND
Added Member To Class: ClassName=PInstrAmp_Nets Member=Wire GND
Added Member To Class: ClassName=PC-104_Nets Member=Wire H0
Added Member To Class: ClassName=PC-104_Nets Member=Wire H1
Added Member To Class: ClassName=Cbst_Nets Member=Wire NetCbst_1
Added Member To Class: ClassName=L1_Nets Member=Wire NetCbst_1
Added Member To Class: ClassName=Rt_Nets Member=Wire NetCbst_1
Added Member To Class: ClassName=U1_Nets Member=Wire NetCbst_1
Added Member To Class: ClassName=Cbst_Nets Member=Wire NetCbst_2
Added Member To Class: ClassName=U1_Nets Member=Wire NetCbst_2
Added Member To Class: ClassName=Ccomp2_Nets Member=Wire NetCcomp2_2
Added Member To Class: ClassName=Rcomp_Nets Member=Wire NetCcomp2_2
Added Member To Class: ClassName=U1_Nets Member=Wire NetCcomp2_2
Added Member To Class: ClassName=Ccomp_Nets Member=Wire NetCcomp_1
Added Member To Class: ClassName=Rcomp_Nets Member=Wire NetCcomp_1
Added Member To Class: ClassName=Cout_Nets Member=Wire NetCout_1
Added Member To Class: ClassName=D1_Nets Member=Wire NetCout_1
Added Member To Class: ClassName=D2_Nets Member=Wire NetCout_1
Added Member To Class: ClassName=D3_Nets Member=Wire NetCout_1
Added Member To Class: ClassName=D4_Nets Member=Wire NetCout_1
Added Member To Class: ClassName=Docking_Nets Member=Wire NetCout_1
Added Member To Class: ClassName=Rfbt_Nets Member=Wire NetCout_1
Added Member To Class: ClassName=U1_Nets Member=Wire NetCout_1
Added Member To Class: ClassName=Css_Nets Member=Wire NetCss_2
Added Member To Class: ClassName=U1_Nets Member=Wire NetCss_2
Added Member To Class: ClassName=CurrentSource_Nets Member=Wire NetCurrentSource_1
Added Member To Class: ClassName=R5_Nets Member=Wire NetCurrentSource_1
Added Member To Class: ClassName=R6_Nets Member=Wire NetCurrentSource_1
Added Member To Class: ClassName=CurrentSource_Nets Member=Wire NetCurrentSource_2
Added Member To Class: ClassName=D5_Nets Member=Wire NetCurrentSource_2
Added Member To Class: ClassName=R5_Nets Member=Wire NetCurrentSource_2
Added Member To Class: ClassName=Cvcc_Nets Member=Wire NetCvcc_2
Added Member To Class: ClassName=U1_Nets Member=Wire NetCvcc_2
Added Member To Class: ClassName=D1_Nets Member=Wire NetD1_2
Added Member To Class: ClassName=R2_Nets Member=Wire NetD1_2
Added Member To Class: ClassName=R3_Nets Member=Wire NetD1_2
Added Member To Class: ClassName=R4_Nets Member=Wire NetD1_2
Added Member To Class: ClassName=D5_Nets Member=Wire NetD5_2
Added Member To Class: ClassName=R1_Nets Member=Wire NetD5_2
Added Member To Class: ClassName=R6_Nets Member=Wire NetD5_2
Added Member To Class: ClassName=Q1_Nets Member=Wire NetQ1_2
Added Member To Class: ClassName=R1_Nets Member=Wire NetQ1_2
Added Member To Class: ClassName=Q2_Nets Member=Wire NetQ2_2
Added Member To Class: ClassName=R2_Nets Member=Wire NetQ2_2
Added Member To Class: ClassName=Q3_Nets Member=Wire NetQ3_2
Added Member To Class: ClassName=R3_Nets Member=Wire NetQ3_2
Added Member To Class: ClassName=Q4_Nets Member=Wire NetQ4_2
Added Member To Class: ClassName=R4_Nets Member=Wire NetQ4_2
Added Member To Class: ClassName=Rfbb_Nets Member=Wire NetRfbb_1
Added Member To Class: ClassName=Rfbt_Nets Member=Wire NetRfbb_1
Added Member To Class: ClassName=U1_Nets Member=Wire NetRfbb_1
Added Member To Class: ClassName=Rlim_Nets Member=Wire NetRlim_1
Added Member To Class: ClassName=U1_Nets Member=Wire NetRlim_1
Added Member To Class: ClassName=Rt_Nets Member=Wire NetRt_2
Added Member To Class: ClassName=U1_Nets Member=Wire NetRt_2
Added Member To Class: ClassName=PC-104_Nets Member=Wire OUT-1
Added Member To Class: ClassName=PC-104_Nets Member=Wire OUT-2
Added Member To Class: ClassName=PC-104_Nets Member=Wire OUT-3
Added Member To Class: ClassName=PC-104_Nets Member=Wire OUT-4
Added Member To Class: ClassName=PC-104_Nets Member=Wire OUT-5
Added Member To Class: ClassName=PC-104_Nets Member=Wire OUT-6
Added Member To Class: ClassName=Docking_Nets Member=Wire P1_1
Added Member To Class: ClassName=PC-104_Nets Member=Wire P1_1
Added Member To Class: ClassName=PC-104_Nets Member=Wire P1_2
Added Member To Class: ClassName=PC-104_Nets Member=Wire P1_3
Added Member To Class: ClassName=PC-104_Nets Member=Wire P1_4
Added Member To Class: ClassName=PC-104_Nets Member=Wire P1_6
Added Member To Class: ClassName=PC-104_Nets Member=Wire P1_49
Added Member To Class: ClassName=PC-104_Nets Member=Wire P1_50
Added Member To Class: ClassName=PC-104_Nets Member=Wire P2_1
Added Member To Class: ClassName=PC-104_Nets Member=Wire P2_2
Added Member To Class: ClassName=PC-104_Nets Member=Wire P2_3
Added Member To Class: ClassName=PC-104_Nets Member=Wire P2_4
Added Member To Class: ClassName=PC-104_Nets Member=Wire P2_5
Added Member To Class: ClassName=PC-104_Nets Member=Wire P2_6
Added Member To Class: ClassName=PC-104_Nets Member=Wire P2_49
Added Member To Class: ClassName=PC-104_Nets Member=Wire P2_50
Added Member To Class: ClassName=Ccomp2_Nets Member=Wire POWER_GND
Added Member To Class: ClassName=Ccomp_Nets Member=Wire POWER_GND
Added Member To Class: ClassName=Cin2_Nets Member=Wire POWER_GND
Added Member To Class: ClassName=Cin_2_Nets Member=Wire POWER_GND
Added Member To Class: ClassName=Cin_Nets Member=Wire POWER_GND
Added Member To Class: ClassName=Cout_Nets Member=Wire POWER_GND
Added Member To Class: ClassName=Css_Nets Member=Wire POWER_GND
Added Member To Class: ClassName=Cvcc_Nets Member=Wire POWER_GND
Added Member To Class: ClassName=Docking_Nets Member=Wire POWER_GND
Added Member To Class: ClassName=Rfbb_Nets Member=Wire POWER_GND
Added Member To Class: ClassName=Rlim_Nets Member=Wire POWER_GND
Added Member To Class: ClassName=U1_Nets Member=Wire POWER_GND
Added Member To Class: ClassName=Cin2_Nets Member=Wire V_BAT
Added Member To Class: ClassName=Cin_2_Nets Member=Wire V_BAT
Added Member To Class: ClassName=Cin_Nets Member=Wire V_BAT
Added Member To Class: ClassName=Docking_Nets Member=Wire V_BAT
Added Member To Class: ClassName=L1_Nets Member=Wire V_BAT
Added Member To Class: ClassName=PC-104_Nets Member=Wire V_BAT
Added Member To Class: ClassName=U1_Nets Member=Wire V_BAT
