Removed Pin From Net: NetName=+3.3V Pin=CurrentSource-1
Removed Pin From Net: NetName=+3.3V Pin=CurrentSource-2
Removed Pin From Net: NetName=+3.3V Pin=PressureCon-1
Removed Pin From Net: NetName=+3.3V Pin=PressureCon-3
Removed Pin From Net: NetName=+3.3V Pin=PressureCon-4
Removed Pin From Net: NetName=+3.3V Pin=PressureCon-5
Removed Pin From Net: NetName=+3.3V Pin=PressureCon-6
Change Component Comment : Designator=Solenoid Old Comment=SolenoidConnector New Comment=Solenoid
Added Component: Designator=PIKSI_UARTA(Molex Picoblade 5 Pin)
Added Pin To Net: NetName=NetCurrentSource_1 Pin=CurrentSource-1
Added Pin To Net: NetName=NetCurrentSource_2 Pin=CurrentSource-2
Added Pin To Net: NetName=A4 Pin=Docking-21
Added Pin To Net: NetName=B9 Pin=Docking-22
Added Pin To Net: NetName=B6 Pin=Docking-23
Added Pin To Net: NetName=NetPInstrAmp_-IN Pin=PressureCon-1
Added Pin To Net: NetName=NetD9_2 Pin=PressureCon-3
Added Pin To Net: NetName=NetPInstrAmp_+IN Pin=PressureCon-4
Added Pin To Net: NetName=NetPInstrAmp_RG2 Pin=PressureCon-5
Added Pin To Net: NetName=NetPInstrAmp_RG1 Pin=PressureCon-6
Added Member To Class: ClassName=PIKSI_UARTA Member=Component PIKSI_UARTA PIKSI_UARTA Connector
