Removed Pin From Net: NetName=+3.3V Pin=CurrentSource-1
Removed Pin From Net: NetName=+3.3V Pin=CurrentSource-2
Change Component Comment : Designator=Docking Old Comment=53048-0210 Molex Picoblade New Comment=Docking Connector
Change Component Comment : Designator=PIKSI_UARTA Old Comment=53048-0210 Molex Picoblade New Comment=PIKSI_UARTA Connector
Change Component Comment : Designator=PressureCon Old Comment=53048-0210 Molex Picoblade New Comment=PressureConnector
Change Component Comment : Designator=PInstrAmp Old Comment=53048-0210 Molex Picoblade New Comment=Pressure Instrumentation Amp.
Change Component Comment : Designator=Solenoid Old Comment=53048-0210 Molex Picoblade New Comment=SolenoidConnector
Added Pin To Net: NetName=NetCurrentSource_1 Pin=CurrentSource-1
Added Pin To Net: NetName=V- Pin=CurrentSource-2
Added Pin To Net: NetName=NetDocking_0 Pin=Docking-0
Added Pin To Net: NetName=NetDocking_1 Pin=Docking-1
Added Pin To Net: NetName=NetDocking_2 Pin=Docking-2
Added Pin To Net: NetName=NetDocking_3 Pin=Docking-3
Added Pin To Net: NetName=NetDocking_4 Pin=Docking-4
Added Pin To Net: NetName=NetDocking_5 Pin=Docking-5
Added Pin To Net: NetName=NetDocking_6 Pin=Docking-6
Added Pin To Net: NetName=NetDocking_7 Pin=Docking-7
Added Pin To Net: NetName=NetDocking_8 Pin=Docking-8
Added Pin To Net: NetName=NetDocking_9 Pin=Docking-9
Added Pin To Net: NetName=NetDocking_10 Pin=Docking-10
Added Pin To Net: NetName=NetDocking_11 Pin=Docking-11
Added Pin To Net: NetName=NetDocking_12 Pin=Docking-12
Added Pin To Net: NetName=NetDocking_13 Pin=Docking-13
Added Pin To Net: NetName=NetDocking_14 Pin=Docking-14
Added Pin To Net: NetName=NetDocking_15 Pin=Docking-15
Added Pin To Net: NetName=NetDocking_16 Pin=Docking-16
Added Pin To Net: NetName=NetDocking_17 Pin=Docking-17
Added Pin To Net: NetName=NetDocking_18 Pin=Docking-18
Added Pin To Net: NetName=NetDocking_19 Pin=Docking-19
Added Pin To Net: NetName=NetDocking_20 Pin=Docking-20
Added Pin To Net: NetName=NetDocking_21 Pin=Docking-21
Added Pin To Net: NetName=NetDocking_22 Pin=Docking-22
Added Pin To Net: NetName=NetDocking_23 Pin=Docking-23
Added Pin To Net: NetName=NetPIKSI_UARTA_0 Pin=PIKSI_UARTA-0
Added Pin To Net: NetName=NetPIKSI_UARTA_1 Pin=PIKSI_UARTA-1
Added Pin To Net: NetName=NetPIKSI_UARTA_2 Pin=PIKSI_UARTA-2
Added Pin To Net: NetName=NetPIKSI_UARTA_3 Pin=PIKSI_UARTA-3
Added Pin To Net: NetName=NetPIKSI_UARTA_4 Pin=PIKSI_UARTA-4
Added Pin To Net: NetName=NetPInstrAmp_+IN Pin=PInstrAmp-+IN
Added Pin To Net: NetName=+3.3V Pin=PInstrAmp-+Vs
Added Pin To Net: NetName=NetPInstrAmp_-IN Pin=PInstrAmp--IN
Added Pin To Net: NetName=GND Pin=PInstrAmp--VS
Added Pin To Net: NetName=GND Pin=PInstrAmp-REF
Added Pin To Net: NetName=NetPInstrAmp_RG1 Pin=PInstrAmp-RG1
Added Pin To Net: NetName=NetPInstrAmp_RG2 Pin=PInstrAmp-RG2
Added Pin To Net: NetName=E14 Pin=PInstrAmp-Vout
Added Pin To Net: NetName=NetPressureCon_1 Pin=PressureCon-1
Added Pin To Net: NetName=NetPressureCon_2 Pin=PressureCon-2
Added Pin To Net: NetName=NetPressureCon_3 Pin=PressureCon-3
Added Pin To Net: NetName=NetPressureCon_4 Pin=PressureCon-4
Added Pin To Net: NetName=NetPressureCon_5 Pin=PressureCon-5
Added Pin To Net: NetName=NetPressureCon_6 Pin=PressureCon-6
Added Pin To Net: NetName=NetSolenoid_Sol1_12V Pin=Solenoid-Sol1_12V
Added Pin To Net: NetName=NetSolenoid_Sol1_NPN Pin=Solenoid-Sol1_NPN
Added Pin To Net: NetName=NetSolenoid_Sol2_12V Pin=Solenoid-Sol2_12V
Added Pin To Net: NetName=NetSolenoid_Sol2_NPN Pin=Solenoid-Sol2_NPN
Added Pin To Net: NetName=NetSolenoid_Sol3_12V Pin=Solenoid-Sol3_12V
Added Pin To Net: NetName=NetSolenoid_Sol3_NPN Pin=Solenoid-Sol3_NPN
Added Pin To Net: NetName=NetSolenoid_Sol4_12V Pin=Solenoid-Sol4_12V
Added Pin To Net: NetName=NetSolenoid_Sol4_NPN Pin=Solenoid-Sol4_NPN
Added Member To Class: ClassName=Docking Member=Component Docking Docking Connector
Added Member To Class: ClassName=Designator Member=Component PIKSI_UARTA PIKSI_UARTA Connector
Added Member To Class: ClassName=PressureSensor Member=Component PInstrAmp Pressure Instrumentation Amp.
Added Member To Class: ClassName=PressureSensor Member=Component PressureCon PressureConnector
Added Member To Class: ClassName=SolSwitch Member=Component Solenoid SolenoidConnector
